0.4169 	WARNING 	Speech-to-text recognition module not available (use command `pip install SpeechRecognition` to get it. Transcription will be unavailable.
6.9325 	EXP 	Created window1 = Window(allowGUI=False, allowStencil=False, autoLog=True, backendConf=UNKNOWN, bitsMode=UNKNOWN, blendMode='avg', bpc=(8, 8, 8), color=array([-1, -1, -1]), colorSpace='rgb', depthBits=8, fullscr=<method-wrapper '__getattribute__' of attributeSetter object at 0x00000187B03AE710>, gamma=None, gammaErrorPolicy='raise', lms=UNKNOWN, monitor=<psychopy.monitors.calibTools.Monitor object at 0x00000187B1918320>, multiSample=False, name='window1', numSamples=2, pos=[1120.0, 420.0], screen=0, size=array([1200,  600]), stencilBits=0, stereo=False, units='height', useFBO=True, useRetina=False, viewOri=0.0, viewPos=None, viewScale=None, waitBlanking=True, winType='pyglet')
6.9326 	EXP 	window1: mouseVisible = True
6.9326 	EXP 	window1: recordFrameIntervals = False
7.1063 	EXP 	window1: recordFrameIntervals = True
7.2806 	EXP 	window1: recordFrameIntervals = False
8.2455 	EXP 	Created expStartText = TextStim(__class__=<class 'psychopy.visual.text.TextStim'>, alignHoriz=method-wrapper(...), alignText='center', alignVert=method-wrapper(...), anchorHoriz='center', anchorVert='center', antialias=True, autoLog=True, bold=False, color=array([1., 1., 1.]), colorSpace='rgb', contrast=1.0, depth=0.0, flipHoriz=False, flipVert=False, font='Open Sans', fontFiles=[], height=0.025, italic=False, languageStyle='LTR', name='expStartText', opacity=1, ori=0.0, pos=array([0., 0.]), rgb=UNKNOWN, text='Press space to begin', units='height', win=Window(...), wrapWidth=1)
8.2508 	EXP 	Created blockStartText = TextStim(__class__=<class 'psychopy.visual.text.TextStim'>, alignHoriz=method-wrapper(...), alignText='center', alignVert=method-wrapper(...), anchorHoriz='center', anchorVert='center', antialias=True, autoLog=True, bold=False, color=array([1., 1., 1.]), colorSpace='rgb', contrast=1.0, depth=0.0, flipHoriz=False, flipVert=False, font='Open Sans', fontFiles=[], height=0.025, italic=False, languageStyle='LTR', name='blockStartText', opacity=1, ori=0.0, pos=array([0., 0.]), rgb=UNKNOWN, text='Block 1 of 1\nPress space to begin', units='height', win=Window(...), wrapWidth=1)
8.2530 	EXP 	Created visCueText = TextStim(__class__=<class 'psychopy.visual.text.TextStim'>, alignHoriz=method-wrapper(...), alignText='center', alignVert=method-wrapper(...), anchorHoriz='center', anchorVert='center', antialias=True, autoLog=True, bold=False, color=array([1., 1., 1.]), colorSpace='rgb', contrast=1.0, depth=0.0, flipHoriz=False, flipVert=False, font='Open Sans', fontFiles=[], height=0.025, italic=False, languageStyle='LTR', name='visCueText', opacity=1, ori=0.0, pos=array([0., 0.]), rgb=UNKNOWN, text='Test', units='height', win=Window(...), wrapWidth=1)
8.2580 	EXP 	Created fixDot = ShapeStim(__class__=<class 'psychopy.visual.shape.ShapeStim'>, autoDraw=False, autoLog=True, closeShape=True, color=method-wrapper(...), colorSpace='rgb', contrast=None, depth=-1.0, fillColor=array([1, 1, 1]), fillColorSpace='rgb', fillRGB=array([1, 1, 1]), interpolate=True, lineColor=array([1., 1., 1.]), lineColorSpace='rgb', lineRGB=array([1, 1, 1]), lineWidth=1.0, name='fixDot', opacity=1, ori=0.0, pos=array([0., 0.]), size=array([0.015, 0.015]), units='height', vertices=ndarray(...), win=Window(...), windingRule=None)
8.2623 	EXP 	Created fixDotBlue = ShapeStim(__class__=<class 'psychopy.visual.shape.ShapeStim'>, autoDraw=False, autoLog=True, closeShape=True, color=method-wrapper(...), colorSpace='rgb', contrast=None, depth=-2.0, fillColor=array([-1, -1,  1]), fillColorSpace='rgb', fillRGB=array([-1, -1,  1]), interpolate=True, lineColor=array([-1., -1.,  1.]), lineColorSpace='rgb', lineRGB=array([-1, -1,  1]), lineWidth=1.0, name='fixDotBlue', opacity=1, ori=0.0, pos=array([0., 0.]), size=array([0.015, 0.015]), units='height', vertices=ndarray(...), win=Window(...), windingRule=None)
8.3215 	EXP 	Sound soundStim set volume 0.000
8.3263 	EXP 	Created blockEndText = TextStim(__class__=<class 'psychopy.visual.text.TextStim'>, alignHoriz=method-wrapper(...), alignText='center', alignVert=method-wrapper(...), anchorHoriz='center', anchorVert='center', antialias=True, autoLog=True, bold=False, color=array([1., 1., 1.]), colorSpace='rgb', contrast=1.0, depth=0.0, flipHoriz=False, flipVert=False, font='Open Sans', fontFiles=[], height=0.025, italic=False, languageStyle='LTR', name='blockEndText', opacity=1, ori=0.0, pos=array([0., 0.]), rgb=UNKNOWN, text=str(...), units='height', win=Window(...), wrapWidth=1)
8.3304 	EXP 	Created expEndText = TextStim(__class__=<class 'psychopy.visual.text.TextStim'>, alignHoriz=method-wrapper(...), alignText='center', alignVert=method-wrapper(...), anchorHoriz='center', anchorVert='center', antialias=True, autoLog=True, bold=False, color=array([1., 1., 1.]), colorSpace='rgb', contrast=1.0, depth=0.0, flipHoriz=False, flipVert=False, font='Open Sans', fontFiles=[], height=0.025, italic=False, languageStyle='LTR', name='expEndText', opacity=1, ori=0.0, pos=array([0., 0.]), rgb=UNKNOWN, text='End of experiment! \nPlease stay seated.', units='height', win=Window(...), wrapWidth=1)
8.4111 	EXP 	expStartText: autoDraw = True
9.1505 	DATA 	Mouse: Left button down, pos=(848,357)
9.2658 	DATA 	Mouse:  Left button up, pos=(848,357)
9.9008 	EXP 	Created sequence: sequential, trialTypes=1, nReps=1, seed=None
9.9009 	EXP 	New trial (rep=0, index=0): None
9.9082 	EXP 	Imported C:\Users\Alex\Documents\MATLAB\cmu\stim_v2\trialInfo\StairCase\1.csv as conditions, 32 conditions, 8 params
9.9084 	EXP 	Created sequence: sequential, trialTypes=32, nReps=1, seed=None
9.9108 	DATA 	Keypress: space
9.9139 	EXP 	expStartText: autoDraw = False
19.8863 	EXP 	blockStartText: text = 'Block 1 of 1\n Press space to continue'
19.8863 	EXP 	blockStartText: autoDraw = True
20.2266 	DATA 	Mouse: Left button down, pos=(405,322)
20.3599 	DATA 	Mouse:  Left button up, pos=(405,322)
21.1289 	EXP 	Imported C:\Users\Alex\Documents\MATLAB\cmu\stim_v2\trialInfo\StairCase\1.csv as conditions, 32 conditions, 8 params
21.1291 	EXP 	Created sequence: sequential, trialTypes=32, nReps=1, seed=None
21.1293 	EXP 	New trial (rep=0, index=0): OrderedDict([('iStimSide', 0), ('iTargSide', 1), ('iSideFirst', 0), ('iStim', 1), ('iGen', 0), ('sylTarg', 323), ('sylDist', 232), ('sylCent', 3221)])
21.1366 	DATA 	Keypress: space
21.1546 	EXP 	blockStartText: autoDraw = False
22.1384 	EXP 	visCueText: text = 'Right'
22.1384 	EXP 	visCueText: autoDraw = True
23.1388 	EXP 	visCueText: autoDraw = False
23.1388 	EXP 	fixDot: autoDraw = True
24.1393 	EXP 	Sound soundStim started
24.1907 	DATA 	Mouse: Left button down, pos=(740,362)
24.2906 	DATA 	Mouse:  Left button up, pos=(740,362)
26.9395 	EXP 	Sound soundStim reached end of file
27.9413 	EXP 	fixDot: autoDraw = False
27.9413 	EXP 	fixDotBlue: autoDraw = True
28.4125 	DATA 	Keypress: down
35.9309 	EXP 	New trial (rep=0, index=1): OrderedDict([('iStimSide', 1), ('iTargSide', 0), ('iSideFirst', 0), ('iStim', 1), ('iGen', 0), ('sylTarg', 131), ('sylDist', 213), ('sylCent', 3232)])
35.9459 	EXP 	visCueText: autoDraw = False
35.9459 	EXP 	fixDot: autoDraw = False
35.9459 	EXP 	fixDotBlue: autoDraw = False
36.9304 	EXP 	visCueText: text = 'Left'
36.9304 	EXP 	visCueText: autoDraw = True
37.9287 	EXP 	visCueText: autoDraw = False
37.9287 	EXP 	fixDot: autoDraw = True
38.9300 	EXP 	Sound soundStim started
41.7294 	EXP 	Sound soundStim stopped
42.7316 	EXP 	fixDot: autoDraw = False
42.7316 	EXP 	fixDotBlue: autoDraw = True
50.7210 	EXP 	New trial (rep=0, index=2): OrderedDict([('iStimSide', 1), ('iTargSide', 0), ('iSideFirst', 1), ('iStim', 1), ('iGen', 1), ('sylTarg', 121), ('sylDist', 232), ('sylCent', 2321)])
50.7365 	EXP 	fixDotBlue: autoDraw = False
50.7365 	EXP 	visCueText: autoDraw = False
50.7365 	EXP 	fixDot: autoDraw = False
50.7365 	EXP 	fixDotBlue: autoDraw = False
51.7176 	EXP 	visCueText: text = 'Left'
51.7176 	EXP 	visCueText: autoDraw = True
52.7200 	EXP 	visCueText: autoDraw = False
52.7200 	EXP 	fixDot: autoDraw = True
53.7192 	EXP 	Sound soundStim started
56.5193 	EXP 	Sound soundStim reached end of file
57.5217 	EXP 	fixDot: autoDraw = False
57.5217 	EXP 	fixDotBlue: autoDraw = True
62.9770 	DATA 	Keypress: escape
63.0841 	EXP 	window1: mouseVisible = True
