0.7468 	WARNING 	Speech-to-text recognition module not available (use command `pip install SpeechRecognition` to get it. Transcription will be unavailable.
1.1854 	WARNING 	We strongly recommend you activate the PTB sound engine in PsychoPy prefs as the preferred audio engine. Its timing is vastly superior. Your prefs are currently set to use ['sounddevice', 'PTB', 'pyo', 'pygame'] (in that order).
7.7873 	EXP 	Created window1 = Window(allowGUI=False, allowStencil=False, autoLog=True, backendConf=UNKNOWN, bitsMode=UNKNOWN, blendMode='avg', bpc=(8, 8, 8), color=array([-1, -1, -1]), colorSpace='rgb', depthBits=8, fullscr=<method-wrapper '__getattribute__' of attributeSetter object at 0x00000275ADDC0CC0>, gamma=None, gammaErrorPolicy='raise', lms=UNKNOWN, monitor=<psychopy.monitors.calibTools.Monitor object at 0x00000275ADE32860>, multiSample=False, name='window1', numSamples=2, pos=[1120.0, 420.0], screen=0, size=array([1200,  600]), stencilBits=0, stereo=False, units='height', useFBO=True, useRetina=False, viewOri=0.0, viewPos=None, viewScale=None, waitBlanking=True, winType='pyglet')
7.7874 	EXP 	window1: mouseVisible = True
7.7874 	EXP 	window1: recordFrameIntervals = False
7.9536 	EXP 	window1: recordFrameIntervals = True
8.1370 	EXP 	window1: recordFrameIntervals = False
9.1871 	EXP 	Created expStartText = TextStim(__class__=<class 'psychopy.visual.text.TextStim'>, alignHoriz=method-wrapper(...), alignText='center', alignVert=method-wrapper(...), anchorHoriz='center', anchorVert='center', antialias=True, autoLog=True, bold=False, color=array([1., 1., 1.]), colorSpace='rgb', contrast=1.0, depth=0.0, flipHoriz=False, flipVert=False, font='Open Sans', fontFiles=[], height=0.025, italic=False, languageStyle='LTR', name='expStartText', opacity=1, ori=0.0, pos=array([0., 0.]), rgb=UNKNOWN, text='Press space to begin', units='height', win=Window(...), wrapWidth=1)
9.1929 	EXP 	Created blockStartText = TextStim(__class__=<class 'psychopy.visual.text.TextStim'>, alignHoriz=method-wrapper(...), alignText='center', alignVert=method-wrapper(...), anchorHoriz='center', anchorVert='center', antialias=True, autoLog=True, bold=False, color=array([1., 1., 1.]), colorSpace='rgb', contrast=1.0, depth=0.0, flipHoriz=False, flipVert=False, font='Open Sans', fontFiles=[], height=0.025, italic=False, languageStyle='LTR', name='blockStartText', opacity=1, ori=0.0, pos=array([0., 0.]), rgb=UNKNOWN, text='Block 1 of 1\nPress space to begin', units='height', win=Window(...), wrapWidth=1)
9.1952 	EXP 	Created visCueText = TextStim(__class__=<class 'psychopy.visual.text.TextStim'>, alignHoriz=method-wrapper(...), alignText='center', alignVert=method-wrapper(...), anchorHoriz='center', anchorVert='center', antialias=True, autoLog=True, bold=False, color=array([1., 1., 1.]), colorSpace='rgb', contrast=1.0, depth=0.0, flipHoriz=False, flipVert=False, font='Open Sans', fontFiles=[], height=0.025, italic=False, languageStyle='LTR', name='visCueText', opacity=1, ori=0.0, pos=array([0., 0.]), rgb=UNKNOWN, text='Test', units='height', win=Window(...), wrapWidth=1)
9.2003 	EXP 	Created fixDot = ShapeStim(__class__=<class 'psychopy.visual.shape.ShapeStim'>, autoDraw=False, autoLog=True, closeShape=True, color=method-wrapper(...), colorSpace='rgb', contrast=None, depth=-1.0, fillColor=array([1, 1, 1]), fillColorSpace='rgb', fillRGB=array([1, 1, 1]), interpolate=True, lineColor=array([1., 1., 1.]), lineColorSpace='rgb', lineRGB=array([1, 1, 1]), lineWidth=1.0, name='fixDot', opacity=1, ori=0.0, pos=array([0., 0.]), size=array([0.015, 0.015]), units='height', vertices=ndarray(...), win=Window(...), windingRule=None)
9.2047 	EXP 	Created fixDotBlue = ShapeStim(__class__=<class 'psychopy.visual.shape.ShapeStim'>, autoDraw=False, autoLog=True, closeShape=True, color=method-wrapper(...), colorSpace='rgb', contrast=None, depth=-2.0, fillColor=array([-1, -1,  1]), fillColorSpace='rgb', fillRGB=array([-1, -1,  1]), interpolate=True, lineColor=array([-1., -1.,  1.]), lineColorSpace='rgb', lineRGB=array([-1, -1,  1]), lineWidth=1.0, name='fixDotBlue', opacity=1, ori=0.0, pos=array([0., 0.]), size=array([0.015, 0.015]), units='height', vertices=ndarray(...), win=Window(...), windingRule=None)
9.2127 	EXP 	Sound soundStim set volume 0.000
9.2180 	EXP 	Created blockEndText = TextStim(__class__=<class 'psychopy.visual.text.TextStim'>, alignHoriz=method-wrapper(...), alignText='center', alignVert=method-wrapper(...), anchorHoriz='center', anchorVert='center', antialias=True, autoLog=True, bold=False, color=array([1., 1., 1.]), colorSpace='rgb', contrast=1.0, depth=0.0, flipHoriz=False, flipVert=False, font='Open Sans', fontFiles=[], height=0.025, italic=False, languageStyle='LTR', name='blockEndText', opacity=1, ori=0.0, pos=array([0., 0.]), rgb=UNKNOWN, text=str(...), units='height', win=Window(...), wrapWidth=1)
9.2226 	EXP 	Created expEndText = TextStim(__class__=<class 'psychopy.visual.text.TextStim'>, alignHoriz=method-wrapper(...), alignText='center', alignVert=method-wrapper(...), anchorHoriz='center', anchorVert='center', antialias=True, autoLog=True, bold=False, color=array([1., 1., 1.]), colorSpace='rgb', contrast=1.0, depth=0.0, flipHoriz=False, flipVert=False, font='Open Sans', fontFiles=[], height=0.025, italic=False, languageStyle='LTR', name='expEndText', opacity=1, ori=0.0, pos=array([0., 0.]), rgb=UNKNOWN, text='End of experiment! \nPlease stay seated.', units='height', win=Window(...), wrapWidth=1)
9.2503 	EXP 	expStartText: autoDraw = True
9.8530 	DATA 	Mouse: Left button down, pos=(649,363)
9.9864 	DATA 	Mouse:  Left button up, pos=(649,363)
10.0161 	DATA 	Keypress: space
10.6397 	EXP 	Created sequence: sequential, trialTypes=1, nReps=6, seed=None
10.6398 	EXP 	New trial (rep=0, index=0): None
10.6561 	EXP 	Imported C:\Users\Alex\Documents\MATLAB\cmu\stim_v2\trialInfo\1\1.csv as conditions, 32 conditions, 8 params
10.6563 	EXP 	Created sequence: sequential, trialTypes=32, nReps=32, seed=None
10.7643 	EXP 	window1: mouseVisible = True
0.4069 	WARNING 	Speech-to-text recognition module not available (use command `pip install SpeechRecognition` to get it. Transcription will be unavailable.
0.6863 	WARNING 	We strongly recommend you activate the PTB sound engine in PsychoPy prefs as the preferred audio engine. Its timing is vastly superior. Your prefs are currently set to use ['sounddevice', 'PTB', 'pyo', 'pygame'] (in that order).
3.3060 	EXP 	Created window1 = Window(allowGUI=False, allowStencil=False, autoLog=True, backendConf=UNKNOWN, bitsMode=UNKNOWN, blendMode='avg', bpc=(8, 8, 8), color=array([-1, -1, -1]), colorSpace='rgb', depthBits=8, fullscr=<method-wrapper '__getattribute__' of attributeSetter object at 0x000002BD2D020CC0>, gamma=None, gammaErrorPolicy='raise', lms=UNKNOWN, monitor=<psychopy.monitors.calibTools.Monitor object at 0x000002BD2D054CF8>, multiSample=False, name='window1', numSamples=2, pos=[1120.0, 420.0], screen=0, size=array([1200,  600]), stencilBits=0, stereo=False, units='height', useFBO=True, useRetina=False, viewOri=0.0, viewPos=None, viewScale=None, waitBlanking=True, winType='pyglet')
3.3060 	EXP 	window1: mouseVisible = True
3.3060 	EXP 	window1: recordFrameIntervals = False
3.4724 	EXP 	window1: recordFrameIntervals = True
3.6562 	EXP 	window1: recordFrameIntervals = False
4.6172 	EXP 	Created expStartText = TextStim(__class__=<class 'psychopy.visual.text.TextStim'>, alignHoriz=method-wrapper(...), alignText='center', alignVert=method-wrapper(...), anchorHoriz='center', anchorVert='center', antialias=True, autoLog=True, bold=False, color=array([1., 1., 1.]), colorSpace='rgb', contrast=1.0, depth=0.0, flipHoriz=False, flipVert=False, font='Open Sans', fontFiles=[], height=0.025, italic=False, languageStyle='LTR', name='expStartText', opacity=1, ori=0.0, pos=array([0., 0.]), rgb=UNKNOWN, text='Press space to begin', units='height', win=Window(...), wrapWidth=1)
4.6222 	EXP 	Created blockStartText = TextStim(__class__=<class 'psychopy.visual.text.TextStim'>, alignHoriz=method-wrapper(...), alignText='center', alignVert=method-wrapper(...), anchorHoriz='center', anchorVert='center', antialias=True, autoLog=True, bold=False, color=array([1., 1., 1.]), colorSpace='rgb', contrast=1.0, depth=0.0, flipHoriz=False, flipVert=False, font='Open Sans', fontFiles=[], height=0.025, italic=False, languageStyle='LTR', name='blockStartText', opacity=1, ori=0.0, pos=array([0., 0.]), rgb=UNKNOWN, text='Block 1 of 1\nPress space to begin', units='height', win=Window(...), wrapWidth=1)
4.6246 	EXP 	Created visCueText = TextStim(__class__=<class 'psychopy.visual.text.TextStim'>, alignHoriz=method-wrapper(...), alignText='center', alignVert=method-wrapper(...), anchorHoriz='center', anchorVert='center', antialias=True, autoLog=True, bold=False, color=array([1., 1., 1.]), colorSpace='rgb', contrast=1.0, depth=0.0, flipHoriz=False, flipVert=False, font='Open Sans', fontFiles=[], height=0.025, italic=False, languageStyle='LTR', name='visCueText', opacity=1, ori=0.0, pos=array([0., 0.]), rgb=UNKNOWN, text='Test', units='height', win=Window(...), wrapWidth=1)
4.6295 	EXP 	Created fixDot = ShapeStim(__class__=<class 'psychopy.visual.shape.ShapeStim'>, autoDraw=False, autoLog=True, closeShape=True, color=method-wrapper(...), colorSpace='rgb', contrast=None, depth=-1.0, fillColor=array([1, 1, 1]), fillColorSpace='rgb', fillRGB=array([1, 1, 1]), interpolate=True, lineColor=array([1., 1., 1.]), lineColorSpace='rgb', lineRGB=array([1, 1, 1]), lineWidth=1.0, name='fixDot', opacity=1, ori=0.0, pos=array([0., 0.]), size=array([0.015, 0.015]), units='height', vertices=ndarray(...), win=Window(...), windingRule=None)
4.6338 	EXP 	Created fixDotBlue = ShapeStim(__class__=<class 'psychopy.visual.shape.ShapeStim'>, autoDraw=False, autoLog=True, closeShape=True, color=method-wrapper(...), colorSpace='rgb', contrast=None, depth=-2.0, fillColor=array([-1, -1,  1]), fillColorSpace='rgb', fillRGB=array([-1, -1,  1]), interpolate=True, lineColor=array([-1., -1.,  1.]), lineColorSpace='rgb', lineRGB=array([-1, -1,  1]), lineWidth=1.0, name='fixDotBlue', opacity=1, ori=0.0, pos=array([0., 0.]), size=array([0.015, 0.015]), units='height', vertices=ndarray(...), win=Window(...), windingRule=None)
4.6413 	EXP 	Sound soundStim set volume 0.000
4.6466 	EXP 	Created blockEndText = TextStim(__class__=<class 'psychopy.visual.text.TextStim'>, alignHoriz=method-wrapper(...), alignText='center', alignVert=method-wrapper(...), anchorHoriz='center', anchorVert='center', antialias=True, autoLog=True, bold=False, color=array([1., 1., 1.]), colorSpace='rgb', contrast=1.0, depth=0.0, flipHoriz=False, flipVert=False, font='Open Sans', fontFiles=[], height=0.025, italic=False, languageStyle='LTR', name='blockEndText', opacity=1, ori=0.0, pos=array([0., 0.]), rgb=UNKNOWN, text=str(...), units='height', win=Window(...), wrapWidth=1)
4.6508 	EXP 	Created expEndText = TextStim(__class__=<class 'psychopy.visual.text.TextStim'>, alignHoriz=method-wrapper(...), alignText='center', alignVert=method-wrapper(...), anchorHoriz='center', anchorVert='center', antialias=True, autoLog=True, bold=False, color=array([1., 1., 1.]), colorSpace='rgb', contrast=1.0, depth=0.0, flipHoriz=False, flipVert=False, font='Open Sans', fontFiles=[], height=0.025, italic=False, languageStyle='LTR', name='expEndText', opacity=1, ori=0.0, pos=array([0., 0.]), rgb=UNKNOWN, text='End of experiment! \nPlease stay seated.', units='height', win=Window(...), wrapWidth=1)
4.6907 	EXP 	expStartText: autoDraw = True
5.0638 	DATA 	Mouse: Left button down, pos=(609,333)
5.1606 	DATA 	Mouse:  Left button up, pos=(609,333)
5.1943 	DATA 	Keypress: space
5.7279 	DATA 	Mouse: Left button down, pos=(609,333)
5.8452 	DATA 	Mouse:  Left button up, pos=(609,333)
5.8780 	EXP 	Created sequence: sequential, trialTypes=1, nReps=6, seed=None
5.8782 	EXP 	New trial (rep=0, index=0): None
5.8860 	EXP 	Imported C:\Users\Alex\Documents\MATLAB\cmu\stim_v2\trialInfo\1\1.csv as conditions, 32 conditions, 8 params
5.8863 	EXP 	Created sequence: sequential, trialTypes=32, nReps=32, seed=None
27.9342 	EXP 	window1: mouseVisible = True
