0.4113 	WARNING 	Speech-to-text recognition module not available (use command `pip install SpeechRecognition` to get it. Transcription will be unavailable.
0.6930 	WARNING 	We strongly recommend you activate the PTB sound engine in PsychoPy prefs as the preferred audio engine. Its timing is vastly superior. Your prefs are currently set to use ['sounddevice', 'PTB', 'pyo', 'pygame'] (in that order).
7.6725 	EXP 	Created window1 = Window(allowGUI=False, allowStencil=False, autoLog=True, backendConf=UNKNOWN, bitsMode=UNKNOWN, blendMode='avg', bpc=(8, 8, 8), color=array([-1, -1, -1]), colorSpace='rgb', depthBits=8, fullscr=<method-wrapper '__getattribute__' of attributeSetter object at 0x000001A82D000D30>, gamma=None, gammaErrorPolicy='raise', lms=UNKNOWN, monitor=<psychopy.monitors.calibTools.Monitor object at 0x000001A82D072860>, multiSample=False, name='window1', numSamples=2, pos=[1120.0, 420.0], screen=0, size=array([1200,  600]), stencilBits=0, stereo=False, units='height', useFBO=True, useRetina=False, viewOri=0.0, viewPos=None, viewScale=None, waitBlanking=True, winType='pyglet')
7.6728 	EXP 	window1: mouseVisible = True
7.6728 	EXP 	window1: recordFrameIntervals = False
7.8386 	EXP 	window1: recordFrameIntervals = True
8.1190 	EXP 	window1: recordFrameIntervals = False
9.0767 	EXP 	Created expStartText = TextStim(__class__=<class 'psychopy.visual.text.TextStim'>, alignHoriz=method-wrapper(...), alignText='center', alignVert=method-wrapper(...), anchorHoriz='center', anchorVert='center', antialias=True, autoLog=True, bold=False, color=array([1., 1., 1.]), colorSpace='rgb', contrast=1.0, depth=0.0, flipHoriz=False, flipVert=False, font='Open Sans', fontFiles=[], height=0.025, italic=False, languageStyle='LTR', name='expStartText', opacity=1, ori=0.0, pos=array([0., 0.]), rgb=UNKNOWN, text='Press space to begin', units='height', win=Window(...), wrapWidth=1)
9.0816 	EXP 	Created blockStartText = TextStim(__class__=<class 'psychopy.visual.text.TextStim'>, alignHoriz=method-wrapper(...), alignText='center', alignVert=method-wrapper(...), anchorHoriz='center', anchorVert='center', antialias=True, autoLog=True, bold=False, color=array([1., 1., 1.]), colorSpace='rgb', contrast=1.0, depth=0.0, flipHoriz=False, flipVert=False, font='Open Sans', fontFiles=[], height=0.025, italic=False, languageStyle='LTR', name='blockStartText', opacity=1, ori=0.0, pos=array([0., 0.]), rgb=UNKNOWN, text='Block 1 of 1\nPress space to begin', units='height', win=Window(...), wrapWidth=1)
9.0836 	EXP 	Created visCueText = TextStim(__class__=<class 'psychopy.visual.text.TextStim'>, alignHoriz=method-wrapper(...), alignText='center', alignVert=method-wrapper(...), anchorHoriz='center', anchorVert='center', antialias=True, autoLog=True, bold=False, color=array([1., 1., 1.]), colorSpace='rgb', contrast=1.0, depth=0.0, flipHoriz=False, flipVert=False, font='Open Sans', fontFiles=[], height=0.025, italic=False, languageStyle='LTR', name='visCueText', opacity=1, ori=0.0, pos=array([0., 0.]), rgb=UNKNOWN, text='Test', units='height', win=Window(...), wrapWidth=1)
9.0886 	EXP 	Created fixDot = ShapeStim(__class__=<class 'psychopy.visual.shape.ShapeStim'>, autoDraw=False, autoLog=True, closeShape=True, color=method-wrapper(...), colorSpace='rgb', contrast=None, depth=-1.0, fillColor=array([1, 1, 1]), fillColorSpace='rgb', fillRGB=array([1, 1, 1]), interpolate=True, lineColor=array([1., 1., 1.]), lineColorSpace='rgb', lineRGB=array([1, 1, 1]), lineWidth=1.0, name='fixDot', opacity=1, ori=0.0, pos=array([0., 0.]), size=array([0.015, 0.015]), units='height', vertices=ndarray(...), win=Window(...), windingRule=None)
9.0930 	EXP 	Created fixDotBlue = ShapeStim(__class__=<class 'psychopy.visual.shape.ShapeStim'>, autoDraw=False, autoLog=True, closeShape=True, color=method-wrapper(...), colorSpace='rgb', contrast=None, depth=-2.0, fillColor=array([-1, -1,  1]), fillColorSpace='rgb', fillRGB=array([-1, -1,  1]), interpolate=True, lineColor=array([-1., -1.,  1.]), lineColorSpace='rgb', lineRGB=array([-1, -1,  1]), lineWidth=1.0, name='fixDotBlue', opacity=1, ori=0.0, pos=array([0., 0.]), size=array([0.015, 0.015]), units='height', vertices=ndarray(...), win=Window(...), windingRule=None)
9.1007 	EXP 	Sound soundStim set volume 0.000
9.1057 	EXP 	Created blockEndText = TextStim(__class__=<class 'psychopy.visual.text.TextStim'>, alignHoriz=method-wrapper(...), alignText='center', alignVert=method-wrapper(...), anchorHoriz='center', anchorVert='center', antialias=True, autoLog=True, bold=False, color=array([1., 1., 1.]), colorSpace='rgb', contrast=1.0, depth=0.0, flipHoriz=False, flipVert=False, font='Open Sans', fontFiles=[], height=0.025, italic=False, languageStyle='LTR', name='blockEndText', opacity=1, ori=0.0, pos=array([0., 0.]), rgb=UNKNOWN, text=str(...), units='height', win=Window(...), wrapWidth=1)
9.1102 	EXP 	Created expEndText = TextStim(__class__=<class 'psychopy.visual.text.TextStim'>, alignHoriz=method-wrapper(...), alignText='center', alignVert=method-wrapper(...), anchorHoriz='center', anchorVert='center', antialias=True, autoLog=True, bold=False, color=array([1., 1., 1.]), colorSpace='rgb', contrast=1.0, depth=0.0, flipHoriz=False, flipVert=False, font='Open Sans', fontFiles=[], height=0.025, italic=False, languageStyle='LTR', name='expEndText', opacity=1, ori=0.0, pos=array([0., 0.]), rgb=UNKNOWN, text='End of experiment! \nPlease stay seated.', units='height', win=Window(...), wrapWidth=1)
9.1356 	DATA 	Mouse: Left button down, pos=(556,348)
9.1358 	DATA 	Mouse:  Left button up, pos=(556,348)
9.1527 	EXP 	expStartText: autoDraw = True
9.9390 	DATA 	Keypress: space
10.6066 	EXP 	Created sequence: sequential, trialTypes=1, nReps=6, seed=None
10.6068 	EXP 	New trial (rep=0, index=0): None
10.6146 	EXP 	Imported C:\Users\Alex\Documents\MATLAB\cmu\stim_v2\trialInfo\1\1.csv as conditions, 32 conditions, 8 params
10.6149 	EXP 	Created sequence: sequential, trialTypes=32, nReps=32, seed=None
10.6166 	DATA 	Keypress: space
10.6200 	EXP 	expStartText: autoDraw = False
20.6086 	EXP 	blockStartText: text = 'Block 1 of 6\nPress space to continue'
20.6086 	EXP 	blockStartText: autoDraw = True
21.5300 	DATA 	Keypress: num_1
21.8829 	DATA 	Keypress: space
21.9005 	EXP 	Imported C:\Users\Alex\Documents\MATLAB\cmu\stim_v2\trialInfo\1\1.csv as conditions, 32 conditions, 8 params
21.9007 	EXP 	Created sequence: sequential, trialTypes=32, nReps=32, seed=None
21.9010 	EXP 	New trial (rep=0, index=0): OrderedDict([('iStimSide', 0), ('iTargSide', 1), ('iSideFirst', 1), ('iStim', 1), ('iGen', 1), ('sylTarg', 323), ('sylDist', 231), ('sylCent', 1133)])
21.9093 	EXP 	blockStartText: autoDraw = False
22.8934 	EXP 	visCueText: text = 'Right'
22.8934 	EXP 	visCueText: autoDraw = True
23.8938 	EXP 	visCueText: autoDraw = False
23.8938 	EXP 	fixDot: autoDraw = True
28.6958 	EXP 	fixDot: autoDraw = False
28.6958 	EXP 	fixDotBlue: autoDraw = True
29.1319 	DATA 	Keypress: num_2
29.3166 	DATA 	Keypress: num_1
29.4834 	DATA 	Keypress: num_3
29.6999 	DATA 	Keypress: num_2
29.8833 	DATA 	Keypress: num_1
30.0499 	DATA 	Keypress: num_3
30.2668 	DATA 	Keypress: num_2
30.4502 	DATA 	Keypress: num_1
30.6332 	DATA 	Keypress: num_3
30.8332 	DATA 	Keypress: num_2
31.0336 	DATA 	Keypress: num_1
31.2007 	DATA 	Keypress: num_3
31.4338 	DATA 	Keypress: num_1
31.5842 	DATA 	Keypress: num_3
31.8011 	DATA 	Keypress: num_1
80.0437 	EXP 	window1: mouseVisible = True
