0.4188 	WARNING 	Speech-to-text recognition module not available (use command `pip install SpeechRecognition` to get it. Transcription will be unavailable.
4.0567 	EXP 	Created window1 = Window(allowGUI=False, allowStencil=False, autoLog=True, backendConf=UNKNOWN, bitsMode=UNKNOWN, blendMode='avg', bpc=(8, 8, 8), color=array([-1, -1, -1]), colorSpace='rgb', depthBits=8, fullscr=<method-wrapper '__getattribute__' of attributeSetter object at 0x00000133B421D390>, gamma=None, gammaErrorPolicy='raise', lms=UNKNOWN, monitor=<psychopy.monitors.calibTools.Monitor object at 0x00000133B428FE48>, multiSample=False, name='window1', numSamples=2, pos=[1120.0, 420.0], screen=0, size=array([1200,  600]), stencilBits=0, stereo=False, units='height', useFBO=True, useRetina=False, viewOri=0.0, viewPos=None, viewScale=None, waitBlanking=True, winType='pyglet')
4.0567 	EXP 	window1: mouseVisible = True
4.0567 	EXP 	window1: recordFrameIntervals = False
4.2224 	EXP 	window1: recordFrameIntervals = True
4.4065 	EXP 	window1: recordFrameIntervals = False
5.3749 	EXP 	Created expStartText = TextStim(__class__=<class 'psychopy.visual.text.TextStim'>, alignHoriz=method-wrapper(...), alignText='center', alignVert=method-wrapper(...), anchorHoriz='center', anchorVert='center', antialias=True, autoLog=True, bold=False, color=array([1., 1., 1.]), colorSpace='rgb', contrast=1.0, depth=0.0, flipHoriz=False, flipVert=False, font='Open Sans', fontFiles=[], height=0.025, italic=False, languageStyle='LTR', name='expStartText', opacity=1, ori=0.0, pos=array([0., 0.]), rgb=UNKNOWN, text='Press space to begin', units='height', win=Window(...), wrapWidth=1)
5.3801 	EXP 	Created blockStartText = TextStim(__class__=<class 'psychopy.visual.text.TextStim'>, alignHoriz=method-wrapper(...), alignText='center', alignVert=method-wrapper(...), anchorHoriz='center', anchorVert='center', antialias=True, autoLog=True, bold=False, color=array([1., 1., 1.]), colorSpace='rgb', contrast=1.0, depth=0.0, flipHoriz=False, flipVert=False, font='Open Sans', fontFiles=[], height=0.025, italic=False, languageStyle='LTR', name='blockStartText', opacity=1, ori=0.0, pos=array([0., 0.]), rgb=UNKNOWN, text='Block 1 of 1\nPress space to begin', units='height', win=Window(...), wrapWidth=1)
5.3823 	EXP 	Created visCueText = TextStim(__class__=<class 'psychopy.visual.text.TextStim'>, alignHoriz=method-wrapper(...), alignText='center', alignVert=method-wrapper(...), anchorHoriz='center', anchorVert='center', antialias=True, autoLog=True, bold=False, color=array([1., 1., 1.]), colorSpace='rgb', contrast=1.0, depth=0.0, flipHoriz=False, flipVert=False, font='Open Sans', fontFiles=[], height=0.025, italic=False, languageStyle='LTR', name='visCueText', opacity=1, ori=0.0, pos=array([0., 0.]), rgb=UNKNOWN, text='Test', units='height', win=Window(...), wrapWidth=1)
5.3871 	EXP 	Created fixDot = ShapeStim(__class__=<class 'psychopy.visual.shape.ShapeStim'>, autoDraw=False, autoLog=True, closeShape=True, color=method-wrapper(...), colorSpace='rgb', contrast=None, depth=-1.0, fillColor=array([1, 1, 1]), fillColorSpace='rgb', fillRGB=array([1, 1, 1]), interpolate=True, lineColor=array([1., 1., 1.]), lineColorSpace='rgb', lineRGB=array([1, 1, 1]), lineWidth=1.0, name='fixDot', opacity=1, ori=0.0, pos=array([0., 0.]), size=array([0.015, 0.015]), units='height', vertices=ndarray(...), win=Window(...), windingRule=None)
5.3917 	EXP 	Created fixDotBlue = ShapeStim(__class__=<class 'psychopy.visual.shape.ShapeStim'>, autoDraw=False, autoLog=True, closeShape=True, color=method-wrapper(...), colorSpace='rgb', contrast=None, depth=-2.0, fillColor=array([-1, -1,  1]), fillColorSpace='rgb', fillRGB=array([-1, -1,  1]), interpolate=True, lineColor=array([-1., -1.,  1.]), lineColorSpace='rgb', lineRGB=array([-1, -1,  1]), lineWidth=1.0, name='fixDotBlue', opacity=1, ori=0.0, pos=array([0., 0.]), size=array([0.015, 0.015]), units='height', vertices=ndarray(...), win=Window(...), windingRule=None)
5.4691 	EXP 	Sound soundStim set volume 0.000
5.4739 	EXP 	Created blockEndText = TextStim(__class__=<class 'psychopy.visual.text.TextStim'>, alignHoriz=method-wrapper(...), alignText='center', alignVert=method-wrapper(...), anchorHoriz='center', anchorVert='center', antialias=True, autoLog=True, bold=False, color=array([1., 1., 1.]), colorSpace='rgb', contrast=1.0, depth=0.0, flipHoriz=False, flipVert=False, font='Open Sans', fontFiles=[], height=0.025, italic=False, languageStyle='LTR', name='blockEndText', opacity=1, ori=0.0, pos=array([0., 0.]), rgb=UNKNOWN, text=str(...), units='height', win=Window(...), wrapWidth=1)
5.4781 	EXP 	Created expEndText = TextStim(__class__=<class 'psychopy.visual.text.TextStim'>, alignHoriz=method-wrapper(...), alignText='center', alignVert=method-wrapper(...), anchorHoriz='center', anchorVert='center', antialias=True, autoLog=True, bold=False, color=array([1., 1., 1.]), colorSpace='rgb', contrast=1.0, depth=0.0, flipHoriz=False, flipVert=False, font='Open Sans', fontFiles=[], height=0.025, italic=False, languageStyle='LTR', name='expEndText', opacity=1, ori=0.0, pos=array([0., 0.]), rgb=UNKNOWN, text='End of experiment! \nPlease stay seated.', units='height', win=Window(...), wrapWidth=1)
5.5525 	EXP 	expStartText: autoDraw = True
6.6139 	DATA 	Mouse: Left button down, pos=(942,199)
6.7138 	DATA 	Mouse:  Left button up, pos=(942,199)
7.7930 	EXP 	Created sequence: sequential, trialTypes=1, nReps=6, seed=None
7.7932 	EXP 	New trial (rep=0, index=0): None
7.8003 	EXP 	Imported C:\Users\Alex\Documents\MATLAB\cmu\stim_v2\trialInfo\1\1.csv as conditions, 32 conditions, 8 params
7.8006 	EXP 	Created sequence: sequential, trialTypes=32, nReps=32, seed=None
7.8027 	DATA 	Keypress: space
7.8065 	EXP 	expStartText: autoDraw = False
17.7820 	EXP 	blockStartText: text = 'Block 1 of 6\n Press space to continue'
17.7820 	EXP 	blockStartText: autoDraw = True
22.3207 	EXP 	Imported C:\Users\Alex\Documents\MATLAB\cmu\stim_v2\trialInfo\1\1.csv as conditions, 32 conditions, 8 params
22.3210 	EXP 	Created sequence: sequential, trialTypes=32, nReps=32, seed=None
22.3213 	EXP 	New trial (rep=0, index=0): OrderedDict([('iStimSide', 0), ('iTargSide', 1), ('iSideFirst', 1), ('iStim', 1), ('iGen', 1), ('sylTarg', 323), ('sylDist', 231), ('sylCent', 1133)])
22.3297 	EXP 	blockStartText: autoDraw = False
23.3301 	EXP 	visCueText: text = 'Right'
23.3301 	EXP 	visCueText: autoDraw = True
24.3321 	EXP 	visCueText: autoDraw = False
24.3321 	EXP 	fixDot: autoDraw = True
25.3325 	EXP 	Sound soundStim started
28.1326 	EXP 	Sound soundStim reached end of file
29.1223 	EXP 	fixDotBlue: autoDraw = True
29.1397 	EXP 	fixDot: autoDraw = False
99.6889 	EXP 	New trial (rep=0, index=1): OrderedDict([('iStimSide', 0), ('iTargSide', 0), ('iSideFirst', 1), ('iStim', 1), ('iGen', 0), ('sylTarg', 123), ('sylDist', 231), ('sylCent', 3233)])
99.6933 	EXP 	Sound soundStim stopped
99.6946 	EXP 	New trial (rep=0, index=2): OrderedDict([('iStimSide', 0), ('iTargSide', 0), ('iSideFirst', 0), ('iStim', 1), ('iGen', 0), ('sylTarg', 233), ('sylDist', 312), ('sylCent', 1131)])
99.6978 	EXP 	Sound soundStim stopped
99.6987 	EXP 	New trial (rep=0, index=3): OrderedDict([('iStimSide', 1), ('iTargSide', 1), ('iSideFirst', 1), ('iStim', 0), ('iGen', 0), ('sylTarg', 313), ('sylDist', 122), ('sylCent', 3111)])
99.7020 	EXP 	Sound soundStim stopped
99.7079 	EXP 	New trial (rep=0, index=4): OrderedDict([('iStimSide', 1), ('iTargSide', 0), ('iSideFirst', 1), ('iStim', 0), ('iGen', 1), ('sylTarg', 321), ('sylDist', 112), ('sylCent', 2113)])
99.7204 	EXP 	visCueText: autoDraw = False
99.7204 	EXP 	fixDot: autoDraw = False
99.7204 	EXP 	fixDotBlue: autoDraw = False
99.7204 	EXP 	visCueText: autoDraw = False
99.7204 	EXP 	fixDot: autoDraw = False
99.7204 	EXP 	fixDotBlue: autoDraw = False
99.7204 	EXP 	visCueText: autoDraw = False
99.7204 	EXP 	fixDot: autoDraw = False
99.7204 	EXP 	fixDotBlue: autoDraw = False
99.7204 	EXP 	visCueText: autoDraw = False
99.7204 	EXP 	fixDot: autoDraw = False
99.7204 	EXP 	fixDotBlue: autoDraw = False
100.7025 	EXP 	visCueText: text = 'Left'
100.7025 	EXP 	visCueText: autoDraw = True
101.7030 	EXP 	visCueText: autoDraw = False
101.7030 	EXP 	fixDot: autoDraw = True
102.7020 	EXP 	Sound soundStim started
105.5020 	EXP 	Sound soundStim reached end of file
106.3237 	EXP 	New trial (rep=0, index=5): OrderedDict([('iStimSide', 0), ('iTargSide', 0), ('iSideFirst', 1), ('iStim', 1), ('iGen', 1), ('sylTarg', 322), ('sylDist', 231), ('sylCent', 3212)])
106.3397 	EXP 	visCueText: autoDraw = False
106.3397 	EXP 	fixDot: autoDraw = False
106.3397 	EXP 	fixDotBlue: autoDraw = False
107.3212 	EXP 	visCueText: text = 'Left'
107.3212 	EXP 	visCueText: autoDraw = True
108.3227 	EXP 	visCueText: autoDraw = False
108.3227 	EXP 	fixDot: autoDraw = True
109.3236 	EXP 	Sound soundStim started
112.1264 	EXP 	Sound soundStim reached end of file
113.1275 	EXP 	fixDot: autoDraw = False
113.1275 	EXP 	fixDotBlue: autoDraw = True
129.4771 	EXP 	window1: mouseVisible = True
