0.4083 	WARNING 	Speech-to-text recognition module not available (use command `pip install SpeechRecognition` to get it. Transcription will be unavailable.
0.6933 	WARNING 	We strongly recommend you activate the PTB sound engine in PsychoPy prefs as the preferred audio engine. Its timing is vastly superior. Your prefs are currently set to use ['sounddevice', 'PTB', 'pyo', 'pygame'] (in that order).
3.6551 	EXP 	Created window1 = Window(allowGUI=False, allowStencil=False, autoLog=True, backendConf=UNKNOWN, bitsMode=UNKNOWN, blendMode='avg', bpc=(8, 8, 8), color=array([-1, -1, -1]), colorSpace='rgb', depthBits=8, fullscr=<method-wrapper '__getattribute__' of attributeSetter object at 0x00000229AE6A5048>, gamma=None, gammaErrorPolicy='raise', lms=UNKNOWN, monitor=<psychopy.monitors.calibTools.Monitor object at 0x00000229AE6EA588>, multiSample=False, name='window1', numSamples=2, pos=[1120.0, 420.0], screen=0, size=array([1200,  600]), stencilBits=0, stereo=False, units='height', useFBO=True, useRetina=False, viewOri=0.0, viewPos=None, viewScale=None, waitBlanking=True, winType='pyglet')
3.6551 	EXP 	window1: mouseVisible = True
3.6551 	EXP 	window1: recordFrameIntervals = False
3.8215 	EXP 	window1: recordFrameIntervals = True
4.0052 	EXP 	window1: recordFrameIntervals = False
4.9622 	EXP 	Created expStartText = TextStim(__class__=<class 'psychopy.visual.text.TextStim'>, alignHoriz=method-wrapper(...), alignText='center', alignVert=method-wrapper(...), anchorHoriz='center', anchorVert='center', antialias=True, autoLog=True, bold=False, color=array([1., 1., 1.]), colorSpace='rgb', contrast=1.0, depth=0.0, flipHoriz=False, flipVert=False, font='Open Sans', fontFiles=[], height=0.025, italic=False, languageStyle='LTR', name='expStartText', opacity=1, ori=0.0, pos=array([0., 0.]), rgb=UNKNOWN, text='Press space to begin', units='height', win=Window(...), wrapWidth=1)
4.9672 	EXP 	Created blockStartText = TextStim(__class__=<class 'psychopy.visual.text.TextStim'>, alignHoriz=method-wrapper(...), alignText='center', alignVert=method-wrapper(...), anchorHoriz='center', anchorVert='center', antialias=True, autoLog=True, bold=False, color=array([1., 1., 1.]), colorSpace='rgb', contrast=1.0, depth=0.0, flipHoriz=False, flipVert=False, font='Open Sans', fontFiles=[], height=0.025, italic=False, languageStyle='LTR', name='blockStartText', opacity=1, ori=0.0, pos=array([0., 0.]), rgb=UNKNOWN, text='Block 1 of 1\nPress space to begin', units='height', win=Window(...), wrapWidth=1)
4.9695 	EXP 	Created visCueText = TextStim(__class__=<class 'psychopy.visual.text.TextStim'>, alignHoriz=method-wrapper(...), alignText='center', alignVert=method-wrapper(...), anchorHoriz='center', anchorVert='center', antialias=True, autoLog=True, bold=False, color=array([1., 1., 1.]), colorSpace='rgb', contrast=1.0, depth=0.0, flipHoriz=False, flipVert=False, font='Open Sans', fontFiles=[], height=0.025, italic=False, languageStyle='LTR', name='visCueText', opacity=1, ori=0.0, pos=array([0., 0.]), rgb=UNKNOWN, text='Test', units='height', win=Window(...), wrapWidth=1)
4.9744 	EXP 	Created fixDot = ShapeStim(__class__=<class 'psychopy.visual.shape.ShapeStim'>, autoDraw=False, autoLog=True, closeShape=True, color=method-wrapper(...), colorSpace='rgb', contrast=None, depth=-1.0, fillColor=array([1, 1, 1]), fillColorSpace='rgb', fillRGB=array([1, 1, 1]), interpolate=True, lineColor=array([1., 1., 1.]), lineColorSpace='rgb', lineRGB=array([1, 1, 1]), lineWidth=1.0, name='fixDot', opacity=1, ori=0.0, pos=array([0., 0.]), size=array([0.015, 0.015]), units='height', vertices=ndarray(...), win=Window(...), windingRule=None)
4.9786 	EXP 	Created fixDotBlue = ShapeStim(__class__=<class 'psychopy.visual.shape.ShapeStim'>, autoDraw=False, autoLog=True, closeShape=True, color=method-wrapper(...), colorSpace='rgb', contrast=None, depth=-2.0, fillColor=array([-1, -1,  1]), fillColorSpace='rgb', fillRGB=array([-1, -1,  1]), interpolate=True, lineColor=array([-1., -1.,  1.]), lineColorSpace='rgb', lineRGB=array([-1, -1,  1]), lineWidth=1.0, name='fixDotBlue', opacity=1, ori=0.0, pos=array([0., 0.]), size=array([0.015, 0.015]), units='height', vertices=ndarray(...), win=Window(...), windingRule=None)
4.9866 	EXP 	Sound soundStim set volume 0.000
4.9915 	EXP 	Created blockEndText = TextStim(__class__=<class 'psychopy.visual.text.TextStim'>, alignHoriz=method-wrapper(...), alignText='center', alignVert=method-wrapper(...), anchorHoriz='center', anchorVert='center', antialias=True, autoLog=True, bold=False, color=array([1., 1., 1.]), colorSpace='rgb', contrast=1.0, depth=0.0, flipHoriz=False, flipVert=False, font='Open Sans', fontFiles=[], height=0.025, italic=False, languageStyle='LTR', name='blockEndText', opacity=1, ori=0.0, pos=array([0., 0.]), rgb=UNKNOWN, text=str(...), units='height', win=Window(...), wrapWidth=1)
4.9957 	EXP 	Created expEndText = TextStim(__class__=<class 'psychopy.visual.text.TextStim'>, alignHoriz=method-wrapper(...), alignText='center', alignVert=method-wrapper(...), anchorHoriz='center', anchorVert='center', antialias=True, autoLog=True, bold=False, color=array([1., 1., 1.]), colorSpace='rgb', contrast=1.0, depth=0.0, flipHoriz=False, flipVert=False, font='Open Sans', fontFiles=[], height=0.025, italic=False, languageStyle='LTR', name='expEndText', opacity=1, ori=0.0, pos=array([0., 0.]), rgb=UNKNOWN, text='End of experiment! \nPlease stay seated.', units='height', win=Window(...), wrapWidth=1)
5.0210 	DATA 	Mouse: Left button down, pos=(549,276)
5.0392 	EXP 	expStartText: autoDraw = True
5.0419 	DATA 	Mouse:  Left button up, pos=(549,276)
5.6100 	DATA 	Keypress: space
6.0940 	EXP 	Created sequence: sequential, trialTypes=1, nReps=6, seed=None
6.0942 	EXP 	New trial (rep=0, index=0): None
6.0997 	DATA 	Keypress: space
6.1077 	EXP 	expStartText: autoDraw = False
6.1077 	EXP 	blockStartText: text = 'Block 1 of 6\nPress space to continue'
6.1077 	EXP 	blockStartText: autoDraw = True
6.7954 	DATA 	Keypress: space
6.8188 	EXP 	Imported C:\Users\Alex\Documents\MATLAB\cmu\stim_v2\trialInfo\1\1.csv as conditions, 32 conditions, 8 params
6.8191 	EXP 	Created sequence: sequential, trialTypes=32, nReps=32, seed=None
6.8194 	EXP 	New trial (rep=0, index=0): OrderedDict([('iStimSide', 0), ('iTargSide', 1), ('iSideFirst', 1), ('iStim', 1), ('iGen', 1), ('sylTarg', 323), ('sylDist', 231), ('sylCent', 1133)])
6.8408 	EXP 	blockStartText: autoDraw = False
7.8224 	EXP 	visCueText: text = 'Right'
7.8224 	EXP 	visCueText: autoDraw = True
8.8227 	EXP 	visCueText: autoDraw = False
8.8227 	EXP 	fixDot: autoDraw = True
13.6268 	EXP 	fixDot: autoDraw = False
13.6268 	EXP 	fixDotBlue: autoDraw = True
23.6192 	EXP 	New trial (rep=0, index=1): OrderedDict([('iStimSide', 0), ('iTargSide', 0), ('iSideFirst', 1), ('iStim', 1), ('iGen', 0), ('sylTarg', 123), ('sylDist', 231), ('sylCent', 3233)])
23.6330 	EXP 	visCueText: autoDraw = False
23.6330 	EXP 	fixDot: autoDraw = False
23.6330 	EXP 	fixDotBlue: autoDraw = False
24.6169 	EXP 	visCueText: text = 'Left'
24.6169 	EXP 	visCueText: autoDraw = True
25.6168 	EXP 	visCueText: autoDraw = False
25.6168 	EXP 	fixDot: autoDraw = True
30.4173 	EXP 	fixDot: autoDraw = False
30.4173 	EXP 	fixDotBlue: autoDraw = True
40.4094 	EXP 	New trial (rep=0, index=2): OrderedDict([('iStimSide', 0), ('iTargSide', 0), ('iSideFirst', 0), ('iStim', 1), ('iGen', 0), ('sylTarg', 233), ('sylDist', 312), ('sylCent', 1131)])
40.4251 	EXP 	fixDotBlue: autoDraw = False
40.4251 	EXP 	visCueText: autoDraw = False
40.4251 	EXP 	fixDot: autoDraw = False
40.4251 	EXP 	fixDotBlue: autoDraw = False
41.4098 	EXP 	visCueText: text = 'Left'
41.4098 	EXP 	visCueText: autoDraw = True
42.4093 	EXP 	fixDot: autoDraw = True
42.4237 	EXP 	visCueText: autoDraw = False
47.2105 	EXP 	fixDot: autoDraw = False
47.2105 	EXP 	fixDotBlue: autoDraw = True
57.1997 	EXP 	New trial (rep=0, index=3): OrderedDict([('iStimSide', 1), ('iTargSide', 1), ('iSideFirst', 1), ('iStim', 0), ('iGen', 0), ('sylTarg', 313), ('sylDist', 122), ('sylCent', 3111)])
57.2136 	EXP 	fixDotBlue: autoDraw = False
57.2136 	EXP 	visCueText: autoDraw = False
57.2136 	EXP 	fixDot: autoDraw = False
57.2136 	EXP 	fixDotBlue: autoDraw = False
58.1976 	EXP 	visCueText: text = 'Right'
58.1976 	EXP 	visCueText: autoDraw = True
59.1980 	EXP 	visCueText: autoDraw = False
59.1980 	EXP 	fixDot: autoDraw = True
59.6705 	DATA 	Mouse: Left button down, pos=(724,326)
59.7848 	DATA 	Mouse:  Left button up, pos=(724,326)
59.8181 	DATA 	Keypress: escape
60.0095 	EXP 	window1: mouseVisible = True
