0.5715 	WARNING 	We strongly recommend you activate the PTB sound engine in PsychoPy prefs as the preferred audio engine. Its timing is vastly superior. Your prefs are currently set to use ['sounddevice', 'PTB', 'pyo', 'pygame'] (in that order).
3.8530 	EXP 	Created window1 = Window(allowGUI=False, allowStencil=False, autoLog=True, backendConf=UNKNOWN, bitsMode=UNKNOWN, blendMode='avg', bpc=(8, 8, 8), color=array([0, 0, 0]), colorSpace='rgb', depthBits=8, fullscr=<method-wrapper '__getattribute__' of attributeSetter object at 0x00000146C3517588>, gamma=None, gammaErrorPolicy='raise', lms=UNKNOWN, monitor=<psychopy.monitors.calibTools.Monitor object at 0x00000146C3557A20>, multiSample=False, name='window1', numSamples=2, pos=[0.0, 0.0], screen=0, size=array([3440, 1440]), stencilBits=0, stereo=False, units='height', useFBO=True, useRetina=False, viewOri=0.0, viewPos=None, viewScale=None, waitBlanking=True, winType='pyglet')
3.8533 	EXP 	window1: mouseVisible = True
3.8533 	EXP 	window1: recordFrameIntervals = False
4.0195 	EXP 	window1: recordFrameIntervals = True
4.2031 	EXP 	window1: recordFrameIntervals = False
5.1880 	EXP 	Created text = TextStim(__class__=<class 'psychopy.visual.text.TextStim'>, alignHoriz=method-wrapper(...), alignText='center', alignVert=method-wrapper(...), anchorHoriz='center', anchorVert='center', antialias=True, autoLog=True, bold=False, color=array([1., 1., 1.]), colorSpace='rgb', contrast=1.0, depth=0.0, flipHoriz=False, flipVert=False, font='Open Sans', fontFiles=[], height=0.1, italic=False, languageStyle='LTR', name='text', opacity=1, ori=0.0, pos=array([0., 0.]), rgb=UNKNOWN, text='Press space to continue\n\n', units='height', win=Window(...), wrapWidth=1)
5.1950 	EXP 	Created blockNum = TextStim(__class__=<class 'psychopy.visual.text.TextStim'>, alignHoriz=method-wrapper(...), alignText='center', alignVert=method-wrapper(...), anchorHoriz='center', anchorVert='center', antialias=True, autoLog=True, bold=False, color=array([1., 1., 1.]), colorSpace='rgb', contrast=1.0, depth=0.0, flipHoriz=False, flipVert=False, font='Open Sans', fontFiles=[], height=0.1, italic=False, languageStyle='LTR', name='blockNum', opacity=1, ori=0.0, pos=array([0., 0.]), rgb=UNKNOWN, text='Block 1 of 1', units='height', win=Window(...), wrapWidth=1)
5.1972 	EXP 	Created visCue = TextStim(__class__=<class 'psychopy.visual.text.TextStim'>, alignHoriz=method-wrapper(...), alignText='center', alignVert=method-wrapper(...), anchorHoriz='center', anchorVert='center', antialias=True, autoLog=True, bold=False, color=array([1., 1., 1.]), colorSpace='rgb', contrast=1.0, depth=0.0, flipHoriz=False, flipVert=False, font='Open Sans', fontFiles=[], height=0.1, italic=False, languageStyle='LTR', name='visCue', opacity=1, ori=0.0, pos=array([0., 0.]), rgb=UNKNOWN, text='test', units='height', win=Window(...), wrapWidth=1)
5.2019 	EXP 	Created fixDot = ShapeStim(__class__=<class 'psychopy.visual.shape.ShapeStim'>, autoDraw=False, autoLog=True, closeShape=True, color=method-wrapper(...), colorSpace='rgb', contrast=None, depth=-1.0, fillColor=array([1, 1, 1]), fillColorSpace='rgb', fillRGB=array([1, 1, 1]), interpolate=True, lineColor=array([1., 1., 1.]), lineColorSpace='rgb', lineRGB=array([1, 1, 1]), lineWidth=1.0, name='fixDot', opacity=1, ori=0.0, pos=array([0., 0.]), size=array([0.5, 0.5]), units='height', vertices=ndarray(...), win=Window(...), windingRule=None)
5.2058 	EXP 	Created fixDotBlue = ShapeStim(__class__=<class 'psychopy.visual.shape.ShapeStim'>, autoDraw=False, autoLog=True, closeShape=True, color=method-wrapper(...), colorSpace='rgb', contrast=None, depth=-2.0, fillColor=array([-1, -1,  1]), fillColorSpace='rgb', fillRGB=array([-1, -1,  1]), interpolate=True, lineColor=array([-1., -1.,  1.]), lineColorSpace='rgb', lineRGB=array([-1, -1,  1]), lineWidth=1.0, name='fixDotBlue', opacity=1, ori=0.0, pos=array([0., 0.]), size=array([0.5, 0.5]), units='height', vertices=ndarray(...), win=Window(...), windingRule=None)
5.2135 	EXP 	Sound soundStim set volume 1.000
5.2841 	EXP 	text: autoDraw = True
5.7737 	DATA 	Keypress: space
6.9081 	EXP 	Created sequence: sequential, trialTypes=1, nReps=6, seed=None
6.9083 	EXP 	New trial (rep=0, index=0): None
6.9108 	DATA 	Keypress: space
6.9217 	EXP 	text: autoDraw = False
6.9217 	EXP 	blockNum: autoDraw = True
7.9064 	EXP 	Created sequence: sequential, trialTypes=1, nReps=32, seed=None
7.9066 	EXP 	New trial (rep=0, index=0): None
7.9213 	EXP 	blockNum: autoDraw = False
7.9213 	EXP 	blockNum: autoDraw = False
8.9050 	EXP 	visCue: autoDraw = True
9.9064 	EXP 	visCue: autoDraw = False
9.9064 	EXP 	fixDot: autoDraw = True
14.6914 	EXP 	fixDotBlue: autoDraw = True
14.7084 	EXP 	fixDot: autoDraw = False
16.2780 	DATA 	Keypress: escape
16.5452 	EXP 	window1: mouseVisible = True
