0.4973 	WARNING 	Speech-to-text recognition module not available (use command `pip install SpeechRecognition` to get it. Transcription will be unavailable.
6.8035 	WARNING 	Requested an unavailable screen number - using first available.
7.3288 	EXP 	Created window1 = Window(allowGUI=False, allowStencil=False, autoLog=True, backendConf=UNKNOWN, bitsMode=UNKNOWN, blendMode='avg', bpc=(8, 8, 8), color=array([-1, -1, -1]), colorSpace='rgb', depthBits=8, fullscr=<method-wrapper '__getattribute__' of attributeSetter object at 0x000001170564A6A0>, gamma=None, gammaErrorPolicy='raise', lms=UNKNOWN, monitor=<psychopy.monitors.calibTools.Monitor object at 0x00000117056B4160>, multiSample=False, name='window1', numSamples=2, pos=[360.0, 300.0], screen=1, size=array([1200,  600]), stencilBits=0, stereo=False, units='height', useFBO=True, useRetina=False, viewOri=0.0, viewPos=None, viewScale=None, waitBlanking=True, winType='pyglet')
7.3294 	EXP 	window1: mouseVisible = True
7.3295 	EXP 	window1: recordFrameIntervals = False
7.4949 	EXP 	window1: recordFrameIntervals = True
7.6780 	EXP 	window1: recordFrameIntervals = False
8.1134 	EXP 	Created expStartText = TextStim(__class__=<class 'psychopy.visual.text.TextStim'>, alignHoriz=method-wrapper(...), alignText='center', alignVert=method-wrapper(...), anchorHoriz='center', anchorVert='center', antialias=True, autoLog=True, bold=False, color=array([1., 1., 1.]), colorSpace='rgb', contrast=1.0, depth=0.0, flipHoriz=False, flipVert=False, font='Open Sans', fontFiles=[], height=0.025, italic=False, languageStyle='LTR', name='expStartText', opacity=1, ori=0.0, pos=array([0., 0.]), rgb=UNKNOWN, text='Press space to begin', units='height', win=Window(...), wrapWidth=1)
8.1187 	EXP 	Created blockStartText = TextStim(__class__=<class 'psychopy.visual.text.TextStim'>, alignHoriz=method-wrapper(...), alignText='center', alignVert=method-wrapper(...), anchorHoriz='center', anchorVert='center', antialias=True, autoLog=True, bold=False, color=array([1., 1., 1.]), colorSpace='rgb', contrast=1.0, depth=0.0, flipHoriz=False, flipVert=False, font='Open Sans', fontFiles=[], height=0.025, italic=False, languageStyle='LTR', name='blockStartText', opacity=1, ori=0.0, pos=array([0., 0.]), rgb=UNKNOWN, text='Block 1 of 1\nPress space to begin', units='height', win=Window(...), wrapWidth=1)
8.1211 	EXP 	Created visCueText = TextStim(__class__=<class 'psychopy.visual.text.TextStim'>, alignHoriz=method-wrapper(...), alignText='center', alignVert=method-wrapper(...), anchorHoriz='center', anchorVert='center', antialias=True, autoLog=True, bold=False, color=array([1., 1., 1.]), colorSpace='rgb', contrast=1.0, depth=0.0, flipHoriz=False, flipVert=False, font='Open Sans', fontFiles=[], height=0.025, italic=False, languageStyle='LTR', name='visCueText', opacity=1, ori=0.0, pos=array([0., 0.]), rgb=UNKNOWN, text='Test', units='height', win=Window(...), wrapWidth=1)
8.1258 	EXP 	Created fixDot = ShapeStim(__class__=<class 'psychopy.visual.shape.ShapeStim'>, autoDraw=False, autoLog=True, closeShape=True, color=method-wrapper(...), colorSpace='rgb', contrast=None, depth=-1.0, fillColor=array([1, 1, 1]), fillColorSpace='rgb', fillRGB=array([1, 1, 1]), interpolate=True, lineColor=array([1., 1., 1.]), lineColorSpace='rgb', lineRGB=array([1, 1, 1]), lineWidth=1.0, name='fixDot', opacity=1, ori=0.0, pos=array([0., 0.]), size=array([0.015, 0.015]), units='height', vertices=ndarray(...), win=Window(...), windingRule=None)
8.1296 	EXP 	Created fixDotBlue = ShapeStim(__class__=<class 'psychopy.visual.shape.ShapeStim'>, autoDraw=False, autoLog=True, closeShape=True, color=method-wrapper(...), colorSpace='rgb', contrast=None, depth=-2.0, fillColor=array([-1, -1,  1]), fillColorSpace='rgb', fillRGB=array([-1, -1,  1]), interpolate=True, lineColor=array([-1., -1.,  1.]), lineColorSpace='rgb', lineRGB=array([-1, -1,  1]), lineWidth=1.0, name='fixDotBlue', opacity=1, ori=0.0, pos=array([0., 0.]), size=array([0.015, 0.015]), units='height', vertices=ndarray(...), win=Window(...), windingRule=None)
8.2587 	EXP 	Sound soundStim set volume 0.000
8.2636 	EXP 	Created blockEndText = TextStim(__class__=<class 'psychopy.visual.text.TextStim'>, alignHoriz=method-wrapper(...), alignText='center', alignVert=method-wrapper(...), anchorHoriz='center', anchorVert='center', antialias=True, autoLog=True, bold=False, color=array([1., 1., 1.]), colorSpace='rgb', contrast=1.0, depth=0.0, flipHoriz=False, flipVert=False, font='Open Sans', fontFiles=[], height=0.025, italic=False, languageStyle='LTR', name='blockEndText', opacity=1, ori=0.0, pos=array([0., 0.]), rgb=UNKNOWN, text=str(...), units='height', win=Window(...), wrapWidth=1)
8.2682 	EXP 	Created expEndText = TextStim(__class__=<class 'psychopy.visual.text.TextStim'>, alignHoriz=method-wrapper(...), alignText='center', alignVert=method-wrapper(...), anchorHoriz='center', anchorVert='center', antialias=True, autoLog=True, bold=False, color=array([1., 1., 1.]), colorSpace='rgb', contrast=1.0, depth=0.0, flipHoriz=False, flipVert=False, font='Open Sans', fontFiles=[], height=0.025, italic=False, languageStyle='LTR', name='expEndText', opacity=1, ori=0.0, pos=array([0., 0.]), rgb=UNKNOWN, text='End of experiment! \nPlease stay seated.', units='height', win=Window(...), wrapWidth=1)
8.3098 	EXP 	expStartText: autoDraw = True
8.8844 	DATA 	Keypress: space
9.4370 	EXP 	Created sequence: sequential, trialTypes=1, nReps=6, seed=None
9.4377 	EXP 	New trial (rep=0, index=0): None
9.4644 	EXP 	Imported C:\Users\Lab Admin\Documents\AlexP\stim_v2\trialInfo\1\1.csv as conditions, 32 conditions, 8 params
9.4647 	EXP 	Created sequence: sequential, trialTypes=32, nReps=1, seed=None
9.4667 	DATA 	Keypress: space
9.4782 	EXP 	expStartText: autoDraw = False
19.4524 	EXP 	blockStartText: text = 'Block 1 of 6\n Press space to continue'
19.4524 	EXP 	blockStartText: autoDraw = True
21.8093 	EXP 	Imported C:\Users\Lab Admin\Documents\AlexP\stim_v2\trialInfo\1\1.csv as conditions, 32 conditions, 8 params
21.8100 	EXP 	Created sequence: sequential, trialTypes=32, nReps=1, seed=None
21.8105 	EXP 	New trial (rep=0, index=0): OrderedDict([('iStimSide', 0), ('iTargSide', 1), ('iSideFirst', 0), ('iStim', 0), ('iGen', 1), ('sylTarg', 213), ('sylDist', 121), ('sylCent', 3211)])
21.8200 	DATA 	Keypress: space
21.8379 	EXP 	blockStartText: autoDraw = False
22.8389 	EXP 	visCueText: text = 'Right'
22.8389 	EXP 	visCueText: autoDraw = True
23.8394 	EXP 	fixDot: autoDraw = True
23.8573 	EXP 	visCueText: autoDraw = False
24.8253 	EXP 	Sound soundStim started
27.6255 	EXP 	Sound soundStim reached end of file
28.6293 	EXP 	fixDotBlue: autoDraw = True
28.6445 	EXP 	fixDot: autoDraw = False
36.6019 	EXP 	New trial (rep=0, index=1): OrderedDict([('iStimSide', 0), ('iTargSide', 0), ('iSideFirst', 1), ('iStim', 1), ('iGen', 0), ('sylTarg', 112), ('sylDist', 321), ('sylCent', 1333)])
36.6174 	EXP 	visCueText: autoDraw = False
36.6174 	EXP 	fixDot: autoDraw = False
36.6174 	EXP 	fixDotBlue: autoDraw = False
37.6036 	EXP 	visCueText: text = 'Left'
37.6036 	EXP 	visCueText: autoDraw = True
38.6015 	EXP 	visCueText: autoDraw = False
38.6015 	EXP 	fixDot: autoDraw = True
39.6040 	EXP 	Sound soundStim started
41.2482 	DATA 	Mouse: Left button down, pos=(673,209)
41.3398 	DATA 	Mouse:  Left button up, pos=(673,209)
41.8604 	DATA 	Keypress: escape
41.9883 	EXP 	window1: mouseVisible = True
