0.4528 	WARNING 	Speech-to-text recognition module not available (use command `pip install SpeechRecognition` to get it. Transcription will be unavailable.
4.3061 	EXP 	Created window1 = Window(allowGUI=False, allowStencil=False, autoLog=True, backendConf=UNKNOWN, bitsMode=UNKNOWN, blendMode='avg', bpc=(8, 8, 8), color=array([-1, -1, -1]), colorSpace='rgb', depthBits=8, fullscr=<method-wrapper '__getattribute__' of attributeSetter object at 0x000001FBB3F7D390>, gamma=None, gammaErrorPolicy='raise', lms=UNKNOWN, monitor=<psychopy.monitors.calibTools.Monitor object at 0x000001FBB3FEFEF0>, multiSample=False, name='window1', numSamples=2, pos=[1120.0, 420.0], screen=0, size=array([1200,  600]), stencilBits=0, stereo=False, units='height', useFBO=True, useRetina=False, viewOri=0.0, viewPos=None, viewScale=None, waitBlanking=True, winType='pyglet')
4.3061 	EXP 	window1: mouseVisible = True
4.3062 	EXP 	window1: recordFrameIntervals = False
4.4724 	EXP 	window1: recordFrameIntervals = True
4.6559 	EXP 	window1: recordFrameIntervals = False
5.6190 	EXP 	Created expStartText = TextStim(__class__=<class 'psychopy.visual.text.TextStim'>, alignHoriz=method-wrapper(...), alignText='center', alignVert=method-wrapper(...), anchorHoriz='center', anchorVert='center', antialias=True, autoLog=True, bold=False, color=array([1., 1., 1.]), colorSpace='rgb', contrast=1.0, depth=0.0, flipHoriz=False, flipVert=False, font='Open Sans', fontFiles=[], height=0.025, italic=False, languageStyle='LTR', name='expStartText', opacity=1, ori=0.0, pos=array([0., 0.]), rgb=UNKNOWN, text='Press space to begin', units='height', win=Window(...), wrapWidth=1)
5.6243 	EXP 	Created blockStartText = TextStim(__class__=<class 'psychopy.visual.text.TextStim'>, alignHoriz=method-wrapper(...), alignText='center', alignVert=method-wrapper(...), anchorHoriz='center', anchorVert='center', antialias=True, autoLog=True, bold=False, color=array([1., 1., 1.]), colorSpace='rgb', contrast=1.0, depth=0.0, flipHoriz=False, flipVert=False, font='Open Sans', fontFiles=[], height=0.025, italic=False, languageStyle='LTR', name='blockStartText', opacity=1, ori=0.0, pos=array([0., 0.]), rgb=UNKNOWN, text='Block 1 of 1\nPress space to begin', units='height', win=Window(...), wrapWidth=1)
5.6267 	EXP 	Created visCueText = TextStim(__class__=<class 'psychopy.visual.text.TextStim'>, alignHoriz=method-wrapper(...), alignText='center', alignVert=method-wrapper(...), anchorHoriz='center', anchorVert='center', antialias=True, autoLog=True, bold=False, color=array([1., 1., 1.]), colorSpace='rgb', contrast=1.0, depth=0.0, flipHoriz=False, flipVert=False, font='Open Sans', fontFiles=[], height=0.025, italic=False, languageStyle='LTR', name='visCueText', opacity=1, ori=0.0, pos=array([0., 0.]), rgb=UNKNOWN, text='Test', units='height', win=Window(...), wrapWidth=1)
5.6318 	EXP 	Created fixDot = ShapeStim(__class__=<class 'psychopy.visual.shape.ShapeStim'>, autoDraw=False, autoLog=True, closeShape=True, color=method-wrapper(...), colorSpace='rgb', contrast=None, depth=-1.0, fillColor=array([1, 1, 1]), fillColorSpace='rgb', fillRGB=array([1, 1, 1]), interpolate=True, lineColor=array([1., 1., 1.]), lineColorSpace='rgb', lineRGB=array([1, 1, 1]), lineWidth=1.0, name='fixDot', opacity=1, ori=0.0, pos=array([0., 0.]), size=array([0.015, 0.015]), units='height', vertices=ndarray(...), win=Window(...), windingRule=None)
5.6369 	EXP 	Created fixDotBlue = ShapeStim(__class__=<class 'psychopy.visual.shape.ShapeStim'>, autoDraw=False, autoLog=True, closeShape=True, color=method-wrapper(...), colorSpace='rgb', contrast=None, depth=-2.0, fillColor=array([-1, -1,  1]), fillColorSpace='rgb', fillRGB=array([-1, -1,  1]), interpolate=True, lineColor=array([-1., -1.,  1.]), lineColorSpace='rgb', lineRGB=array([-1, -1,  1]), lineWidth=1.0, name='fixDotBlue', opacity=1, ori=0.0, pos=array([0., 0.]), size=array([0.015, 0.015]), units='height', vertices=ndarray(...), win=Window(...), windingRule=None)
5.7086 	EXP 	Sound soundStim set volume 0.000
5.7135 	EXP 	Created blockEndText = TextStim(__class__=<class 'psychopy.visual.text.TextStim'>, alignHoriz=method-wrapper(...), alignText='center', alignVert=method-wrapper(...), anchorHoriz='center', anchorVert='center', antialias=True, autoLog=True, bold=False, color=array([1., 1., 1.]), colorSpace='rgb', contrast=1.0, depth=0.0, flipHoriz=False, flipVert=False, font='Open Sans', fontFiles=[], height=0.025, italic=False, languageStyle='LTR', name='blockEndText', opacity=1, ori=0.0, pos=array([0., 0.]), rgb=UNKNOWN, text=str(...), units='height', win=Window(...), wrapWidth=1)
5.7176 	EXP 	Created expEndText = TextStim(__class__=<class 'psychopy.visual.text.TextStim'>, alignHoriz=method-wrapper(...), alignText='center', alignVert=method-wrapper(...), anchorHoriz='center', anchorVert='center', antialias=True, autoLog=True, bold=False, color=array([1., 1., 1.]), colorSpace='rgb', contrast=1.0, depth=0.0, flipHoriz=False, flipVert=False, font='Open Sans', fontFiles=[], height=0.025, italic=False, languageStyle='LTR', name='expEndText', opacity=1, ori=0.0, pos=array([0., 0.]), rgb=UNKNOWN, text='End of experiment! \nPlease stay seated.', units='height', win=Window(...), wrapWidth=1)
5.7548 	EXP 	expStartText: autoDraw = True
7.2927 	DATA 	Mouse: Left button down, pos=(505,262)
7.3762 	DATA 	Mouse:  Left button up, pos=(505,262)
7.8424 	EXP 	Created sequence: sequential, trialTypes=1, nReps=6, seed=None
7.8426 	EXP 	New trial (rep=0, index=0): None
7.8499 	EXP 	Imported C:\Users\Alex\Documents\MATLAB\cmu\stim_v2\trialInfo\1\1.csv as conditions, 32 conditions, 8 params
7.8501 	EXP 	Created sequence: sequential, trialTypes=32, nReps=32, seed=None
7.8559 	EXP 	expStartText: autoDraw = False
17.8293 	EXP 	blockStartText: text = 'Block 1 of 6\n Press space to continue'
17.8293 	EXP 	blockStartText: autoDraw = True
19.1567 	EXP 	Imported C:\Users\Alex\Documents\MATLAB\cmu\stim_v2\trialInfo\1\1.csv as conditions, 32 conditions, 8 params
19.1569 	EXP 	Created sequence: sequential, trialTypes=32, nReps=32, seed=None
19.1572 	EXP 	New trial (rep=0, index=0): OrderedDict([('iStimSide', 0), ('iTargSide', 1), ('iSideFirst', 1), ('iStim', 1), ('iGen', 1), ('sylTarg', 323), ('sylDist', 231), ('sylCent', 1133)])
19.1817 	EXP 	blockStartText: autoDraw = False
20.1649 	EXP 	visCueText: text = 'Right'
20.1649 	EXP 	visCueText: autoDraw = True
21.1654 	EXP 	visCueText: autoDraw = False
21.1654 	EXP 	fixDot: autoDraw = True
22.1649 	EXP 	Sound soundStim started
24.9659 	EXP 	Sound soundStim reached end of file
25.9678 	EXP 	fixDot: autoDraw = False
25.9678 	EXP 	fixDotBlue: autoDraw = True
35.9594 	EXP 	New trial (rep=0, index=1): OrderedDict([('iStimSide', 0), ('iTargSide', 0), ('iSideFirst', 1), ('iStim', 1), ('iGen', 0), ('sylTarg', 123), ('sylDist', 231), ('sylCent', 3233)])
35.9757 	EXP 	visCueText: autoDraw = False
35.9757 	EXP 	fixDot: autoDraw = False
35.9757 	EXP 	fixDotBlue: autoDraw = False
36.9570 	EXP 	visCueText: text = 'Left'
36.9570 	EXP 	visCueText: autoDraw = True
37.9555 	EXP 	visCueText: autoDraw = False
37.9555 	EXP 	fixDot: autoDraw = True
38.9573 	EXP 	Sound soundStim started
41.7566 	EXP 	Sound soundStim stopped
42.7588 	EXP 	fixDot: autoDraw = False
42.7588 	EXP 	fixDotBlue: autoDraw = True
69.9350 	EXP 	New trial (rep=0, index=2): OrderedDict([('iStimSide', 0), ('iTargSide', 0), ('iSideFirst', 0), ('iStim', 1), ('iGen', 0), ('sylTarg', 233), ('sylDist', 312), ('sylCent', 1131)])
69.9395 	EXP 	Sound soundStim stopped
69.9983 	EXP 	window1: mouseVisible = True
