0.4548 	WARNING 	Speech-to-text recognition module not available (use command `pip install SpeechRecognition` to get it. Transcription will be unavailable.
6.6922 	WARNING 	User requested fullscreen with size [1200  600], but screen is actually [1920, 1200]. Using actual size
7.7602 	EXP 	Created window1 = Window(allowGUI=False, allowStencil=False, autoLog=True, backendConf=UNKNOWN, bitsMode=UNKNOWN, blendMode='avg', bpc=(8, 8, 8), color=array([-1, -1, -1]), colorSpace='rgb', depthBits=8, fullscr=<method-wrapper '__getattribute__' of attributeSetter object at 0x0000019F0564A780>, gamma=None, gammaErrorPolicy='raise', lms=UNKNOWN, monitor=<psychopy.monitors.calibTools.Monitor object at 0x0000019F06DA4710>, multiSample=False, name='window1', numSamples=2, pos=[0.0, 0.0], screen=1, size=array([1920, 1200]), stencilBits=0, stereo=False, units='height', useFBO=True, useRetina=False, viewOri=0.0, viewPos=None, viewScale=None, waitBlanking=True, winType='pyglet')
7.7604 	EXP 	window1: mouseVisible = True
7.7605 	EXP 	window1: recordFrameIntervals = False
7.9254 	EXP 	window1: recordFrameIntervals = True
8.1089 	EXP 	window1: recordFrameIntervals = False
8.5177 	EXP 	Created expStartText = TextStim(__class__=<class 'psychopy.visual.text.TextStim'>, alignHoriz=method-wrapper(...), alignText='center', alignVert=method-wrapper(...), anchorHoriz='center', anchorVert='center', antialias=True, autoLog=True, bold=False, color=array([1., 1., 1.]), colorSpace='rgb', contrast=1.0, depth=0.0, flipHoriz=False, flipVert=False, font='Open Sans', fontFiles=[], height=0.025, italic=False, languageStyle='LTR', name='expStartText', opacity=1, ori=0.0, pos=array([0., 0.]), rgb=UNKNOWN, text='Press space to begin', units='height', win=Window(...), wrapWidth=1)
8.5230 	EXP 	Created blockStartText = TextStim(__class__=<class 'psychopy.visual.text.TextStim'>, alignHoriz=method-wrapper(...), alignText='center', alignVert=method-wrapper(...), anchorHoriz='center', anchorVert='center', antialias=True, autoLog=True, bold=False, color=array([1., 1., 1.]), colorSpace='rgb', contrast=1.0, depth=0.0, flipHoriz=False, flipVert=False, font='Open Sans', fontFiles=[], height=0.025, italic=False, languageStyle='LTR', name='blockStartText', opacity=1, ori=0.0, pos=array([0., 0.]), rgb=UNKNOWN, text='Block 1 of 1\nPress space to begin', units='height', win=Window(...), wrapWidth=1)
8.5262 	EXP 	Created visCueText = TextStim(__class__=<class 'psychopy.visual.text.TextStim'>, alignHoriz=method-wrapper(...), alignText='center', alignVert=method-wrapper(...), anchorHoriz='center', anchorVert='center', antialias=True, autoLog=True, bold=False, color=array([1., 1., 1.]), colorSpace='rgb', contrast=1.0, depth=0.0, flipHoriz=False, flipVert=False, font='Open Sans', fontFiles=[], height=0.025, italic=False, languageStyle='LTR', name='visCueText', opacity=1, ori=0.0, pos=array([0., 0.]), rgb=UNKNOWN, text='Test', units='height', win=Window(...), wrapWidth=1)
8.5308 	EXP 	Created fixDot = ShapeStim(__class__=<class 'psychopy.visual.shape.ShapeStim'>, autoDraw=False, autoLog=True, closeShape=True, color=method-wrapper(...), colorSpace='rgb', contrast=None, depth=-1.0, fillColor=array([1, 1, 1]), fillColorSpace='rgb', fillRGB=array([1, 1, 1]), interpolate=True, lineColor=array([1., 1., 1.]), lineColorSpace='rgb', lineRGB=array([1, 1, 1]), lineWidth=1.0, name='fixDot', opacity=1, ori=0.0, pos=array([0., 0.]), size=array([0.015, 0.015]), units='height', vertices=ndarray(...), win=Window(...), windingRule=None)
8.5344 	EXP 	Created fixDotBlue = ShapeStim(__class__=<class 'psychopy.visual.shape.ShapeStim'>, autoDraw=False, autoLog=True, closeShape=True, color=method-wrapper(...), colorSpace='rgb', contrast=None, depth=-2.0, fillColor=array([-1, -1,  1]), fillColorSpace='rgb', fillRGB=array([-1, -1,  1]), interpolate=True, lineColor=array([-1., -1.,  1.]), lineColorSpace='rgb', lineRGB=array([-1, -1,  1]), lineWidth=1.0, name='fixDotBlue', opacity=1, ori=0.0, pos=array([0., 0.]), size=array([0.015, 0.015]), units='height', vertices=ndarray(...), win=Window(...), windingRule=None)
8.6507 	EXP 	Sound soundStim set volume 0.000
8.6557 	EXP 	Created blockEndText = TextStim(__class__=<class 'psychopy.visual.text.TextStim'>, alignHoriz=method-wrapper(...), alignText='center', alignVert=method-wrapper(...), anchorHoriz='center', anchorVert='center', antialias=True, autoLog=True, bold=False, color=array([1., 1., 1.]), colorSpace='rgb', contrast=1.0, depth=0.0, flipHoriz=False, flipVert=False, font='Open Sans', fontFiles=[], height=0.025, italic=False, languageStyle='LTR', name='blockEndText', opacity=1, ori=0.0, pos=array([0., 0.]), rgb=UNKNOWN, text=str(...), units='height', win=Window(...), wrapWidth=1)
8.6602 	EXP 	Created expEndText = TextStim(__class__=<class 'psychopy.visual.text.TextStim'>, alignHoriz=method-wrapper(...), alignText='center', alignVert=method-wrapper(...), anchorHoriz='center', anchorVert='center', antialias=True, autoLog=True, bold=False, color=array([1., 1., 1.]), colorSpace='rgb', contrast=1.0, depth=0.0, flipHoriz=False, flipVert=False, font='Open Sans', fontFiles=[], height=0.025, italic=False, languageStyle='LTR', name='expEndText', opacity=1, ori=0.0, pos=array([0., 0.]), rgb=UNKNOWN, text='End of experiment! \nPlease stay seated.', units='height', win=Window(...), wrapWidth=1)
8.7094 	EXP 	expStartText: autoDraw = True
10.1674 	DATA 	Keypress: space
10.1823 	EXP 	Created sequence: sequential, trialTypes=1, nReps=1, seed=None
10.1828 	EXP 	New trial (rep=0, index=0): None
10.2038 	EXP 	Imported C:\Users\Lab Admin\Documents\AlexP\stim_v2\trialInfo\StairCase\1.csv as conditions, 32 conditions, 8 params
10.2044 	EXP 	Created sequence: sequential, trialTypes=32, nReps=1, seed=None
10.2270 	EXP 	expStartText: autoDraw = False
20.2015 	EXP 	blockStartText: text = 'Block 1 of 1\n Press space to continue'
20.2015 	EXP 	blockStartText: autoDraw = True
25.3088 	EXP 	Imported C:\Users\Lab Admin\Documents\AlexP\stim_v2\trialInfo\StairCase\1.csv as conditions, 32 conditions, 8 params
25.3095 	EXP 	Created sequence: sequential, trialTypes=32, nReps=1, seed=None
25.3101 	EXP 	New trial (rep=0, index=0): OrderedDict([('iStimSide', 0), ('iTargSide', 1), ('iSideFirst', 0), ('iStim', 1), ('iGen', 0), ('sylTarg', 323), ('sylDist', 232), ('sylCent', 3221)])
25.3212 	DATA 	Keypress: space
25.3405 	EXP 	blockStartText: autoDraw = False
26.3399 	EXP 	visCueText: text = 'Right'
26.3399 	EXP 	visCueText: autoDraw = True
27.3240 	EXP 	fixDot: autoDraw = True
27.3407 	EXP 	visCueText: autoDraw = False
28.3249 	EXP 	Sound soundStim started
31.1213 	EXP 	Sound soundStim stopped
32.1113 	EXP 	fixDotBlue: autoDraw = True
32.1279 	EXP 	fixDot: autoDraw = False
34.9669 	DATA 	Keypress: down
40.1071 	EXP 	New trial (rep=0, index=1): OrderedDict([('iStimSide', 1), ('iTargSide', 0), ('iSideFirst', 0), ('iStim', 1), ('iGen', 0), ('sylTarg', 131), ('sylDist', 213), ('sylCent', 3232)])
40.1354 	EXP 	visCueText: autoDraw = False
40.1354 	EXP 	fixDot: autoDraw = False
40.1354 	EXP 	fixDotBlue: autoDraw = False
41.1352 	EXP 	visCueText: text = 'Left'
41.1352 	EXP 	visCueText: autoDraw = True
42.1196 	EXP 	fixDot: autoDraw = True
42.1360 	EXP 	visCueText: autoDraw = False
43.1199 	EXP 	Sound soundStim started
45.3434 	DATA 	Keypress: down
45.9214 	EXP 	Sound soundStim reached end of file
46.9231 	EXP 	fixDot: autoDraw = False
46.9231 	EXP 	fixDotBlue: autoDraw = True
54.8986 	EXP 	New trial (rep=0, index=2): OrderedDict([('iStimSide', 1), ('iTargSide', 0), ('iSideFirst', 1), ('iStim', 1), ('iGen', 1), ('sylTarg', 121), ('sylDist', 232), ('sylCent', 2321)])
54.9306 	EXP 	visCueText: autoDraw = False
54.9306 	EXP 	fixDot: autoDraw = False
54.9306 	EXP 	fixDotBlue: autoDraw = False
55.9137 	EXP 	visCueText: text = 'Left'
55.9137 	EXP 	visCueText: autoDraw = True
56.9141 	EXP 	visCueText: autoDraw = False
56.9141 	EXP 	fixDot: autoDraw = True
57.9153 	EXP 	Sound soundStim started
60.7152 	EXP 	Sound soundStim reached end of file
61.7183 	EXP 	fixDot: autoDraw = False
61.7183 	EXP 	fixDotBlue: autoDraw = True
62.4590 	DATA 	Keypress: down
69.7114 	EXP 	New trial (rep=0, index=3): OrderedDict([('iStimSide', 1), ('iTargSide', 0), ('iSideFirst', 0), ('iStim', 0), ('iGen', 0), ('sylTarg', 112), ('sylDist', 333), ('sylCent', 1332)])
69.7428 	EXP 	visCueText: autoDraw = False
69.7428 	EXP 	fixDot: autoDraw = False
69.7428 	EXP 	fixDotBlue: autoDraw = False
70.7255 	EXP 	visCueText: text = 'Left'
70.7255 	EXP 	visCueText: autoDraw = True
71.7265 	EXP 	visCueText: autoDraw = False
71.7265 	EXP 	fixDot: autoDraw = True
72.7277 	EXP 	Sound soundStim started
74.0335 	DATA 	Keypress: down
75.5276 	EXP 	Sound soundStim reached end of file
76.5301 	EXP 	fixDot: autoDraw = False
76.5301 	EXP 	fixDotBlue: autoDraw = True
77.1712 	DATA 	Keypress: down
84.5059 	EXP 	New trial (rep=0, index=4): OrderedDict([('iStimSide', 1), ('iTargSide', 1), ('iSideFirst', 1), ('iStim', 0), ('iGen', 0), ('sylTarg', 212), ('sylDist', 323), ('sylCent', 2331)])
84.5373 	EXP 	visCueText: autoDraw = False
84.5373 	EXP 	fixDot: autoDraw = False
84.5373 	EXP 	fixDotBlue: autoDraw = False
85.5206 	EXP 	visCueText: text = 'Right'
85.5206 	EXP 	visCueText: autoDraw = True
86.5215 	EXP 	visCueText: autoDraw = False
86.5215 	EXP 	fixDot: autoDraw = True
87.5231 	EXP 	Sound soundStim started
90.3206 	EXP 	Sound soundStim stopped
90.5973 	DATA 	Keypress: down
91.3086 	EXP 	fixDotBlue: autoDraw = True
91.3253 	EXP 	fixDot: autoDraw = False
99.3019 	EXP 	New trial (rep=0, index=5): OrderedDict([('iStimSide', 1), ('iTargSide', 1), ('iSideFirst', 0), ('iStim', 1), ('iGen', 0), ('sylTarg', 121), ('sylDist', 213), ('sylCent', 3323)])
99.3325 	EXP 	visCueText: autoDraw = False
99.3325 	EXP 	fixDot: autoDraw = False
99.3325 	EXP 	fixDotBlue: autoDraw = False
100.3157 	EXP 	visCueText: text = 'Right'
100.3157 	EXP 	visCueText: autoDraw = True
101.3166 	EXP 	visCueText: autoDraw = False
101.3166 	EXP 	fixDot: autoDraw = True
102.3178 	EXP 	Sound soundStim started
105.1204 	EXP 	Sound soundStim reached end of file
106.1218 	EXP 	fixDot: autoDraw = False
106.1218 	EXP 	fixDotBlue: autoDraw = True
106.9291 	DATA 	Keypress: down
114.1133 	EXP 	New trial (rep=0, index=6): OrderedDict([('iStimSide', 0), ('iTargSide', 0), ('iSideFirst', 0), ('iStim', 1), ('iGen', 1), ('sylTarg', 231), ('sylDist', 313), ('sylCent', 1211)])
114.1448 	EXP 	visCueText: autoDraw = False
114.1448 	EXP 	fixDot: autoDraw = False
114.1448 	EXP 	fixDotBlue: autoDraw = False
115.1448 	EXP 	visCueText: text = 'Left'
115.1448 	EXP 	visCueText: autoDraw = True
116.1286 	EXP 	fixDot: autoDraw = True
116.1458 	EXP 	visCueText: autoDraw = False
117.1300 	EXP 	Sound soundStim started
119.9308 	EXP 	Sound soundStim reached end of file
120.9329 	EXP 	fixDot: autoDraw = False
120.9329 	EXP 	fixDotBlue: autoDraw = True
122.2250 	DATA 	Keypress: down
128.9096 	EXP 	New trial (rep=0, index=7): OrderedDict([('iStimSide', 0), ('iTargSide', 0), ('iSideFirst', 1), ('iStim', 1), ('iGen', 0), ('sylTarg', 233), ('sylDist', 121), ('sylCent', 2232)])
128.9399 	EXP 	visCueText: autoDraw = False
128.9399 	EXP 	fixDot: autoDraw = False
128.9399 	EXP 	fixDotBlue: autoDraw = False
129.9232 	EXP 	visCueText: text = 'Left'
129.9232 	EXP 	visCueText: autoDraw = True
130.9245 	EXP 	visCueText: autoDraw = False
130.9245 	EXP 	fixDot: autoDraw = True
131.9252 	EXP 	Sound soundStim started
134.7253 	EXP 	Sound soundStim reached end of file
135.7278 	EXP 	fixDot: autoDraw = False
135.7278 	EXP 	fixDotBlue: autoDraw = True
137.1367 	DATA 	Keypress: down
143.7045 	EXP 	New trial (rep=0, index=8): OrderedDict([('iStimSide', 0), ('iTargSide', 0), ('iSideFirst', 1), ('iStim', 0), ('iGen', 1), ('sylTarg', 123), ('sylDist', 312), ('sylCent', 1312)])
143.7348 	EXP 	visCueText: autoDraw = False
143.7348 	EXP 	fixDot: autoDraw = False
143.7348 	EXP 	fixDotBlue: autoDraw = False
144.7181 	EXP 	visCueText: text = 'Left'
144.7181 	EXP 	visCueText: autoDraw = True
145.7189 	EXP 	visCueText: autoDraw = False
145.7189 	EXP 	fixDot: autoDraw = True
146.7197 	EXP 	Sound soundStim started
149.5192 	EXP 	Sound soundStim reached end of file
150.5230 	EXP 	fixDot: autoDraw = False
150.5230 	EXP 	fixDotBlue: autoDraw = True
151.1144 	DATA 	Keypress: down
158.4989 	EXP 	New trial (rep=0, index=9): OrderedDict([('iStimSide', 1), ('iTargSide', 0), ('iSideFirst', 1), ('iStim', 1), ('iGen', 1), ('sylTarg', 122), ('sylDist', 231), ('sylCent', 1311)])
158.5304 	EXP 	visCueText: autoDraw = False
158.5304 	EXP 	fixDot: autoDraw = False
158.5304 	EXP 	fixDotBlue: autoDraw = False
159.5134 	EXP 	visCueText: text = 'Left'
159.5134 	EXP 	visCueText: autoDraw = True
160.5155 	EXP 	visCueText: autoDraw = False
160.5155 	EXP 	fixDot: autoDraw = True
161.5151 	EXP 	Sound soundStim started
164.3150 	EXP 	Sound soundStim reached end of file
165.3187 	EXP 	fixDot: autoDraw = False
165.3187 	EXP 	fixDotBlue: autoDraw = True
165.4263 	DATA 	Keypress: down
173.3082 	EXP 	New trial (rep=0, index=10): OrderedDict([('iStimSide', 1), ('iTargSide', 0), ('iSideFirst', 1), ('iStim', 1), ('iGen', 1), ('sylTarg', 131), ('sylDist', 312), ('sylCent', 1333)])
173.3251 	EXP 	visCueText: autoDraw = False
173.3251 	EXP 	fixDot: autoDraw = False
173.3251 	EXP 	fixDotBlue: autoDraw = False
174.3085 	EXP 	visCueText: text = 'Left'
174.3085 	EXP 	visCueText: autoDraw = True
175.3100 	EXP 	visCueText: autoDraw = False
175.3100 	EXP 	fixDot: autoDraw = True
176.3104 	EXP 	Sound soundStim started
179.1083 	EXP 	Sound soundStim stopped
180.1132 	EXP 	fixDot: autoDraw = False
180.1132 	EXP 	fixDotBlue: autoDraw = True
180.7212 	DATA 	Keypress: down
188.1066 	EXP 	New trial (rep=0, index=11): OrderedDict([('iStimSide', 0), ('iTargSide', 1), ('iSideFirst', 1), ('iStim', 0), ('iGen', 0), ('sylTarg', 311), ('sylDist', 123), ('sylCent', 2312)])
188.1372 	EXP 	visCueText: autoDraw = False
188.1372 	EXP 	fixDot: autoDraw = False
188.1372 	EXP 	fixDotBlue: autoDraw = False
189.1378 	EXP 	visCueText: text = 'Right'
189.1378 	EXP 	visCueText: autoDraw = True
190.1216 	EXP 	fixDot: autoDraw = True
190.1381 	EXP 	visCueText: autoDraw = False
191.1227 	EXP 	Sound soundStim started
193.9189 	EXP 	Sound soundStim stopped
194.9254 	EXP 	fixDot: autoDraw = False
194.9254 	EXP 	fixDotBlue: autoDraw = True
195.8018 	DATA 	Keypress: down
202.9020 	EXP 	New trial (rep=0, index=12): OrderedDict([('iStimSide', 0), ('iTargSide', 0), ('iSideFirst', 1), ('iStim', 1), ('iGen', 1), ('sylTarg', 333), ('sylDist', 121), ('sylCent', 2332)])
202.9324 	EXP 	visCueText: autoDraw = False
202.9324 	EXP 	fixDot: autoDraw = False
202.9324 	EXP 	fixDotBlue: autoDraw = False
203.9158 	EXP 	visCueText: text = 'Left'
203.9158 	EXP 	visCueText: autoDraw = True
204.9166 	EXP 	visCueText: autoDraw = False
204.9166 	EXP 	fixDot: autoDraw = True
205.9177 	EXP 	Sound soundStim started
208.7187 	EXP 	Sound soundStim reached end of file
209.7207 	EXP 	fixDot: autoDraw = False
209.7207 	EXP 	fixDotBlue: autoDraw = True
210.7952 	DATA 	Keypress: down
217.7137 	EXP 	New trial (rep=0, index=13): OrderedDict([('iStimSide', 1), ('iTargSide', 0), ('iSideFirst', 1), ('iStim', 1), ('iGen', 0), ('sylTarg', 312), ('sylDist', 221), ('sylCent', 3121)])
217.7440 	EXP 	visCueText: autoDraw = False
217.7440 	EXP 	fixDot: autoDraw = False
217.7440 	EXP 	fixDotBlue: autoDraw = False
218.7277 	EXP 	visCueText: text = 'Left'
218.7277 	EXP 	visCueText: autoDraw = True
219.7285 	EXP 	visCueText: autoDraw = False
219.7285 	EXP 	fixDot: autoDraw = True
220.7294 	EXP 	Sound soundStim started
223.5289 	EXP 	Sound soundStim reached end of file
224.5321 	EXP 	fixDot: autoDraw = False
224.5321 	EXP 	fixDotBlue: autoDraw = True
226.0753 	DATA 	Keypress: down
232.5084 	EXP 	New trial (rep=0, index=14): OrderedDict([('iStimSide', 0), ('iTargSide', 1), ('iSideFirst', 0), ('iStim', 1), ('iGen', 0), ('sylTarg', 223), ('sylDist', 132), ('sylCent', 2322)])
232.5402 	EXP 	visCueText: autoDraw = False
232.5402 	EXP 	fixDot: autoDraw = False
232.5402 	EXP 	fixDotBlue: autoDraw = False
233.5228 	EXP 	visCueText: text = 'Right'
233.5228 	EXP 	visCueText: autoDraw = True
234.5237 	EXP 	visCueText: autoDraw = False
234.5237 	EXP 	fixDot: autoDraw = True
235.5251 	EXP 	Sound soundStim started
238.3282 	EXP 	Sound soundStim reached end of file
239.3275 	EXP 	fixDot: autoDraw = False
239.3275 	EXP 	fixDotBlue: autoDraw = True
240.5539 	DATA 	Keypress: down
247.3015 	EXP 	New trial (rep=0, index=15): OrderedDict([('iStimSide', 1), ('iTargSide', 0), ('iSideFirst', 1), ('iStim', 0), ('iGen', 0), ('sylTarg', 131), ('sylDist', 312), ('sylCent', 2112)])
247.3174 	EXP 	visCueText: autoDraw = False
247.3174 	EXP 	fixDot: autoDraw = False
247.3174 	EXP 	fixDotBlue: autoDraw = False
248.3013 	EXP 	visCueText: text = 'Left'
248.3013 	EXP 	visCueText: autoDraw = True
249.3020 	EXP 	visCueText: autoDraw = False
249.3020 	EXP 	fixDot: autoDraw = True
250.3031 	EXP 	Sound soundStim started
253.1030 	EXP 	Sound soundStim reached end of file
254.1058 	EXP 	fixDot: autoDraw = False
254.1058 	EXP 	fixDotBlue: autoDraw = True
255.6820 	DATA 	Keypress: down
262.0997 	EXP 	New trial (rep=0, index=16): OrderedDict([('iStimSide', 0), ('iTargSide', 0), ('iSideFirst', 1), ('iStim', 1), ('iGen', 0), ('sylTarg', 232), ('sylDist', 323), ('sylCent', 2313)])
262.1301 	EXP 	visCueText: autoDraw = False
262.1301 	EXP 	fixDot: autoDraw = False
262.1301 	EXP 	fixDotBlue: autoDraw = False
263.1134 	EXP 	visCueText: text = 'Left'
263.1134 	EXP 	visCueText: autoDraw = True
264.1140 	EXP 	visCueText: autoDraw = False
264.1140 	EXP 	fixDot: autoDraw = True
265.1149 	EXP 	Sound soundStim started
267.9174 	EXP 	Sound soundStim reached end of file
268.9178 	EXP 	fixDot: autoDraw = False
268.9178 	EXP 	fixDotBlue: autoDraw = True
269.9599 	DATA 	Keypress: down
276.9114 	EXP 	New trial (rep=0, index=17): OrderedDict([('iStimSide', 0), ('iTargSide', 0), ('iSideFirst', 0), ('iStim', 0), ('iGen', 1), ('sylTarg', 123), ('sylDist', 231), ('sylCent', 2332)])
276.9419 	EXP 	visCueText: autoDraw = False
276.9419 	EXP 	fixDot: autoDraw = False
276.9419 	EXP 	fixDotBlue: autoDraw = False
277.9252 	EXP 	visCueText: text = 'Left'
277.9252 	EXP 	visCueText: autoDraw = True
278.9260 	EXP 	visCueText: autoDraw = False
278.9260 	EXP 	fixDot: autoDraw = True
279.9265 	EXP 	Sound soundStim started
282.7281 	EXP 	Sound soundStim reached end of file
283.7298 	EXP 	fixDot: autoDraw = False
283.7298 	EXP 	fixDotBlue: autoDraw = True
284.9555 	DATA 	Keypress: down
291.7064 	EXP 	New trial (rep=0, index=18): OrderedDict([('iStimSide', 0), ('iTargSide', 1), ('iSideFirst', 0), ('iStim', 1), ('iGen', 1), ('sylTarg', 213), ('sylDist', 321), ('sylCent', 1311)])
291.7372 	EXP 	visCueText: autoDraw = False
291.7372 	EXP 	fixDot: autoDraw = False
291.7372 	EXP 	fixDotBlue: autoDraw = False
292.7372 	EXP 	visCueText: text = 'Right'
292.7372 	EXP 	visCueText: autoDraw = True
293.7210 	EXP 	fixDot: autoDraw = True
293.7378 	EXP 	visCueText: autoDraw = False
294.7225 	EXP 	Sound soundStim started
297.5226 	EXP 	Sound soundStim reached end of file
298.0639 	DATA 	Keypress: down
298.5252 	EXP 	fixDot: autoDraw = False
298.5252 	EXP 	fixDotBlue: autoDraw = True
306.5016 	EXP 	New trial (rep=0, index=19): OrderedDict([('iStimSide', 1), ('iTargSide', 1), ('iSideFirst', 1), ('iStim', 0), ('iGen', 0), ('sylTarg', 131), ('sylDist', 323), ('sylCent', 1123)])
306.5320 	EXP 	visCueText: autoDraw = False
306.5320 	EXP 	fixDot: autoDraw = False
306.5320 	EXP 	fixDotBlue: autoDraw = False
307.5157 	EXP 	visCueText: text = 'Right'
307.5157 	EXP 	visCueText: autoDraw = True
308.5163 	EXP 	visCueText: autoDraw = False
308.5163 	EXP 	fixDot: autoDraw = True
309.5172 	EXP 	Sound soundStim started
312.3168 	EXP 	Sound soundStim reached end of file
313.3199 	EXP 	fixDot: autoDraw = False
313.3199 	EXP 	fixDotBlue: autoDraw = True
316.3817 	DATA 	Keypress: down
321.3138 	EXP 	New trial (rep=0, index=20): OrderedDict([('iStimSide', 1), ('iTargSide', 0), ('iSideFirst', 1), ('iStim', 1), ('iGen', 0), ('sylTarg', 332), ('sylDist', 121), ('sylCent', 2113)])
321.3440 	EXP 	visCueText: autoDraw = False
321.3440 	EXP 	fixDot: autoDraw = False
321.3440 	EXP 	fixDotBlue: autoDraw = False
322.3447 	EXP 	visCueText: text = 'Left'
322.3447 	EXP 	visCueText: autoDraw = True
323.3281 	EXP 	fixDot: autoDraw = True
323.3455 	EXP 	visCueText: autoDraw = False
324.3290 	EXP 	Sound soundStim started
327.1273 	EXP 	Sound soundStim stopped
328.1322 	EXP 	fixDot: autoDraw = False
328.1322 	EXP 	fixDotBlue: autoDraw = True
329.0742 	DATA 	Keypress: down
336.1088 	EXP 	New trial (rep=0, index=21): OrderedDict([('iStimSide', 0), ('iTargSide', 1), ('iSideFirst', 0), ('iStim', 1), ('iGen', 1), ('sylTarg', 313), ('sylDist', 231), ('sylCent', 3323)])
336.1397 	EXP 	visCueText: autoDraw = False
336.1397 	EXP 	fixDot: autoDraw = False
336.1397 	EXP 	fixDotBlue: autoDraw = False
337.1393 	EXP 	visCueText: text = 'Right'
337.1393 	EXP 	visCueText: autoDraw = True
338.1238 	EXP 	fixDot: autoDraw = True
338.1402 	EXP 	visCueText: autoDraw = False
339.1244 	EXP 	Sound soundStim started
341.2654 	DATA 	Keypress: down
341.9271 	EXP 	Sound soundStim reached end of file
342.9273 	EXP 	fixDot: autoDraw = False
342.9273 	EXP 	fixDotBlue: autoDraw = True
350.9033 	EXP 	New trial (rep=0, index=22): OrderedDict([('iStimSide', 0), ('iTargSide', 0), ('iSideFirst', 0), ('iStim', 1), ('iGen', 1), ('sylTarg', 221), ('sylDist', 133), ('sylCent', 3113)])
350.9176 	EXP 	visCueText: autoDraw = False
350.9176 	EXP 	fixDot: autoDraw = False
350.9176 	EXP 	fixDotBlue: autoDraw = False
351.9176 	EXP 	visCueText: text = 'Left'
351.9176 	EXP 	visCueText: autoDraw = True
352.9020 	EXP 	fixDot: autoDraw = True
352.9187 	EXP 	visCueText: autoDraw = False
353.9029 	EXP 	Sound soundStim started
356.7053 	EXP 	Sound soundStim reached end of file
357.7060 	EXP 	fixDot: autoDraw = False
357.7060 	EXP 	fixDotBlue: autoDraw = True
359.3651 	DATA 	Keypress: down
365.6974 	EXP 	New trial (rep=0, index=23): OrderedDict([('iStimSide', 1), ('iTargSide', 0), ('iSideFirst', 0), ('iStim', 0), ('iGen', 1), ('sylTarg', 213), ('sylDist', 321), ('sylCent', 1221)])
365.7130 	EXP 	fixDotBlue: autoDraw = False
365.7130 	EXP 	visCueText: autoDraw = False
365.7130 	EXP 	fixDot: autoDraw = False
365.7130 	EXP 	fixDotBlue: autoDraw = False
366.6962 	EXP 	visCueText: text = 'Left'
366.6962 	EXP 	visCueText: autoDraw = True
367.6972 	EXP 	visCueText: autoDraw = False
367.6972 	EXP 	fixDot: autoDraw = True
368.6977 	EXP 	Sound soundStim started
371.4945 	EXP 	Sound soundStim stopped
372.5007 	EXP 	fixDot: autoDraw = False
372.5007 	EXP 	fixDotBlue: autoDraw = True
373.1751 	DATA 	Keypress: down
380.4954 	EXP 	New trial (rep=0, index=24): OrderedDict([('iStimSide', 0), ('iTargSide', 1), ('iSideFirst', 1), ('iStim', 0), ('iGen', 0), ('sylTarg', 313), ('sylDist', 232), ('sylCent', 1122)])
380.5252 	EXP 	fixDotBlue: autoDraw = False
380.5252 	EXP 	visCueText: autoDraw = False
380.5252 	EXP 	fixDot: autoDraw = False
380.5252 	EXP 	fixDotBlue: autoDraw = False
381.5080 	EXP 	visCueText: text = 'Right'
381.5080 	EXP 	visCueText: autoDraw = True
382.5091 	EXP 	visCueText: autoDraw = False
382.5091 	EXP 	fixDot: autoDraw = True
383.5100 	EXP 	Sound soundStim started
386.3098 	EXP 	Sound soundStim reached end of file
387.3132 	EXP 	fixDot: autoDraw = False
387.3132 	EXP 	fixDotBlue: autoDraw = True
388.6712 	DATA 	Keypress: down
395.3066 	EXP 	New trial (rep=0, index=25): OrderedDict([('iStimSide', 1), ('iTargSide', 1), ('iSideFirst', 0), ('iStim', 0), ('iGen', 1), ('sylTarg', 312), ('sylDist', 231), ('sylCent', 2133)])
395.3372 	EXP 	visCueText: autoDraw = False
395.3372 	EXP 	fixDot: autoDraw = False
395.3372 	EXP 	fixDotBlue: autoDraw = False
396.3203 	EXP 	visCueText: text = 'Right'
396.3203 	EXP 	visCueText: autoDraw = True
397.3211 	EXP 	visCueText: autoDraw = False
397.3211 	EXP 	fixDot: autoDraw = True
398.3218 	EXP 	Sound soundStim started
401.1218 	EXP 	Sound soundStim reached end of file
402.1257 	EXP 	fixDot: autoDraw = False
402.1257 	EXP 	fixDotBlue: autoDraw = True
404.6186 	DATA 	Keypress: down
410.1004 	EXP 	New trial (rep=0, index=26): OrderedDict([('iStimSide', 0), ('iTargSide', 1), ('iSideFirst', 0), ('iStim', 1), ('iGen', 1), ('sylTarg', 212), ('sylDist', 323), ('sylCent', 2133)])
410.1326 	EXP 	visCueText: autoDraw = False
410.1326 	EXP 	fixDot: autoDraw = False
410.1326 	EXP 	fixDotBlue: autoDraw = False
411.1154 	EXP 	visCueText: text = 'Right'
411.1154 	EXP 	visCueText: autoDraw = True
412.1160 	EXP 	visCueText: autoDraw = False
412.1160 	EXP 	fixDot: autoDraw = True
413.1169 	EXP 	Sound soundStim started
415.9149 	EXP 	Sound soundStim stopped
416.9201 	EXP 	fixDot: autoDraw = False
416.9201 	EXP 	fixDotBlue: autoDraw = True
419.2457 	DATA 	Keypress: down
424.9137 	EXP 	New trial (rep=0, index=27): OrderedDict([('iStimSide', 1), ('iTargSide', 1), ('iSideFirst', 1), ('iStim', 1), ('iGen', 1), ('sylTarg', 121), ('sylDist', 212), ('sylCent', 2122)])
424.9436 	EXP 	visCueText: autoDraw = False
424.9436 	EXP 	fixDot: autoDraw = False
424.9436 	EXP 	fixDotBlue: autoDraw = False
425.9277 	EXP 	visCueText: text = 'Right'
425.9277 	EXP 	visCueText: autoDraw = True
426.9281 	EXP 	visCueText: autoDraw = False
426.9281 	EXP 	fixDot: autoDraw = True
427.9289 	EXP 	Sound soundStim started
430.7253 	EXP 	Sound soundStim stopped
431.7315 	EXP 	fixDot: autoDraw = False
431.7315 	EXP 	fixDotBlue: autoDraw = True
432.7410 	DATA 	Keypress: down
439.7084 	EXP 	New trial (rep=0, index=28): OrderedDict([('iStimSide', 0), ('iTargSide', 1), ('iSideFirst', 0), ('iStim', 0), ('iGen', 0), ('sylTarg', 323), ('sylDist', 232), ('sylCent', 2121)])
439.7394 	EXP 	visCueText: autoDraw = False
439.7394 	EXP 	fixDot: autoDraw = False
439.7394 	EXP 	fixDotBlue: autoDraw = False
440.7225 	EXP 	visCueText: text = 'Right'
440.7225 	EXP 	visCueText: autoDraw = True
441.7233 	EXP 	visCueText: autoDraw = False
441.7233 	EXP 	fixDot: autoDraw = True
442.7242 	EXP 	Sound soundStim started
445.5251 	EXP 	Sound soundStim reached end of file
446.5271 	EXP 	fixDot: autoDraw = False
446.5271 	EXP 	fixDotBlue: autoDraw = True
451.3222 	DATA 	Keypress: down
454.5030 	EXP 	New trial (rep=0, index=29): OrderedDict([('iStimSide', 1), ('iTargSide', 1), ('iSideFirst', 0), ('iStim', 1), ('iGen', 0), ('sylTarg', 123), ('sylDist', 312), ('sylCent', 1223)])
454.5340 	EXP 	visCueText: autoDraw = False
454.5340 	EXP 	fixDot: autoDraw = False
454.5340 	EXP 	fixDotBlue: autoDraw = False
455.5178 	EXP 	visCueText: text = 'Right'
455.5178 	EXP 	visCueText: autoDraw = True
456.5185 	EXP 	visCueText: autoDraw = False
456.5185 	EXP 	fixDot: autoDraw = True
457.5192 	EXP 	Sound soundStim started
460.3198 	EXP 	Sound soundStim reached end of file
461.3225 	EXP 	fixDot: autoDraw = False
461.3225 	EXP 	fixDotBlue: autoDraw = True
469.3143 	EXP 	New trial (rep=0, index=30): OrderedDict([('iStimSide', 1), ('iTargSide', 1), ('iSideFirst', 1), ('iStim', 0), ('iGen', 1), ('sylTarg', 132), ('sylDist', 321), ('sylCent', 2231)])
469.3475 	EXP 	visCueText: autoDraw = False
469.3475 	EXP 	fixDot: autoDraw = False
469.3475 	EXP 	fixDotBlue: autoDraw = False
470.3130 	EXP 	visCueText: text = 'Right'
470.3130 	EXP 	visCueText: autoDraw = True
471.3140 	EXP 	visCueText: autoDraw = False
471.3140 	EXP 	fixDot: autoDraw = True
472.3146 	EXP 	Sound soundStim started
475.1141 	EXP 	Sound soundStim stopped
476.1180 	EXP 	fixDot: autoDraw = False
476.1180 	EXP 	fixDotBlue: autoDraw = True
484.1100 	EXP 	New trial (rep=0, index=31): OrderedDict([('iStimSide', 0), ('iTargSide', 1), ('iSideFirst', 0), ('iStim', 0), ('iGen', 1), ('sylTarg', 313), ('sylDist', 231), ('sylCent', 1133)])
484.1413 	EXP 	visCueText: autoDraw = False
484.1413 	EXP 	fixDot: autoDraw = False
484.1413 	EXP 	fixDotBlue: autoDraw = False
485.1252 	EXP 	visCueText: text = 'Right'
485.1252 	EXP 	visCueText: autoDraw = True
486.1256 	EXP 	visCueText: autoDraw = False
486.1256 	EXP 	fixDot: autoDraw = True
487.1268 	EXP 	Sound soundStim started
489.9246 	EXP 	Sound soundStim stopped
490.9298 	EXP 	fixDot: autoDraw = False
490.9298 	EXP 	fixDotBlue: autoDraw = True
498.9525 	EXP 	visCueText: autoDraw = False
498.9525 	EXP 	fixDot: autoDraw = False
498.9525 	EXP 	fixDotBlue: autoDraw = False
498.9525 	EXP 	blockEndText: text = 'End of Block 1\nYour accuracy: 31.25\nPress space to begin next block'
498.9525 	EXP 	blockEndText: autoDraw = True
878.0573 	EXP 	blockEndText: autoDraw = False
878.0573 	EXP 	expEndText: autoDraw = True
879.3918 	EXP 	expEndText: autoDraw = False
910.8980 	EXP 	window1: mouseVisible = True
