0.5176 	WARNING 	Speech-to-text recognition module not available (use command `pip install SpeechRecognition` to get it. Transcription will be unavailable.
31.0721 	EXP 	Created window1 = Window(allowGUI=False, allowStencil=False, autoLog=True, backendConf=UNKNOWN, bitsMode=UNKNOWN, blendMode='avg', bpc=(8, 8, 8), color=array([-1, -1, -1]), colorSpace='rgb', depthBits=8, fullscr=<method-wrapper '__getattribute__' of attributeSetter object at 0x0000029B05A3D748>, gamma=None, gammaErrorPolicy='raise', lms=UNKNOWN, monitor=<psychopy.monitors.calibTools.Monitor object at 0x0000029B05AB4208>, multiSample=False, name='window1', numSamples=2, pos=[360.0, 300.0], screen=0, size=array([1200,  600]), stencilBits=0, stereo=False, units='height', useFBO=True, useRetina=False, viewOri=0.0, viewPos=None, viewScale=None, waitBlanking=True, winType='pyglet')
31.0727 	EXP 	window1: mouseVisible = True
31.0728 	EXP 	window1: recordFrameIntervals = False
31.2376 	EXP 	window1: recordFrameIntervals = True
31.4193 	EXP 	window1: recordFrameIntervals = False
31.8942 	EXP 	Created expStartText = TextStim(__class__=<class 'psychopy.visual.text.TextStim'>, alignHoriz=method-wrapper(...), alignText='center', alignVert=method-wrapper(...), anchorHoriz='center', anchorVert='center', antialias=True, autoLog=True, bold=False, color=array([1., 1., 1.]), colorSpace='rgb', contrast=1.0, depth=0.0, flipHoriz=False, flipVert=False, font='Open Sans', fontFiles=[], height=0.025, italic=False, languageStyle='LTR', name='expStartText', opacity=1, ori=0.0, pos=array([0., 0.]), rgb=UNKNOWN, text='Press space to begin', units='height', win=Window(...), wrapWidth=1)
31.9012 	EXP 	Created blockStartText = TextStim(__class__=<class 'psychopy.visual.text.TextStim'>, alignHoriz=method-wrapper(...), alignText='center', alignVert=method-wrapper(...), anchorHoriz='center', anchorVert='center', antialias=True, autoLog=True, bold=False, color=array([1., 1., 1.]), colorSpace='rgb', contrast=1.0, depth=0.0, flipHoriz=False, flipVert=False, font='Open Sans', fontFiles=[], height=0.025, italic=False, languageStyle='LTR', name='blockStartText', opacity=1, ori=0.0, pos=array([0., 0.]), rgb=UNKNOWN, text='Block 1 of 1\nPress space to begin', units='height', win=Window(...), wrapWidth=1)
31.9040 	EXP 	Created visCueText = TextStim(__class__=<class 'psychopy.visual.text.TextStim'>, alignHoriz=method-wrapper(...), alignText='center', alignVert=method-wrapper(...), anchorHoriz='center', anchorVert='center', antialias=True, autoLog=True, bold=False, color=array([1., 1., 1.]), colorSpace='rgb', contrast=1.0, depth=0.0, flipHoriz=False, flipVert=False, font='Open Sans', fontFiles=[], height=0.025, italic=False, languageStyle='LTR', name='visCueText', opacity=1, ori=0.0, pos=array([0., 0.]), rgb=UNKNOWN, text='Test', units='height', win=Window(...), wrapWidth=1)
31.9087 	EXP 	Created fixDot = ShapeStim(__class__=<class 'psychopy.visual.shape.ShapeStim'>, autoDraw=False, autoLog=True, closeShape=True, color=method-wrapper(...), colorSpace='rgb', contrast=None, depth=-1.0, fillColor=array([1, 1, 1]), fillColorSpace='rgb', fillRGB=array([1, 1, 1]), interpolate=True, lineColor=array([1., 1., 1.]), lineColorSpace='rgb', lineRGB=array([1, 1, 1]), lineWidth=1.0, name='fixDot', opacity=1, ori=0.0, pos=array([0., 0.]), size=array([0.015, 0.015]), units='height', vertices=ndarray(...), win=Window(...), windingRule=None)
31.9125 	EXP 	Created fixDotBlue = ShapeStim(__class__=<class 'psychopy.visual.shape.ShapeStim'>, autoDraw=False, autoLog=True, closeShape=True, color=method-wrapper(...), colorSpace='rgb', contrast=None, depth=-2.0, fillColor=array([-1, -1,  1]), fillColorSpace='rgb', fillRGB=array([-1, -1,  1]), interpolate=True, lineColor=array([-1., -1.,  1.]), lineColorSpace='rgb', lineRGB=array([-1, -1,  1]), lineWidth=1.0, name='fixDotBlue', opacity=1, ori=0.0, pos=array([0., 0.]), size=array([0.015, 0.015]), units='height', vertices=ndarray(...), win=Window(...), windingRule=None)
32.0430 	EXP 	Sound soundStim set volume 0.000
32.0486 	EXP 	Created blockEndText = TextStim(__class__=<class 'psychopy.visual.text.TextStim'>, alignHoriz=method-wrapper(...), alignText='center', alignVert=method-wrapper(...), anchorHoriz='center', anchorVert='center', antialias=True, autoLog=True, bold=False, color=array([1., 1., 1.]), colorSpace='rgb', contrast=1.0, depth=0.0, flipHoriz=False, flipVert=False, font='Open Sans', fontFiles=[], height=0.025, italic=False, languageStyle='LTR', name='blockEndText', opacity=1, ori=0.0, pos=array([0., 0.]), rgb=UNKNOWN, text=str(...), units='height', win=Window(...), wrapWidth=1)
32.0541 	EXP 	Created expEndText = TextStim(__class__=<class 'psychopy.visual.text.TextStim'>, alignHoriz=method-wrapper(...), alignText='center', alignVert=method-wrapper(...), anchorHoriz='center', anchorVert='center', antialias=True, autoLog=True, bold=False, color=array([1., 1., 1.]), colorSpace='rgb', contrast=1.0, depth=0.0, flipHoriz=False, flipVert=False, font='Open Sans', fontFiles=[], height=0.025, italic=False, languageStyle='LTR', name='expEndText', opacity=1, ori=0.0, pos=array([0., 0.]), rgb=UNKNOWN, text='End of experiment! \nPlease stay seated.', units='height', win=Window(...), wrapWidth=1)
32.1041 	EXP 	expStartText: autoDraw = True
32.5946 	DATA 	Keypress: space
33.1297 	DATA 	Keypress: space
33.1442 	EXP 	Created sequence: sequential, trialTypes=1, nReps=6, seed=None
33.1449 	EXP 	New trial (rep=0, index=0): None
33.1582 	EXP 	Imported C:\Users\Lab Admin\Documents\AlexP\stim-clone\stim-attention\trialInfo\1\1.csv as conditions, 32 conditions, 10 params
33.1585 	EXP 	Created sequence: sequential, trialTypes=32, nReps=1, seed=None
33.1713 	EXP 	expStartText: autoDraw = False
43.1620 	EXP 	blockStartText: text = 'Block 1 of 6\n Press space to continue'
43.1620 	EXP 	blockStartText: autoDraw = True
44.6691 	EXP 	Imported C:\Users\Lab Admin\Documents\AlexP\stim-clone\stim-attention\trialInfo\1\1.csv as conditions, 32 conditions, 10 params
44.6697 	EXP 	Created sequence: sequential, trialTypes=32, nReps=1, seed=None
44.6702 	EXP 	New trial (rep=0, index=0): OrderedDict([('iStimSide', 0), ('iTargSide', 0), ('iSideFirst', 0), ('iStim', 1), ('iGen', 0), ('sylTarg', 121), ('sylDist', 232), ('sylCent', 2333), ('sylFlank', 222), ('sylFlankFirst', 0)])
44.6812 	DATA 	Keypress: space
44.6979 	EXP 	blockStartText: autoDraw = False
45.6977 	EXP 	visCueText: text = 'Left'
45.6977 	EXP 	visCueText: autoDraw = True
46.6820 	EXP 	fixDot: autoDraw = True
46.6990 	EXP 	visCueText: autoDraw = False
47.6835 	EXP 	Sound soundStim started
48.6409 	DATA 	Keypress: escape
48.7405 	EXP 	window1: mouseVisible = True
