0.4832 	WARNING 	Speech-to-text recognition module not available (use command `pip install SpeechRecognition` to get it. Transcription will be unavailable.
5.5225 	EXP 	Created window1 = Window(allowGUI=False, allowStencil=False, autoLog=True, backendConf=UNKNOWN, bitsMode=UNKNOWN, blendMode='avg', bpc=(8, 8, 8), color=array([-1, -1, -1]), colorSpace='rgb', depthBits=8, fullscr=<method-wrapper '__getattribute__' of attributeSetter object at 0x000001F60565C7B8>, gamma=None, gammaErrorPolicy='raise', lms=UNKNOWN, monitor=<psychopy.monitors.calibTools.Monitor object at 0x000001F5A34ACE48>, multiSample=False, name='window1', numSamples=2, pos=[360.0, 300.0], screen=0, size=array([1200,  600]), stencilBits=0, stereo=False, units='height', useFBO=True, useRetina=False, viewOri=0.0, viewPos=None, viewScale=None, waitBlanking=True, winType='pyglet')
5.5231 	EXP 	window1: mouseVisible = True
5.5232 	EXP 	window1: recordFrameIntervals = False
5.6874 	EXP 	window1: recordFrameIntervals = True
5.8729 	EXP 	window1: recordFrameIntervals = False
6.3253 	EXP 	Created expStartText = TextStim(__class__=<class 'psychopy.visual.text.TextStim'>, alignHoriz=method-wrapper(...), alignText='center', alignVert=method-wrapper(...), anchorHoriz='center', anchorVert='center', antialias=True, autoLog=True, bold=False, color=array([1., 1., 1.]), colorSpace='rgb', contrast=1.0, depth=0.0, flipHoriz=False, flipVert=False, font='Open Sans', fontFiles=[], height=0.025, italic=False, languageStyle='LTR', name='expStartText', opacity=1, ori=0.0, pos=array([0., 0.]), rgb=UNKNOWN, text='Press space to begin', units='height', win=Window(...), wrapWidth=1)
6.3314 	EXP 	Created blockStartText = TextStim(__class__=<class 'psychopy.visual.text.TextStim'>, alignHoriz=method-wrapper(...), alignText='center', alignVert=method-wrapper(...), anchorHoriz='center', anchorVert='center', antialias=True, autoLog=True, bold=False, color=array([1., 1., 1.]), colorSpace='rgb', contrast=1.0, depth=0.0, flipHoriz=False, flipVert=False, font='Open Sans', fontFiles=[], height=0.025, italic=False, languageStyle='LTR', name='blockStartText', opacity=1, ori=0.0, pos=array([0., 0.]), rgb=UNKNOWN, text='Block 1 of 1\nPress space to begin', units='height', win=Window(...), wrapWidth=1)
6.3339 	EXP 	Created visCueText = TextStim(__class__=<class 'psychopy.visual.text.TextStim'>, alignHoriz=method-wrapper(...), alignText='center', alignVert=method-wrapper(...), anchorHoriz='center', anchorVert='center', antialias=True, autoLog=True, bold=False, color=array([1., 1., 1.]), colorSpace='rgb', contrast=1.0, depth=0.0, flipHoriz=False, flipVert=False, font='Open Sans', fontFiles=[], height=0.025, italic=False, languageStyle='LTR', name='visCueText', opacity=1, ori=0.0, pos=array([0., 0.]), rgb=UNKNOWN, text='Test', units='height', win=Window(...), wrapWidth=1)
6.3386 	EXP 	Created fixDot = ShapeStim(__class__=<class 'psychopy.visual.shape.ShapeStim'>, autoDraw=False, autoLog=True, closeShape=True, color=method-wrapper(...), colorSpace='rgb', contrast=None, depth=-1.0, fillColor=array([1, 1, 1]), fillColorSpace='rgb', fillRGB=array([1, 1, 1]), interpolate=True, lineColor=array([1., 1., 1.]), lineColorSpace='rgb', lineRGB=array([1, 1, 1]), lineWidth=1.0, name='fixDot', opacity=1, ori=0.0, pos=array([0., 0.]), size=array([0.015, 0.015]), units='height', vertices=ndarray(...), win=Window(...), windingRule=None)
6.3425 	EXP 	Created fixDotBlue = ShapeStim(__class__=<class 'psychopy.visual.shape.ShapeStim'>, autoDraw=False, autoLog=True, closeShape=True, color=method-wrapper(...), colorSpace='rgb', contrast=None, depth=-2.0, fillColor=array([-1, -1,  1]), fillColorSpace='rgb', fillRGB=array([-1, -1,  1]), interpolate=True, lineColor=array([-1., -1.,  1.]), lineColorSpace='rgb', lineRGB=array([-1, -1,  1]), lineWidth=1.0, name='fixDotBlue', opacity=1, ori=0.0, pos=array([0., 0.]), size=array([0.015, 0.015]), units='height', vertices=ndarray(...), win=Window(...), windingRule=None)
6.4708 	EXP 	Sound soundStim set volume 0.000
6.4757 	EXP 	Created blockEndText = TextStim(__class__=<class 'psychopy.visual.text.TextStim'>, alignHoriz=method-wrapper(...), alignText='center', alignVert=method-wrapper(...), anchorHoriz='center', anchorVert='center', antialias=True, autoLog=True, bold=False, color=array([1., 1., 1.]), colorSpace='rgb', contrast=1.0, depth=0.0, flipHoriz=False, flipVert=False, font='Open Sans', fontFiles=[], height=0.025, italic=False, languageStyle='LTR', name='blockEndText', opacity=1, ori=0.0, pos=array([0., 0.]), rgb=UNKNOWN, text=str(...), units='height', win=Window(...), wrapWidth=1)
6.4803 	EXP 	Created expEndText = TextStim(__class__=<class 'psychopy.visual.text.TextStim'>, alignHoriz=method-wrapper(...), alignText='center', alignVert=method-wrapper(...), anchorHoriz='center', anchorVert='center', antialias=True, autoLog=True, bold=False, color=array([1., 1., 1.]), colorSpace='rgb', contrast=1.0, depth=0.0, flipHoriz=False, flipVert=False, font='Open Sans', fontFiles=[], height=0.025, italic=False, languageStyle='LTR', name='expEndText', opacity=1, ori=0.0, pos=array([0., 0.]), rgb=UNKNOWN, text='End of experiment! \nPlease stay seated.', units='height', win=Window(...), wrapWidth=1)
6.5207 	EXP 	expStartText: autoDraw = True
7.1421 	DATA 	Keypress: space
7.5781 	EXP 	Created sequence: sequential, trialTypes=1, nReps=6, seed=None
7.5789 	EXP 	New trial (rep=0, index=0): None
7.6037 	EXP 	Imported C:\Users\Lab Admin\Documents\AlexP\stim-clone\stim-attention\trialInfo\1\1.csv as conditions, 32 conditions, 10 params
7.6042 	EXP 	Created sequence: sequential, trialTypes=32, nReps=1, seed=None
7.6072 	DATA 	Keypress: space
7.6216 	EXP 	expStartText: autoDraw = False
17.5789 	EXP 	blockStartText: text = 'Block 1 of 6\n Press space to continue'
17.5789 	EXP 	blockStartText: autoDraw = True
18.7875 	EXP 	Imported C:\Users\Lab Admin\Documents\AlexP\stim-clone\stim-attention\trialInfo\1\1.csv as conditions, 32 conditions, 10 params
18.7880 	EXP 	Created sequence: sequential, trialTypes=32, nReps=1, seed=None
18.7886 	EXP 	New trial (rep=0, index=0): OrderedDict([('iStimSide', 0), ('iTargSide', 0), ('iSideFirst', 0), ('iStim', 1), ('iGen', 0), ('sylTarg', 121), ('sylDist', 232), ('sylCent', 2333), ('sylFlank', 222), ('sylFlankFirst', 0)])
18.8004 	DATA 	Keypress: space
18.8142 	EXP 	blockStartText: autoDraw = False
19.8143 	EXP 	visCueText: text = 'Left'
19.8143 	EXP 	visCueText: autoDraw = True
20.8156 	EXP 	fixDot: autoDraw = True
20.8332 	EXP 	visCueText: autoDraw = False
21.8003 	EXP 	Sound soundStim started
24.6003 	EXP 	Sound soundStim reached end of file
25.6034 	EXP 	fixDotBlue: autoDraw = True
25.6201 	EXP 	fixDot: autoDraw = False
33.5849 	EXP 	New trial (rep=0, index=1): OrderedDict([('iStimSide', 0), ('iTargSide', 1), ('iSideFirst', 1), ('iStim', 1), ('iGen', 0), ('sylTarg', 211), ('sylDist', 323), ('sylCent', 2123), ('sylFlank', 122), ('sylFlankFirst', 1)])
33.6094 	EXP 	visCueText: autoDraw = False
33.6094 	EXP 	fixDot: autoDraw = False
33.6094 	EXP 	fixDotBlue: autoDraw = False
34.6099 	EXP 	visCueText: text = 'Right'
34.6099 	EXP 	visCueText: autoDraw = True
35.5942 	EXP 	fixDot: autoDraw = True
35.6114 	EXP 	visCueText: autoDraw = False
36.5953 	EXP 	Sound soundStim started
39.3954 	EXP 	Sound soundStim reached end of file
40.0716 	DATA 	Keypress: escape
40.1882 	EXP 	window1: mouseVisible = True
