0.4206 	WARNING 	Speech-to-text recognition module not available (use command `pip install SpeechRecognition` to get it. Transcription will be unavailable.
4.8180 	DATA 	Keypress: num_1
4.8185 	DATA 	Keypress: return
4.8187 	DATA 	Keypress: num_1
5.1949 	EXP 	Created window1 = Window(allowGUI=False, allowStencil=False, autoLog=True, backendConf=UNKNOWN, bitsMode=UNKNOWN, blendMode='avg', bpc=(8, 8, 8), color=array([-1, -1, -1]), colorSpace='rgb', depthBits=8, fullscr=<method-wrapper '__getattribute__' of attributeSetter object at 0x0000019D345ED390>, gamma=None, gammaErrorPolicy='raise', lms=UNKNOWN, monitor=<psychopy.monitors.calibTools.Monitor object at 0x0000019D3465FF60>, multiSample=False, name='window1', numSamples=2, pos=[1120.0, 420.0], screen=0, size=array([1200,  600]), stencilBits=0, stereo=False, units='height', useFBO=True, useRetina=False, viewOri=0.0, viewPos=None, viewScale=None, waitBlanking=True, winType='pyglet')
5.1950 	EXP 	window1: mouseVisible = True
5.1950 	EXP 	window1: recordFrameIntervals = False
5.3624 	EXP 	window1: recordFrameIntervals = True
5.5792 	EXP 	window1: recordFrameIntervals = False
6.5562 	EXP 	Created expStartText = TextStim(__class__=<class 'psychopy.visual.text.TextStim'>, alignHoriz=method-wrapper(...), alignText='center', alignVert=method-wrapper(...), anchorHoriz='center', anchorVert='center', antialias=True, autoLog=True, bold=False, color=array([1., 1., 1.]), colorSpace='rgb', contrast=1.0, depth=0.0, flipHoriz=False, flipVert=False, font='Open Sans', fontFiles=[], height=0.025, italic=False, languageStyle='LTR', name='expStartText', opacity=1, ori=0.0, pos=array([0., 0.]), rgb=UNKNOWN, text='Press space to begin', units='height', win=Window(...), wrapWidth=1)
6.5619 	EXP 	Created blockStartText = TextStim(__class__=<class 'psychopy.visual.text.TextStim'>, alignHoriz=method-wrapper(...), alignText='center', alignVert=method-wrapper(...), anchorHoriz='center', anchorVert='center', antialias=True, autoLog=True, bold=False, color=array([1., 1., 1.]), colorSpace='rgb', contrast=1.0, depth=0.0, flipHoriz=False, flipVert=False, font='Open Sans', fontFiles=[], height=0.025, italic=False, languageStyle='LTR', name='blockStartText', opacity=1, ori=0.0, pos=array([0., 0.]), rgb=UNKNOWN, text='Block 1 of 1\nPress space to begin', units='height', win=Window(...), wrapWidth=1)
6.5645 	EXP 	Created visCueText = TextStim(__class__=<class 'psychopy.visual.text.TextStim'>, alignHoriz=method-wrapper(...), alignText='center', alignVert=method-wrapper(...), anchorHoriz='center', anchorVert='center', antialias=True, autoLog=True, bold=False, color=array([1., 1., 1.]), colorSpace='rgb', contrast=1.0, depth=0.0, flipHoriz=False, flipVert=False, font='Open Sans', fontFiles=[], height=0.025, italic=False, languageStyle='LTR', name='visCueText', opacity=1, ori=0.0, pos=array([0., 0.]), rgb=UNKNOWN, text='Test', units='height', win=Window(...), wrapWidth=1)
6.5695 	EXP 	Created fixDot = ShapeStim(__class__=<class 'psychopy.visual.shape.ShapeStim'>, autoDraw=False, autoLog=True, closeShape=True, color=method-wrapper(...), colorSpace='rgb', contrast=None, depth=-1.0, fillColor=array([1, 1, 1]), fillColorSpace='rgb', fillRGB=array([1, 1, 1]), interpolate=True, lineColor=array([1., 1., 1.]), lineColorSpace='rgb', lineRGB=array([1, 1, 1]), lineWidth=1.0, name='fixDot', opacity=1, ori=0.0, pos=array([0., 0.]), size=array([0.015, 0.015]), units='height', vertices=ndarray(...), win=Window(...), windingRule=None)
6.5747 	EXP 	Created fixDotBlue = ShapeStim(__class__=<class 'psychopy.visual.shape.ShapeStim'>, autoDraw=False, autoLog=True, closeShape=True, color=method-wrapper(...), colorSpace='rgb', contrast=None, depth=-2.0, fillColor=array([-1, -1,  1]), fillColorSpace='rgb', fillRGB=array([-1, -1,  1]), interpolate=True, lineColor=array([-1., -1.,  1.]), lineColorSpace='rgb', lineRGB=array([-1, -1,  1]), lineWidth=1.0, name='fixDotBlue', opacity=1, ori=0.0, pos=array([0., 0.]), size=array([0.015, 0.015]), units='height', vertices=ndarray(...), win=Window(...), windingRule=None)
6.6511 	EXP 	Sound soundStim set volume 0.000
6.6559 	EXP 	Created blockEndText = TextStim(__class__=<class 'psychopy.visual.text.TextStim'>, alignHoriz=method-wrapper(...), alignText='center', alignVert=method-wrapper(...), anchorHoriz='center', anchorVert='center', antialias=True, autoLog=True, bold=False, color=array([1., 1., 1.]), colorSpace='rgb', contrast=1.0, depth=0.0, flipHoriz=False, flipVert=False, font='Open Sans', fontFiles=[], height=0.025, italic=False, languageStyle='LTR', name='blockEndText', opacity=1, ori=0.0, pos=array([0., 0.]), rgb=UNKNOWN, text=str(...), units='height', win=Window(...), wrapWidth=1)
6.6600 	EXP 	Created expEndText = TextStim(__class__=<class 'psychopy.visual.text.TextStim'>, alignHoriz=method-wrapper(...), alignText='center', alignVert=method-wrapper(...), anchorHoriz='center', anchorVert='center', antialias=True, autoLog=True, bold=False, color=array([1., 1., 1.]), colorSpace='rgb', contrast=1.0, depth=0.0, flipHoriz=False, flipVert=False, font='Open Sans', fontFiles=[], height=0.025, italic=False, languageStyle='LTR', name='expEndText', opacity=1, ori=0.0, pos=array([0., 0.]), rgb=UNKNOWN, text='End of experiment! \nPlease stay seated.', units='height', win=Window(...), wrapWidth=1)
6.6926 	EXP 	expStartText: autoDraw = True
7.5328 	DATA 	Mouse: Left button down, pos=(527,244)
7.5783 	DATA 	Mouse:  Left button up, pos=(527,244)
7.7127 	EXP 	Created sequence: sequential, trialTypes=1, nReps=6, seed=None
7.7129 	EXP 	New trial (rep=0, index=0): None
7.7200 	EXP 	Imported C:\Users\Alex\Documents\MATLAB\cmu\stim_v2\trialInfo\1\1.csv as conditions, 32 conditions, 8 params
7.7203 	EXP 	Created sequence: sequential, trialTypes=32, nReps=32, seed=None
7.7222 	DATA 	Keypress: space
7.7262 	EXP 	expStartText: autoDraw = False
17.7015 	EXP 	blockStartText: text = 'Block 1 of 6\n Press space to continue'
17.7015 	EXP 	blockStartText: autoDraw = True
18.4883 	DATA 	Mouse: Left button down, pos=(553,263)
18.5726 	DATA 	Mouse:  Left button up, pos=(553,263)
19.4912 	EXP 	Imported C:\Users\Alex\Documents\MATLAB\cmu\stim_v2\trialInfo\1\1.csv as conditions, 32 conditions, 8 params
19.4915 	EXP 	Created sequence: sequential, trialTypes=32, nReps=32, seed=None
19.4918 	EXP 	New trial (rep=0, index=0): OrderedDict([('iStimSide', 0), ('iTargSide', 1), ('iSideFirst', 1), ('iStim', 1), ('iGen', 1), ('sylTarg', 323), ('sylDist', 231), ('sylCent', 1133)])
19.4972 	DATA 	Keypress: space
19.5181 	EXP 	blockStartText: autoDraw = False
20.5021 	EXP 	visCueText: text = 'Right'
20.5021 	EXP 	visCueText: autoDraw = True
21.5026 	EXP 	visCueText: autoDraw = False
21.5026 	EXP 	fixDot: autoDraw = True
22.5029 	EXP 	Sound soundStim started
25.2983 	EXP 	Sound soundStim stopped
26.3048 	EXP 	fixDot: autoDraw = False
26.3048 	EXP 	fixDotBlue: autoDraw = True
26.7747 	DATA 	Keypress: num_3
26.9587 	DATA 	Keypress: num_2
27.1421 	DATA 	Keypress: num_3
36.2959 	EXP 	New trial (rep=0, index=1): OrderedDict([('iStimSide', 0), ('iTargSide', 0), ('iSideFirst', 1), ('iStim', 1), ('iGen', 0), ('sylTarg', 123), ('sylDist', 231), ('sylCent', 3233)])
36.3109 	EXP 	visCueText: autoDraw = False
36.3109 	EXP 	fixDot: autoDraw = False
36.3109 	EXP 	fixDotBlue: autoDraw = False
37.2935 	EXP 	visCueText: text = 'Left'
37.2935 	EXP 	visCueText: autoDraw = True
38.2928 	EXP 	visCueText: autoDraw = False
38.2928 	EXP 	fixDot: autoDraw = True
39.2929 	EXP 	Sound soundStim started
42.0883 	EXP 	Sound soundStim stopped
43.0951 	EXP 	fixDot: autoDraw = False
43.0951 	EXP 	fixDotBlue: autoDraw = True
48.1841 	DATA 	Keypress: num_1
48.4187 	DATA 	Keypress: num_2
48.6523 	DATA 	Keypress: num_3
53.0860 	EXP 	New trial (rep=0, index=2): OrderedDict([('iStimSide', 0), ('iTargSide', 0), ('iSideFirst', 0), ('iStim', 1), ('iGen', 0), ('sylTarg', 233), ('sylDist', 312), ('sylCent', 1131)])
53.1018 	EXP 	fixDotBlue: autoDraw = False
53.1018 	EXP 	visCueText: autoDraw = False
53.1018 	EXP 	fixDot: autoDraw = False
53.1018 	EXP 	fixDotBlue: autoDraw = False
54.0845 	EXP 	visCueText: text = 'Left'
54.0845 	EXP 	visCueText: autoDraw = True
55.0834 	EXP 	visCueText: autoDraw = False
55.0834 	EXP 	fixDot: autoDraw = True
56.0866 	EXP 	Sound soundStim started
58.8883 	EXP 	Sound soundStim reached end of file
59.8857 	EXP 	fixDot: autoDraw = False
59.8857 	EXP 	fixDotBlue: autoDraw = True
62.5078 	DATA 	Keypress: num_2
62.7404 	DATA 	Keypress: num_2
62.8583 	DATA 	Keypress: num_3
63.0754 	DATA 	Keypress: num_3
63.6590 	DATA 	Keypress: num_3
69.8772 	EXP 	New trial (rep=0, index=3): OrderedDict([('iStimSide', 1), ('iTargSide', 1), ('iSideFirst', 1), ('iStim', 0), ('iGen', 0), ('sylTarg', 313), ('sylDist', 122), ('sylCent', 3111)])
69.8927 	EXP 	fixDotBlue: autoDraw = False
69.8927 	EXP 	visCueText: autoDraw = False
69.8927 	EXP 	fixDot: autoDraw = False
69.8927 	EXP 	fixDotBlue: autoDraw = False
70.8753 	EXP 	visCueText: text = 'Right'
70.8753 	EXP 	visCueText: autoDraw = True
71.8759 	EXP 	visCueText: autoDraw = False
71.8759 	EXP 	fixDot: autoDraw = True
72.7768 	DATA 	Keypress: escape
72.8762 	EXP 	Sound soundStim started
72.9049 	EXP 	window1: mouseVisible = True
