0.4052 	WARNING 	Speech-to-text recognition module not available (use command `pip install SpeechRecognition` to get it. Transcription will be unavailable.
4.1956 	DATA 	Keypress: 1
4.5939 	EXP 	Created window1 = Window(allowGUI=False, allowStencil=False, autoLog=True, backendConf=UNKNOWN, bitsMode=UNKNOWN, blendMode='avg', bpc=(8, 8, 8), color=array([-1, -1, -1]), colorSpace='rgb', depthBits=8, fullscr=<method-wrapper '__getattribute__' of attributeSetter object at 0x000001DFB00BD550>, gamma=None, gammaErrorPolicy='raise', lms=UNKNOWN, monitor=<psychopy.monitors.calibTools.Monitor object at 0x000001DFB0147128>, multiSample=False, name='window1', numSamples=2, pos=[1120.0, 420.0], screen=0, size=array([1200,  600]), stencilBits=0, stereo=False, units='height', useFBO=True, useRetina=False, viewOri=0.0, viewPos=None, viewScale=None, waitBlanking=True, winType='pyglet')
4.5940 	EXP 	window1: mouseVisible = True
4.5940 	EXP 	window1: recordFrameIntervals = False
4.7604 	EXP 	window1: recordFrameIntervals = True
4.9441 	EXP 	window1: recordFrameIntervals = False
5.9026 	EXP 	Created expStartText = TextStim(__class__=<class 'psychopy.visual.text.TextStim'>, alignHoriz=method-wrapper(...), alignText='center', alignVert=method-wrapper(...), anchorHoriz='center', anchorVert='center', antialias=True, autoLog=True, bold=False, color=array([1., 1., 1.]), colorSpace='rgb', contrast=1.0, depth=0.0, flipHoriz=False, flipVert=False, font='Open Sans', fontFiles=[], height=0.025, italic=False, languageStyle='LTR', name='expStartText', opacity=1, ori=0.0, pos=array([0., 0.]), rgb=UNKNOWN, text='Press space to begin', units='height', win=Window(...), wrapWidth=1)
5.9081 	EXP 	Created blockStartText = TextStim(__class__=<class 'psychopy.visual.text.TextStim'>, alignHoriz=method-wrapper(...), alignText='center', alignVert=method-wrapper(...), anchorHoriz='center', anchorVert='center', antialias=True, autoLog=True, bold=False, color=array([1., 1., 1.]), colorSpace='rgb', contrast=1.0, depth=0.0, flipHoriz=False, flipVert=False, font='Open Sans', fontFiles=[], height=0.025, italic=False, languageStyle='LTR', name='blockStartText', opacity=1, ori=0.0, pos=array([0., 0.]), rgb=UNKNOWN, text='Block 1 of 1\nPress space to begin', units='height', win=Window(...), wrapWidth=1)
5.9107 	EXP 	Created visCueText = TextStim(__class__=<class 'psychopy.visual.text.TextStim'>, alignHoriz=method-wrapper(...), alignText='center', alignVert=method-wrapper(...), anchorHoriz='center', anchorVert='center', antialias=True, autoLog=True, bold=False, color=array([1., 1., 1.]), colorSpace='rgb', contrast=1.0, depth=0.0, flipHoriz=False, flipVert=False, font='Open Sans', fontFiles=[], height=0.025, italic=False, languageStyle='LTR', name='visCueText', opacity=1, ori=0.0, pos=array([0., 0.]), rgb=UNKNOWN, text='Test', units='height', win=Window(...), wrapWidth=1)
5.9156 	EXP 	Created fixDot = ShapeStim(__class__=<class 'psychopy.visual.shape.ShapeStim'>, autoDraw=False, autoLog=True, closeShape=True, color=method-wrapper(...), colorSpace='rgb', contrast=None, depth=-1.0, fillColor=array([1, 1, 1]), fillColorSpace='rgb', fillRGB=array([1, 1, 1]), interpolate=True, lineColor=array([1., 1., 1.]), lineColorSpace='rgb', lineRGB=array([1, 1, 1]), lineWidth=1.0, name='fixDot', opacity=1, ori=0.0, pos=array([0., 0.]), size=array([0.015, 0.015]), units='height', vertices=ndarray(...), win=Window(...), windingRule=None)
5.9206 	EXP 	Created fixDotBlue = ShapeStim(__class__=<class 'psychopy.visual.shape.ShapeStim'>, autoDraw=False, autoLog=True, closeShape=True, color=method-wrapper(...), colorSpace='rgb', contrast=None, depth=-2.0, fillColor=array([-1, -1,  1]), fillColorSpace='rgb', fillRGB=array([-1, -1,  1]), interpolate=True, lineColor=array([-1., -1.,  1.]), lineColorSpace='rgb', lineRGB=array([-1, -1,  1]), lineWidth=1.0, name='fixDotBlue', opacity=1, ori=0.0, pos=array([0., 0.]), size=array([0.015, 0.015]), units='height', vertices=ndarray(...), win=Window(...), windingRule=None)
5.9802 	EXP 	Sound soundStim set volume 0.000
5.9851 	EXP 	Created blockEndText = TextStim(__class__=<class 'psychopy.visual.text.TextStim'>, alignHoriz=method-wrapper(...), alignText='center', alignVert=method-wrapper(...), anchorHoriz='center', anchorVert='center', antialias=True, autoLog=True, bold=False, color=array([1., 1., 1.]), colorSpace='rgb', contrast=1.0, depth=0.0, flipHoriz=False, flipVert=False, font='Open Sans', fontFiles=[], height=0.025, italic=False, languageStyle='LTR', name='blockEndText', opacity=1, ori=0.0, pos=array([0., 0.]), rgb=UNKNOWN, text=str(...), units='height', win=Window(...), wrapWidth=1)
5.9892 	EXP 	Created expEndText = TextStim(__class__=<class 'psychopy.visual.text.TextStim'>, alignHoriz=method-wrapper(...), alignText='center', alignVert=method-wrapper(...), anchorHoriz='center', anchorVert='center', antialias=True, autoLog=True, bold=False, color=array([1., 1., 1.]), colorSpace='rgb', contrast=1.0, depth=0.0, flipHoriz=False, flipVert=False, font='Open Sans', fontFiles=[], height=0.025, italic=False, languageStyle='LTR', name='expEndText', opacity=1, ori=0.0, pos=array([0., 0.]), rgb=UNKNOWN, text='End of experiment! \nPlease stay seated.', units='height', win=Window(...), wrapWidth=1)
6.0132 	DATA 	Keypress: lalt
6.0133 	DATA 	Keypress: tab
6.0262 	EXP 	expStartText: autoDraw = True
7.1845 	DATA 	Mouse: Left button down, pos=(835,281)
7.2801 	DATA 	Mouse:  Left button up, pos=(835,281)
7.3689 	EXP 	Created sequence: sequential, trialTypes=1, nReps=1, seed=None
7.3691 	EXP 	New trial (rep=0, index=0): None
7.3763 	EXP 	Imported C:\Users\Alex\Documents\MATLAB\cmu\stim_v2\trialInfo\StairCase\1.csv as conditions, 32 conditions, 8 params
7.3765 	EXP 	Created sequence: sequential, trialTypes=32, nReps=1, seed=None
7.3785 	DATA 	Keypress: space
7.3932 	EXP 	expStartText: autoDraw = False
17.3693 	EXP 	blockStartText: text = 'Block 1 of 1\n Press space to continue'
17.3693 	EXP 	blockStartText: autoDraw = True
18.6218 	DATA 	Keypress: lalt
21.0237 	DATA 	Mouse: Left button down, pos=(882,417)
21.1552 	DATA 	Mouse:  Left button up, pos=(882,417)
21.5907 	EXP 	Imported C:\Users\Alex\Documents\MATLAB\cmu\stim_v2\trialInfo\StairCase\1.csv as conditions, 32 conditions, 8 params
21.5910 	EXP 	Created sequence: sequential, trialTypes=32, nReps=1, seed=None
21.5912 	EXP 	New trial (rep=0, index=0): OrderedDict([('iStimSide', 0), ('iTargSide', 0), ('iSideFirst', 1), ('iStim', 1), ('iGen', 1), ('sylTarg', 121), ('sylDist', 213), ('sylCent', 1212)])
21.5967 	DATA 	Keypress: space
21.6008 	EXP 	blockStartText: autoDraw = False
22.6015 	EXP 	visCueText: text = 'Left'
22.6015 	EXP 	visCueText: autoDraw = True
23.6021 	EXP 	visCueText: autoDraw = False
23.6021 	EXP 	fixDot: autoDraw = True
24.6026 	EXP 	Sound soundStim started
27.4026 	EXP 	Sound soundStim reached end of file
28.3878 	EXP 	fixDotBlue: autoDraw = True
28.4044 	EXP 	fixDot: autoDraw = False
28.7590 	DATA 	Keypress: left
36.3771 	EXP 	New trial (rep=0, index=1): OrderedDict([('iStimSide', 0), ('iTargSide', 1), ('iSideFirst', 0), ('iStim', 0), ('iGen', 0), ('sylTarg', 132), ('sylDist', 321), ('sylCent', 1221)])
36.3937 	EXP 	fixDotBlue: autoDraw = False
36.3937 	EXP 	visCueText: autoDraw = False
36.3937 	EXP 	fixDot: autoDraw = False
36.3937 	EXP 	fixDotBlue: autoDraw = False
37.3752 	EXP 	visCueText: text = 'Right'
37.3752 	EXP 	visCueText: autoDraw = True
38.3756 	EXP 	visCueText: autoDraw = False
38.3756 	EXP 	fixDot: autoDraw = True
39.3786 	EXP 	Sound soundStim started
42.1785 	EXP 	Sound soundStim reached end of file
43.1778 	EXP 	fixDot: autoDraw = False
43.1778 	EXP 	fixDotBlue: autoDraw = True
43.7817 	DATA 	Keypress: left
50.5016 	DATA 	Keypress: escape
50.6042 	EXP 	window1: mouseVisible = True
