0.4333 	WARNING 	Speech-to-text recognition module not available (use command `pip install SpeechRecognition` to get it. Transcription will be unavailable.
6.9313 	EXP 	Created window1 = Window(allowGUI=False, allowStencil=False, autoLog=True, backendConf=UNKNOWN, bitsMode=UNKNOWN, blendMode='avg', bpc=(8, 8, 8), color=array([-1, -1, -1]), colorSpace='rgb', depthBits=8, fullscr=<method-wrapper '__getattribute__' of attributeSetter object at 0x00000263B360E710>, gamma=None, gammaErrorPolicy='raise', lms=UNKNOWN, monitor=<psychopy.monitors.calibTools.Monitor object at 0x00000263B4B67358>, multiSample=False, name='window1', numSamples=2, pos=[1120.0, 420.0], screen=0, size=array([1200,  600]), stencilBits=0, stereo=False, units='height', useFBO=True, useRetina=False, viewOri=0.0, viewPos=None, viewScale=None, waitBlanking=True, winType='pyglet')
6.9314 	EXP 	window1: mouseVisible = True
6.9314 	EXP 	window1: recordFrameIntervals = False
7.0958 	EXP 	window1: recordFrameIntervals = True
7.2792 	EXP 	window1: recordFrameIntervals = False
8.2492 	EXP 	Created expStartText = TextStim(__class__=<class 'psychopy.visual.text.TextStim'>, alignHoriz=method-wrapper(...), alignText='center', alignVert=method-wrapper(...), anchorHoriz='center', anchorVert='center', antialias=True, autoLog=True, bold=False, color=array([1., 1., 1.]), colorSpace='rgb', contrast=1.0, depth=0.0, flipHoriz=False, flipVert=False, font='Open Sans', fontFiles=[], height=0.025, italic=False, languageStyle='LTR', name='expStartText', opacity=1, ori=0.0, pos=array([0., 0.]), rgb=UNKNOWN, text='Press space to begin', units='height', win=Window(...), wrapWidth=1)
8.2546 	EXP 	Created blockStartText = TextStim(__class__=<class 'psychopy.visual.text.TextStim'>, alignHoriz=method-wrapper(...), alignText='center', alignVert=method-wrapper(...), anchorHoriz='center', anchorVert='center', antialias=True, autoLog=True, bold=False, color=array([1., 1., 1.]), colorSpace='rgb', contrast=1.0, depth=0.0, flipHoriz=False, flipVert=False, font='Open Sans', fontFiles=[], height=0.025, italic=False, languageStyle='LTR', name='blockStartText', opacity=1, ori=0.0, pos=array([0., 0.]), rgb=UNKNOWN, text='Block 1 of 1\nPress space to begin', units='height', win=Window(...), wrapWidth=1)
8.2571 	EXP 	Created visCueText = TextStim(__class__=<class 'psychopy.visual.text.TextStim'>, alignHoriz=method-wrapper(...), alignText='center', alignVert=method-wrapper(...), anchorHoriz='center', anchorVert='center', antialias=True, autoLog=True, bold=False, color=array([1., 1., 1.]), colorSpace='rgb', contrast=1.0, depth=0.0, flipHoriz=False, flipVert=False, font='Open Sans', fontFiles=[], height=0.025, italic=False, languageStyle='LTR', name='visCueText', opacity=1, ori=0.0, pos=array([0., 0.]), rgb=UNKNOWN, text='Test', units='height', win=Window(...), wrapWidth=1)
8.2621 	EXP 	Created fixDot = ShapeStim(__class__=<class 'psychopy.visual.shape.ShapeStim'>, autoDraw=False, autoLog=True, closeShape=True, color=method-wrapper(...), colorSpace='rgb', contrast=None, depth=-1.0, fillColor=array([1, 1, 1]), fillColorSpace='rgb', fillRGB=array([1, 1, 1]), interpolate=True, lineColor=array([1., 1., 1.]), lineColorSpace='rgb', lineRGB=array([1, 1, 1]), lineWidth=1.0, name='fixDot', opacity=1, ori=0.0, pos=array([0., 0.]), size=array([0.015, 0.015]), units='height', vertices=ndarray(...), win=Window(...), windingRule=None)
8.2665 	EXP 	Created fixDotBlue = ShapeStim(__class__=<class 'psychopy.visual.shape.ShapeStim'>, autoDraw=False, autoLog=True, closeShape=True, color=method-wrapper(...), colorSpace='rgb', contrast=None, depth=-2.0, fillColor=array([-1, -1,  1]), fillColorSpace='rgb', fillRGB=array([-1, -1,  1]), interpolate=True, lineColor=array([-1., -1.,  1.]), lineColorSpace='rgb', lineRGB=array([-1, -1,  1]), lineWidth=1.0, name='fixDotBlue', opacity=1, ori=0.0, pos=array([0., 0.]), size=array([0.015, 0.015]), units='height', vertices=ndarray(...), win=Window(...), windingRule=None)
8.3266 	EXP 	Sound soundStim set volume 0.000
8.3313 	EXP 	Created blockEndText = TextStim(__class__=<class 'psychopy.visual.text.TextStim'>, alignHoriz=method-wrapper(...), alignText='center', alignVert=method-wrapper(...), anchorHoriz='center', anchorVert='center', antialias=True, autoLog=True, bold=False, color=array([1., 1., 1.]), colorSpace='rgb', contrast=1.0, depth=0.0, flipHoriz=False, flipVert=False, font='Open Sans', fontFiles=[], height=0.025, italic=False, languageStyle='LTR', name='blockEndText', opacity=1, ori=0.0, pos=array([0., 0.]), rgb=UNKNOWN, text=str(...), units='height', win=Window(...), wrapWidth=1)
8.3354 	EXP 	Created expEndText = TextStim(__class__=<class 'psychopy.visual.text.TextStim'>, alignHoriz=method-wrapper(...), alignText='center', alignVert=method-wrapper(...), anchorHoriz='center', anchorVert='center', antialias=True, autoLog=True, bold=False, color=array([1., 1., 1.]), colorSpace='rgb', contrast=1.0, depth=0.0, flipHoriz=False, flipVert=False, font='Open Sans', fontFiles=[], height=0.025, italic=False, languageStyle='LTR', name='expEndText', opacity=1, ori=0.0, pos=array([0., 0.]), rgb=UNKNOWN, text='End of experiment! \nPlease stay seated.', units='height', win=Window(...), wrapWidth=1)
8.3605 	EXP 	expStartText: autoDraw = True
9.1500 	DATA 	Mouse: Left button down, pos=(488,338)
9.2647 	DATA 	Mouse:  Left button up, pos=(488,338)
9.3343 	DATA 	Keypress: space
9.7646 	EXP 	Created sequence: sequential, trialTypes=1, nReps=1, seed=None
9.7648 	EXP 	New trial (rep=0, index=0): None
9.7720 	EXP 	Imported C:\Users\Alex\Documents\MATLAB\cmu\stim_v2\trialInfo\StairCase\1.csv as conditions, 32 conditions, 8 params
9.7722 	EXP 	Created sequence: sequential, trialTypes=32, nReps=1, seed=None
9.7742 	DATA 	Keypress: space
9.7788 	EXP 	expStartText: autoDraw = False
19.7533 	EXP 	blockStartText: text = 'Block 1 of 1\n Press space to continue'
19.7533 	EXP 	blockStartText: autoDraw = True
20.4941 	DATA 	Mouse: Left button down, pos=(841,310)
20.6081 	DATA 	Mouse:  Left button up, pos=(841,310)
21.2953 	EXP 	Imported C:\Users\Alex\Documents\MATLAB\cmu\stim_v2\trialInfo\StairCase\1.csv as conditions, 32 conditions, 8 params
21.2956 	EXP 	Created sequence: sequential, trialTypes=32, nReps=1, seed=None
21.2958 	EXP 	New trial (rep=0, index=0): OrderedDict([('iStimSide', 0), ('iTargSide', 1), ('iSideFirst', 0), ('iStim', 1), ('iGen', 0), ('sylTarg', 323), ('sylDist', 232), ('sylCent', 3221)])
21.3019 	DATA 	Keypress: space
21.3207 	EXP 	blockStartText: autoDraw = False
22.3046 	EXP 	visCueText: text = 'Right'
22.3046 	EXP 	visCueText: autoDraw = True
23.2908 	DATA 	Mouse: Left button down, pos=(500,382)
23.3046 	EXP 	visCueText: autoDraw = False
23.3046 	EXP 	fixDot: autoDraw = True
23.3894 	DATA 	Mouse:  Left button up, pos=(500,382)
24.3049 	EXP 	Sound soundStim started
27.1049 	EXP 	Sound soundStim reached end of file
28.1037 	EXP 	fixDotBlue: autoDraw = True
28.1204 	EXP 	fixDot: autoDraw = False
36.0959 	EXP 	New trial (rep=0, index=1): OrderedDict([('iStimSide', 1), ('iTargSide', 0), ('iSideFirst', 0), ('iStim', 1), ('iGen', 0), ('sylTarg', 131), ('sylDist', 213), ('sylCent', 3232)])
36.1129 	EXP 	visCueText: autoDraw = False
36.1129 	EXP 	fixDot: autoDraw = False
36.1129 	EXP 	fixDotBlue: autoDraw = False
37.0959 	EXP 	visCueText: text = 'Left'
37.0959 	EXP 	visCueText: autoDraw = True
38.0958 	EXP 	visCueText: autoDraw = False
38.0958 	EXP 	fixDot: autoDraw = True
39.0957 	EXP 	Sound soundStim started
41.8946 	EXP 	Sound soundStim stopped
42.7861 	EXP 	window1: mouseVisible = True
