0.4281 	WARNING 	Speech-to-text recognition module not available (use command `pip install SpeechRecognition` to get it. Transcription will be unavailable.
0.7193 	WARNING 	We strongly recommend you activate the PTB sound engine in PsychoPy prefs as the preferred audio engine. Its timing is vastly superior. Your prefs are currently set to use ['sounddevice', 'PTB', 'pyo', 'pygame'] (in that order).
3.5361 	EXP 	Created window1 = Window(allowGUI=False, allowStencil=False, autoLog=True, backendConf=UNKNOWN, bitsMode=UNKNOWN, blendMode='avg', bpc=(8, 8, 8), color=array([-1, -1, -1]), colorSpace='rgb', depthBits=8, fullscr=<method-wrapper '__getattribute__' of attributeSetter object at 0x00000258B2370D30>, gamma=None, gammaErrorPolicy='raise', lms=UNKNOWN, monitor=<psychopy.monitors.calibTools.Monitor object at 0x00000258B23E28D0>, multiSample=False, name='window1', numSamples=2, pos=[1120.0, 420.0], screen=0, size=array([1200,  600]), stencilBits=0, stereo=False, units='height', useFBO=True, useRetina=False, viewOri=0.0, viewPos=None, viewScale=None, waitBlanking=True, winType='pyglet')
3.5363 	EXP 	window1: mouseVisible = True
3.5363 	EXP 	window1: recordFrameIntervals = False
3.7046 	EXP 	window1: recordFrameIntervals = True
3.8880 	EXP 	window1: recordFrameIntervals = False
4.8507 	EXP 	Created expStartText = TextStim(__class__=<class 'psychopy.visual.text.TextStim'>, alignHoriz=method-wrapper(...), alignText='center', alignVert=method-wrapper(...), anchorHoriz='center', anchorVert='center', antialias=True, autoLog=True, bold=False, color=array([1., 1., 1.]), colorSpace='rgb', contrast=1.0, depth=0.0, flipHoriz=False, flipVert=False, font='Open Sans', fontFiles=[], height=0.025, italic=False, languageStyle='LTR', name='expStartText', opacity=1, ori=0.0, pos=array([0., 0.]), rgb=UNKNOWN, text='Press space to begin', units='height', win=Window(...), wrapWidth=1)
4.8559 	EXP 	Created blockStartText = TextStim(__class__=<class 'psychopy.visual.text.TextStim'>, alignHoriz=method-wrapper(...), alignText='center', alignVert=method-wrapper(...), anchorHoriz='center', anchorVert='center', antialias=True, autoLog=True, bold=False, color=array([1., 1., 1.]), colorSpace='rgb', contrast=1.0, depth=0.0, flipHoriz=False, flipVert=False, font='Open Sans', fontFiles=[], height=0.025, italic=False, languageStyle='LTR', name='blockStartText', opacity=1, ori=0.0, pos=array([0., 0.]), rgb=UNKNOWN, text='Block 1 of 1\nPress space to begin', units='height', win=Window(...), wrapWidth=1)
4.8583 	EXP 	Created visCueText = TextStim(__class__=<class 'psychopy.visual.text.TextStim'>, alignHoriz=method-wrapper(...), alignText='center', alignVert=method-wrapper(...), anchorHoriz='center', anchorVert='center', antialias=True, autoLog=True, bold=False, color=array([1., 1., 1.]), colorSpace='rgb', contrast=1.0, depth=0.0, flipHoriz=False, flipVert=False, font='Open Sans', fontFiles=[], height=0.025, italic=False, languageStyle='LTR', name='visCueText', opacity=1, ori=0.0, pos=array([0., 0.]), rgb=UNKNOWN, text='Test', units='height', win=Window(...), wrapWidth=1)
4.8633 	EXP 	Created fixDot = ShapeStim(__class__=<class 'psychopy.visual.shape.ShapeStim'>, autoDraw=False, autoLog=True, closeShape=True, color=method-wrapper(...), colorSpace='rgb', contrast=None, depth=-1.0, fillColor=array([1, 1, 1]), fillColorSpace='rgb', fillRGB=array([1, 1, 1]), interpolate=True, lineColor=array([1., 1., 1.]), lineColorSpace='rgb', lineRGB=array([1, 1, 1]), lineWidth=1.0, name='fixDot', opacity=1, ori=0.0, pos=array([0., 0.]), size=array([0.015, 0.015]), units='height', vertices=ndarray(...), win=Window(...), windingRule=None)
4.8676 	EXP 	Created fixDotBlue = ShapeStim(__class__=<class 'psychopy.visual.shape.ShapeStim'>, autoDraw=False, autoLog=True, closeShape=True, color=method-wrapper(...), colorSpace='rgb', contrast=None, depth=-2.0, fillColor=array([-1, -1,  1]), fillColorSpace='rgb', fillRGB=array([-1, -1,  1]), interpolate=True, lineColor=array([-1., -1.,  1.]), lineColorSpace='rgb', lineRGB=array([-1, -1,  1]), lineWidth=1.0, name='fixDotBlue', opacity=1, ori=0.0, pos=array([0., 0.]), size=array([0.015, 0.015]), units='height', vertices=ndarray(...), win=Window(...), windingRule=None)
4.8753 	EXP 	Sound soundStim set volume 0.000
4.8801 	EXP 	Created blockEndText = TextStim(__class__=<class 'psychopy.visual.text.TextStim'>, alignHoriz=method-wrapper(...), alignText='center', alignVert=method-wrapper(...), anchorHoriz='center', anchorVert='center', antialias=True, autoLog=True, bold=False, color=array([1., 1., 1.]), colorSpace='rgb', contrast=1.0, depth=0.0, flipHoriz=False, flipVert=False, font='Open Sans', fontFiles=[], height=0.025, italic=False, languageStyle='LTR', name='blockEndText', opacity=1, ori=0.0, pos=array([0., 0.]), rgb=UNKNOWN, text=str(...), units='height', win=Window(...), wrapWidth=1)
4.8844 	EXP 	Created expEndText = TextStim(__class__=<class 'psychopy.visual.text.TextStim'>, alignHoriz=method-wrapper(...), alignText='center', alignVert=method-wrapper(...), anchorHoriz='center', anchorVert='center', antialias=True, autoLog=True, bold=False, color=array([1., 1., 1.]), colorSpace='rgb', contrast=1.0, depth=0.0, flipHoriz=False, flipVert=False, font='Open Sans', fontFiles=[], height=0.025, italic=False, languageStyle='LTR', name='expEndText', opacity=1, ori=0.0, pos=array([0., 0.]), rgb=UNKNOWN, text='End of experiment! \nPlease stay seated.', units='height', win=Window(...), wrapWidth=1)
4.9194 	EXP 	expStartText: autoDraw = True
6.2118 	DATA 	Mouse: Left button down, pos=(692,398)
6.3104 	DATA 	Mouse:  Left button up, pos=(692,398)
6.5749 	EXP 	Created sequence: sequential, trialTypes=1, nReps=6, seed=None
6.5750 	EXP 	New trial (rep=0, index=0): None
6.5829 	EXP 	Imported C:\Users\Alex\Documents\MATLAB\cmu\stim_v2\trialInfo\1\1.csv as conditions, 32 conditions, 8 params
6.5832 	EXP 	Created sequence: sequential, trialTypes=32, nReps=32, seed=None
6.5850 	DATA 	Keypress: space
6.5883 	EXP 	expStartText: autoDraw = False
16.5763 	EXP 	blockStartText: text = 'Block 1 of 6\nPress space to continue'
16.5763 	EXP 	blockStartText: autoDraw = True
17.6310 	DATA 	Mouse: Left button down, pos=(894,369)
17.7310 	DATA 	Mouse:  Left button up, pos=(894,369)
18.9639 	DATA 	Keypress: space
18.9841 	EXP 	Imported C:\Users\Alex\Documents\MATLAB\cmu\stim_v2\trialInfo\1\1.csv as conditions, 32 conditions, 8 params
18.9843 	EXP 	Created sequence: sequential, trialTypes=32, nReps=32, seed=None
18.9846 	EXP 	New trial (rep=0, index=0): OrderedDict([('iStimSide', 0), ('iTargSide', 1), ('iSideFirst', 1), ('iStim', 1), ('iGen', 1), ('sylTarg', 323), ('sylDist', 231), ('sylCent', 1133)])
18.9938 	EXP 	blockStartText: autoDraw = False
19.9774 	EXP 	visCueText: text = 'Right'
19.9774 	EXP 	visCueText: autoDraw = True
20.9781 	EXP 	visCueText: autoDraw = False
20.9781 	EXP 	fixDot: autoDraw = True
25.7801 	EXP 	fixDot: autoDraw = False
25.7801 	EXP 	fixDotBlue: autoDraw = True
26.2838 	DATA 	Keypress: num_1
26.5676 	DATA 	Keypress: num_3
26.9170 	DATA 	Keypress: num_2
27.2344 	DATA 	Keypress: num_1
27.5683 	DATA 	Keypress: num_3
27.8851 	DATA 	Keypress: num_2
28.2184 	DATA 	Keypress: num_3
28.5353 	DATA 	Keypress: num_1
28.8519 	DATA 	Keypress: num_2
29.1690 	DATA 	Keypress: num_3
29.4691 	DATA 	Keypress: num_1
29.8026 	DATA 	Keypress: num_2
30.1029 	DATA 	Keypress: num_3
30.4029 	DATA 	Keypress: num_1
30.7223 	DATA 	Keypress: num_2
31.0097 	DATA 	Keypress: num_3
31.3030 	DATA 	Keypress: num_1
31.6364 	DATA 	Keypress: num_3
35.7729 	EXP 	New trial (rep=0, index=1): OrderedDict([('iStimSide', 0), ('iTargSide', 0), ('iSideFirst', 1), ('iStim', 1), ('iGen', 0), ('sylTarg', 123), ('sylDist', 231), ('sylCent', 3233)])
35.7848 	EXP 	fixDotBlue: autoDraw = False
35.7848 	EXP 	visCueText: autoDraw = False
35.7848 	EXP 	fixDot: autoDraw = False
35.7848 	EXP 	fixDotBlue: autoDraw = False
36.7688 	EXP 	visCueText: text = 'Left'
36.7688 	EXP 	visCueText: autoDraw = True
37.7690 	EXP 	visCueText: autoDraw = False
37.7690 	EXP 	fixDot: autoDraw = True
42.5712 	EXP 	fixDot: autoDraw = False
42.5712 	EXP 	fixDotBlue: autoDraw = True
52.5641 	EXP 	New trial (rep=0, index=2): OrderedDict([('iStimSide', 0), ('iTargSide', 0), ('iSideFirst', 0), ('iStim', 1), ('iGen', 0), ('sylTarg', 233), ('sylDist', 312), ('sylCent', 1131)])
52.5805 	EXP 	fixDotBlue: autoDraw = False
52.5805 	EXP 	visCueText: autoDraw = False
52.5805 	EXP 	fixDot: autoDraw = False
52.5805 	EXP 	fixDotBlue: autoDraw = False
53.2454 	EXP 	window1: mouseVisible = True
