0.4374 	WARNING 	Speech-to-text recognition module not available (use command `pip install SpeechRecognition` to get it. Transcription will be unavailable.
4.2666 	EXP 	Created window1 = Window(allowGUI=False, allowStencil=False, autoLog=True, backendConf=UNKNOWN, bitsMode=UNKNOWN, blendMode='avg', bpc=(8, 8, 8), color=array([-1, -1, -1]), colorSpace='rgb', depthBits=8, fullscr=<method-wrapper '__getattribute__' of attributeSetter object at 0x000001BB315ED390>, gamma=None, gammaErrorPolicy='raise', lms=UNKNOWN, monitor=<psychopy.monitors.calibTools.Monitor object at 0x000001BB3165FEB8>, multiSample=False, name='window1', numSamples=2, pos=[1120.0, 420.0], screen=0, size=array([1200,  600]), stencilBits=0, stereo=False, units='height', useFBO=True, useRetina=False, viewOri=0.0, viewPos=None, viewScale=None, waitBlanking=True, winType='pyglet')
4.2667 	EXP 	window1: mouseVisible = True
4.2667 	EXP 	window1: recordFrameIntervals = False
4.4322 	EXP 	window1: recordFrameIntervals = True
4.6165 	EXP 	window1: recordFrameIntervals = False
5.5875 	EXP 	Created expStartText = TextStim(__class__=<class 'psychopy.visual.text.TextStim'>, alignHoriz=method-wrapper(...), alignText='center', alignVert=method-wrapper(...), anchorHoriz='center', anchorVert='center', antialias=True, autoLog=True, bold=False, color=array([1., 1., 1.]), colorSpace='rgb', contrast=1.0, depth=0.0, flipHoriz=False, flipVert=False, font='Open Sans', fontFiles=[], height=0.025, italic=False, languageStyle='LTR', name='expStartText', opacity=1, ori=0.0, pos=array([0., 0.]), rgb=UNKNOWN, text='Press space to begin', units='height', win=Window(...), wrapWidth=1)
5.5929 	EXP 	Created blockStartText = TextStim(__class__=<class 'psychopy.visual.text.TextStim'>, alignHoriz=method-wrapper(...), alignText='center', alignVert=method-wrapper(...), anchorHoriz='center', anchorVert='center', antialias=True, autoLog=True, bold=False, color=array([1., 1., 1.]), colorSpace='rgb', contrast=1.0, depth=0.0, flipHoriz=False, flipVert=False, font='Open Sans', fontFiles=[], height=0.025, italic=False, languageStyle='LTR', name='blockStartText', opacity=1, ori=0.0, pos=array([0., 0.]), rgb=UNKNOWN, text='Block 1 of 1\nPress space to begin', units='height', win=Window(...), wrapWidth=1)
5.5956 	EXP 	Created visCueText = TextStim(__class__=<class 'psychopy.visual.text.TextStim'>, alignHoriz=method-wrapper(...), alignText='center', alignVert=method-wrapper(...), anchorHoriz='center', anchorVert='center', antialias=True, autoLog=True, bold=False, color=array([1., 1., 1.]), colorSpace='rgb', contrast=1.0, depth=0.0, flipHoriz=False, flipVert=False, font='Open Sans', fontFiles=[], height=0.025, italic=False, languageStyle='LTR', name='visCueText', opacity=1, ori=0.0, pos=array([0., 0.]), rgb=UNKNOWN, text='Test', units='height', win=Window(...), wrapWidth=1)
5.6007 	EXP 	Created fixDot = ShapeStim(__class__=<class 'psychopy.visual.shape.ShapeStim'>, autoDraw=False, autoLog=True, closeShape=True, color=method-wrapper(...), colorSpace='rgb', contrast=None, depth=-1.0, fillColor=array([1, 1, 1]), fillColorSpace='rgb', fillRGB=array([1, 1, 1]), interpolate=True, lineColor=array([1., 1., 1.]), lineColorSpace='rgb', lineRGB=array([1, 1, 1]), lineWidth=1.0, name='fixDot', opacity=1, ori=0.0, pos=array([0., 0.]), size=array([0.015, 0.015]), units='height', vertices=ndarray(...), win=Window(...), windingRule=None)
5.6057 	EXP 	Created fixDotBlue = ShapeStim(__class__=<class 'psychopy.visual.shape.ShapeStim'>, autoDraw=False, autoLog=True, closeShape=True, color=method-wrapper(...), colorSpace='rgb', contrast=None, depth=-2.0, fillColor=array([-1, -1,  1]), fillColorSpace='rgb', fillRGB=array([-1, -1,  1]), interpolate=True, lineColor=array([-1., -1.,  1.]), lineColorSpace='rgb', lineRGB=array([-1, -1,  1]), lineWidth=1.0, name='fixDotBlue', opacity=1, ori=0.0, pos=array([0., 0.]), size=array([0.015, 0.015]), units='height', vertices=ndarray(...), win=Window(...), windingRule=None)
5.6776 	EXP 	Sound soundStim set volume 0.000
5.6828 	EXP 	Created blockEndText = TextStim(__class__=<class 'psychopy.visual.text.TextStim'>, alignHoriz=method-wrapper(...), alignText='center', alignVert=method-wrapper(...), anchorHoriz='center', anchorVert='center', antialias=True, autoLog=True, bold=False, color=array([1., 1., 1.]), colorSpace='rgb', contrast=1.0, depth=0.0, flipHoriz=False, flipVert=False, font='Open Sans', fontFiles=[], height=0.025, italic=False, languageStyle='LTR', name='blockEndText', opacity=1, ori=0.0, pos=array([0., 0.]), rgb=UNKNOWN, text=str(...), units='height', win=Window(...), wrapWidth=1)
5.6872 	EXP 	Created expEndText = TextStim(__class__=<class 'psychopy.visual.text.TextStim'>, alignHoriz=method-wrapper(...), alignText='center', alignVert=method-wrapper(...), anchorHoriz='center', anchorVert='center', antialias=True, autoLog=True, bold=False, color=array([1., 1., 1.]), colorSpace='rgb', contrast=1.0, depth=0.0, flipHoriz=False, flipVert=False, font='Open Sans', fontFiles=[], height=0.025, italic=False, languageStyle='LTR', name='expEndText', opacity=1, ori=0.0, pos=array([0., 0.]), rgb=UNKNOWN, text='End of experiment! \nPlease stay seated.', units='height', win=Window(...), wrapWidth=1)
5.7153 	EXP 	expStartText: autoDraw = True
8.4534 	EXP 	Created sequence: sequential, trialTypes=1, nReps=6, seed=None
8.4535 	EXP 	New trial (rep=0, index=0): None
8.4607 	EXP 	Imported C:\Users\Alex\Documents\MATLAB\cmu\stim_v2\trialInfo\1\1.csv as conditions, 32 conditions, 8 params
8.4610 	EXP 	Created sequence: sequential, trialTypes=32, nReps=32, seed=None
8.4663 	EXP 	expStartText: autoDraw = False
18.4415 	EXP 	blockStartText: text = 'Block 1 of 6\n Press space to continue'
18.4415 	EXP 	blockStartText: autoDraw = True
19.7830 	EXP 	Imported C:\Users\Alex\Documents\MATLAB\cmu\stim_v2\trialInfo\1\1.csv as conditions, 32 conditions, 8 params
19.7832 	EXP 	Created sequence: sequential, trialTypes=32, nReps=32, seed=None
19.7835 	EXP 	New trial (rep=0, index=0): OrderedDict([('iStimSide', 0), ('iTargSide', 1), ('iSideFirst', 1), ('iStim', 1), ('iGen', 1), ('sylTarg', 323), ('sylDist', 231), ('sylCent', 1133)])
19.8074 	EXP 	blockStartText: autoDraw = False
20.7915 	EXP 	visCueText: text = 'Right'
20.7915 	EXP 	visCueText: autoDraw = True
21.7932 	EXP 	visCueText: autoDraw = False
21.7932 	EXP 	fixDot: autoDraw = True
22.7918 	EXP 	Sound soundStim started
25.5949 	EXP 	Sound soundStim reached end of file
26.5971 	EXP 	fixDot: autoDraw = False
26.5971 	EXP 	fixDotBlue: autoDraw = True
36.5861 	EXP 	New trial (rep=0, index=1): OrderedDict([('iStimSide', 0), ('iTargSide', 0), ('iSideFirst', 1), ('iStim', 1), ('iGen', 0), ('sylTarg', 123), ('sylDist', 231), ('sylCent', 3233)])
36.5989 	EXP 	visCueText: autoDraw = False
36.5989 	EXP 	fixDot: autoDraw = False
36.5989 	EXP 	fixDotBlue: autoDraw = False
37.5837 	EXP 	visCueText: text = 'Left'
37.5837 	EXP 	visCueText: autoDraw = True
38.5842 	EXP 	visCueText: autoDraw = False
38.5842 	EXP 	fixDot: autoDraw = True
39.5844 	EXP 	Sound soundStim started
42.3855 	EXP 	Sound soundStim reached end of file
43.3861 	EXP 	fixDot: autoDraw = False
43.3861 	EXP 	fixDotBlue: autoDraw = True
53.3765 	EXP 	New trial (rep=0, index=2): OrderedDict([('iStimSide', 0), ('iTargSide', 0), ('iSideFirst', 0), ('iStim', 1), ('iGen', 0), ('sylTarg', 233), ('sylDist', 312), ('sylCent', 1131)])
53.3928 	EXP 	fixDotBlue: autoDraw = False
53.3928 	EXP 	visCueText: autoDraw = False
53.3928 	EXP 	fixDot: autoDraw = False
53.3928 	EXP 	fixDotBlue: autoDraw = False
54.3728 	EXP 	visCueText: text = 'Left'
54.3728 	EXP 	visCueText: autoDraw = True
55.3748 	EXP 	visCueText: autoDraw = False
55.3748 	EXP 	fixDot: autoDraw = True
56.3753 	EXP 	Sound soundStim started
59.1748 	EXP 	Sound soundStim stopped
60.1769 	EXP 	fixDot: autoDraw = False
60.1769 	EXP 	fixDotBlue: autoDraw = True
70.1659 	EXP 	New trial (rep=0, index=3): OrderedDict([('iStimSide', 1), ('iTargSide', 1), ('iSideFirst', 1), ('iStim', 0), ('iGen', 0), ('sylTarg', 313), ('sylDist', 122), ('sylCent', 3111)])
70.1814 	EXP 	fixDotBlue: autoDraw = False
70.1814 	EXP 	visCueText: autoDraw = False
70.1814 	EXP 	fixDot: autoDraw = False
70.1814 	EXP 	fixDotBlue: autoDraw = False
71.1641 	EXP 	visCueText: text = 'Right'
71.1641 	EXP 	visCueText: autoDraw = True
72.0763 	EXP 	window1: mouseVisible = True
