0.4301 	WARNING 	Speech-to-text recognition module not available (use command `pip install SpeechRecognition` to get it. Transcription will be unavailable.
7.1871 	EXP 	Created window1 = Window(allowGUI=False, allowStencil=False, autoLog=True, backendConf=UNKNOWN, bitsMode=UNKNOWN, blendMode='avg', bpc=(8, 8, 8), color=array([-1, -1, -1]), colorSpace='rgb', depthBits=8, fullscr=<method-wrapper '__getattribute__' of attributeSetter object at 0x000001F4339AE518>, gamma=None, gammaErrorPolicy='raise', lms=UNKNOWN, monitor=<psychopy.monitors.calibTools.Monitor object at 0x000001F433A3A0F0>, multiSample=False, name='window1', numSamples=2, pos=[1120.0, 420.0], screen=0, size=array([1200,  600]), stencilBits=0, stereo=False, units='height', useFBO=True, useRetina=False, viewOri=0.0, viewPos=None, viewScale=None, waitBlanking=True, winType='pyglet')
7.1871 	EXP 	window1: mouseVisible = True
7.1872 	EXP 	window1: recordFrameIntervals = False
7.3600 	EXP 	window1: recordFrameIntervals = True
7.7337 	EXP 	window1: recordFrameIntervals = False
8.6964 	EXP 	Created expStartText = TextStim(__class__=<class 'psychopy.visual.text.TextStim'>, alignHoriz=method-wrapper(...), alignText='center', alignVert=method-wrapper(...), anchorHoriz='center', anchorVert='center', antialias=True, autoLog=True, bold=False, color=array([1., 1., 1.]), colorSpace='rgb', contrast=1.0, depth=0.0, flipHoriz=False, flipVert=False, font='Open Sans', fontFiles=[], height=0.025, italic=False, languageStyle='LTR', name='expStartText', opacity=1, ori=0.0, pos=array([0., 0.]), rgb=UNKNOWN, text='Press space to begin', units='height', win=Window(...), wrapWidth=1)
8.7017 	EXP 	Created blockStartText = TextStim(__class__=<class 'psychopy.visual.text.TextStim'>, alignHoriz=method-wrapper(...), alignText='center', alignVert=method-wrapper(...), anchorHoriz='center', anchorVert='center', antialias=True, autoLog=True, bold=False, color=array([1., 1., 1.]), colorSpace='rgb', contrast=1.0, depth=0.0, flipHoriz=False, flipVert=False, font='Open Sans', fontFiles=[], height=0.025, italic=False, languageStyle='LTR', name='blockStartText', opacity=1, ori=0.0, pos=array([0., 0.]), rgb=UNKNOWN, text='Block 1 of 1\nPress space to begin', units='height', win=Window(...), wrapWidth=1)
8.7042 	EXP 	Created visCueText = TextStim(__class__=<class 'psychopy.visual.text.TextStim'>, alignHoriz=method-wrapper(...), alignText='center', alignVert=method-wrapper(...), anchorHoriz='center', anchorVert='center', antialias=True, autoLog=True, bold=False, color=array([1., 1., 1.]), colorSpace='rgb', contrast=1.0, depth=0.0, flipHoriz=False, flipVert=False, font='Open Sans', fontFiles=[], height=0.025, italic=False, languageStyle='LTR', name='visCueText', opacity=1, ori=0.0, pos=array([0., 0.]), rgb=UNKNOWN, text='Test', units='height', win=Window(...), wrapWidth=1)
8.7092 	EXP 	Created fixDot = ShapeStim(__class__=<class 'psychopy.visual.shape.ShapeStim'>, autoDraw=False, autoLog=True, closeShape=True, color=method-wrapper(...), colorSpace='rgb', contrast=None, depth=-1.0, fillColor=array([1, 1, 1]), fillColorSpace='rgb', fillRGB=array([1, 1, 1]), interpolate=True, lineColor=array([1., 1., 1.]), lineColorSpace='rgb', lineRGB=array([1, 1, 1]), lineWidth=1.0, name='fixDot', opacity=1, ori=0.0, pos=array([0., 0.]), size=array([0.015, 0.015]), units='height', vertices=ndarray(...), win=Window(...), windingRule=None)
8.7142 	EXP 	Created fixDotBlue = ShapeStim(__class__=<class 'psychopy.visual.shape.ShapeStim'>, autoDraw=False, autoLog=True, closeShape=True, color=method-wrapper(...), colorSpace='rgb', contrast=None, depth=-2.0, fillColor=array([-1, -1,  1]), fillColorSpace='rgb', fillRGB=array([-1, -1,  1]), interpolate=True, lineColor=array([-1., -1.,  1.]), lineColorSpace='rgb', lineRGB=array([-1, -1,  1]), lineWidth=1.0, name='fixDotBlue', opacity=1, ori=0.0, pos=array([0., 0.]), size=array([0.015, 0.015]), units='height', vertices=ndarray(...), win=Window(...), windingRule=None)
8.7745 	EXP 	Sound soundStim set volume 0.000
8.7794 	EXP 	Created blockEndText = TextStim(__class__=<class 'psychopy.visual.text.TextStim'>, alignHoriz=method-wrapper(...), alignText='center', alignVert=method-wrapper(...), anchorHoriz='center', anchorVert='center', antialias=True, autoLog=True, bold=False, color=array([1., 1., 1.]), colorSpace='rgb', contrast=1.0, depth=0.0, flipHoriz=False, flipVert=False, font='Open Sans', fontFiles=[], height=0.025, italic=False, languageStyle='LTR', name='blockEndText', opacity=1, ori=0.0, pos=array([0., 0.]), rgb=UNKNOWN, text=str(...), units='height', win=Window(...), wrapWidth=1)
8.7835 	EXP 	Created expEndText = TextStim(__class__=<class 'psychopy.visual.text.TextStim'>, alignHoriz=method-wrapper(...), alignText='center', alignVert=method-wrapper(...), anchorHoriz='center', anchorVert='center', antialias=True, autoLog=True, bold=False, color=array([1., 1., 1.]), colorSpace='rgb', contrast=1.0, depth=0.0, flipHoriz=False, flipVert=False, font='Open Sans', fontFiles=[], height=0.025, italic=False, languageStyle='LTR', name='expEndText', opacity=1, ori=0.0, pos=array([0., 0.]), rgb=UNKNOWN, text='End of experiment! \nPlease stay seated.', units='height', win=Window(...), wrapWidth=1)
8.8166 	EXP 	expStartText: autoDraw = True
9.1689 	DATA 	Mouse: Left button down, pos=(808,277)
9.2520 	DATA 	Mouse:  Left button up, pos=(808,277)
9.5366 	DATA 	Keypress: space
10.5061 	EXP 	Created sequence: sequential, trialTypes=1, nReps=1, seed=None
10.5063 	EXP 	New trial (rep=0, index=0): None
10.5135 	EXP 	Imported C:\Users\Alex\Documents\MATLAB\cmu\stim_v2\trialInfo\StairCase\1.csv as conditions, 32 conditions, 8 params
10.5138 	EXP 	Created sequence: sequential, trialTypes=32, nReps=1, seed=None
10.5156 	DATA 	Keypress: space
10.5194 	EXP 	expStartText: autoDraw = False
20.5112 	EXP 	blockStartText: text = 'Block 1 of 1\n Press space to continue'
20.5112 	EXP 	blockStartText: autoDraw = True
21.4987 	DATA 	Mouse: Left button down, pos=(907,253)
21.5933 	DATA 	Mouse:  Left button up, pos=(907,253)
22.0474 	EXP 	Imported C:\Users\Alex\Documents\MATLAB\cmu\stim_v2\trialInfo\StairCase\1.csv as conditions, 32 conditions, 8 params
22.0476 	EXP 	Created sequence: sequential, trialTypes=32, nReps=1, seed=None
22.0478 	EXP 	New trial (rep=0, index=0): OrderedDict([('iStimSide', 0), ('iTargSide', 0), ('iSideFirst', 1), ('iStim', 1), ('iGen', 1), ('sylTarg', 121), ('sylDist', 213), ('sylCent', 1212)])
22.0528 	DATA 	Keypress: space
22.0564 	EXP 	blockStartText: autoDraw = False
23.0565 	EXP 	visCueText: text = 'Left'
23.0565 	EXP 	visCueText: autoDraw = True
24.0574 	EXP 	visCueText: autoDraw = False
24.0574 	EXP 	fixDot: autoDraw = True
25.0577 	EXP 	Sound soundStim started
27.8577 	EXP 	Sound soundStim reached end of file
28.8463 	EXP 	fixDotBlue: autoDraw = True
28.8626 	EXP 	fixDot: autoDraw = False
36.8360 	EXP 	New trial (rep=0, index=1): OrderedDict([('iStimSide', 0), ('iTargSide', 1), ('iSideFirst', 0), ('iStim', 0), ('iGen', 0), ('sylTarg', 132), ('sylDist', 321), ('sylCent', 1221)])
36.8518 	EXP 	fixDotBlue: autoDraw = False
36.8518 	EXP 	visCueText: autoDraw = False
36.8518 	EXP 	fixDot: autoDraw = False
36.8518 	EXP 	fixDotBlue: autoDraw = False
37.8355 	EXP 	visCueText: text = 'Right'
37.8355 	EXP 	visCueText: autoDraw = True
38.8369 	EXP 	visCueText: autoDraw = False
38.8369 	EXP 	fixDot: autoDraw = True
39.8372 	EXP 	Sound soundStim started
42.6323 	EXP 	Sound soundStim stopped
43.6362 	EXP 	fixDotBlue: autoDraw = True
43.6530 	EXP 	fixDot: autoDraw = False
51.6247 	EXP 	New trial (rep=0, index=2): OrderedDict([('iStimSide', 1), ('iTargSide', 1), ('iSideFirst', 1), ('iStim', 1), ('iGen', 1), ('sylTarg', 131), ('sylDist', 212), ('sylCent', 3121)])
51.6384 	EXP 	fixDotBlue: autoDraw = False
51.6384 	EXP 	visCueText: autoDraw = False
51.6384 	EXP 	fixDot: autoDraw = False
51.6384 	EXP 	fixDotBlue: autoDraw = False
52.6236 	EXP 	visCueText: text = 'Right'
52.6236 	EXP 	visCueText: autoDraw = True
53.6240 	EXP 	visCueText: autoDraw = False
53.6240 	EXP 	fixDot: autoDraw = True
54.6245 	EXP 	Sound soundStim started
57.4222 	EXP 	Sound soundStim stopped
58.4280 	EXP 	fixDot: autoDraw = False
58.4280 	EXP 	fixDotBlue: autoDraw = True
66.4165 	EXP 	New trial (rep=0, index=3): OrderedDict([('iStimSide', 1), ('iTargSide', 0), ('iSideFirst', 0), ('iStim', 1), ('iGen', 0), ('sylTarg', 121), ('sylDist', 212), ('sylCent', 1332)])
66.4311 	EXP 	fixDotBlue: autoDraw = False
66.4311 	EXP 	visCueText: autoDraw = False
66.4311 	EXP 	fixDot: autoDraw = False
66.4311 	EXP 	fixDotBlue: autoDraw = False
67.4138 	EXP 	visCueText: text = 'Left'
67.4138 	EXP 	visCueText: autoDraw = True
68.4143 	EXP 	visCueText: autoDraw = False
68.4143 	EXP 	fixDot: autoDraw = True
69.4137 	EXP 	Sound soundStim started
71.1611 	EXP 	window1: mouseVisible = True
