0.5775 	WARNING 	We strongly recommend you activate the PTB sound engine in PsychoPy prefs as the preferred audio engine. Its timing is vastly superior. Your prefs are currently set to use ['sounddevice', 'PTB', 'pyo', 'pygame'] (in that order).
4.7160 	EXP 	Created window1 = Window(allowGUI=False, allowStencil=False, autoLog=True, backendConf=UNKNOWN, bitsMode=UNKNOWN, blendMode='avg', bpc=(8, 8, 8), color=array([0, 0, 0]), colorSpace='rgb', depthBits=8, fullscr=<method-wrapper '__getattribute__' of attributeSetter object at 0x000001EF004E8588>, gamma=None, gammaErrorPolicy='raise', lms=UNKNOWN, monitor=<psychopy.monitors.calibTools.Monitor object at 0x000001EF00527A20>, multiSample=False, name='window1', numSamples=2, pos=[0.0, 0.0], screen=0, size=array([3440, 1440]), stencilBits=0, stereo=False, units='height', useFBO=True, useRetina=False, viewOri=0.0, viewPos=None, viewScale=None, waitBlanking=True, winType='pyglet')
4.7163 	EXP 	window1: mouseVisible = True
4.7163 	EXP 	window1: recordFrameIntervals = False
4.8824 	EXP 	window1: recordFrameIntervals = True
5.0660 	EXP 	window1: recordFrameIntervals = False
6.0562 	EXP 	Created text = TextStim(__class__=<class 'psychopy.visual.text.TextStim'>, alignHoriz=method-wrapper(...), alignText='center', alignVert=method-wrapper(...), anchorHoriz='center', anchorVert='center', antialias=True, autoLog=True, bold=False, color=array([1., 1., 1.]), colorSpace='rgb', contrast=1.0, depth=0.0, flipHoriz=False, flipVert=False, font='Open Sans', fontFiles=[], height=0.1, italic=False, languageStyle='LTR', name='text', opacity=1, ori=0.0, pos=array([0., 0.]), rgb=UNKNOWN, text='Press space to continue\n\n', units='height', win=Window(...), wrapWidth=1)
6.0635 	EXP 	Created blockNum = TextStim(__class__=<class 'psychopy.visual.text.TextStim'>, alignHoriz=method-wrapper(...), alignText='center', alignVert=method-wrapper(...), anchorHoriz='center', anchorVert='center', antialias=True, autoLog=True, bold=False, color=array([1., 1., 1.]), colorSpace='rgb', contrast=1.0, depth=0.0, flipHoriz=False, flipVert=False, font='Open Sans', fontFiles=[], height=0.1, italic=False, languageStyle='LTR', name='blockNum', opacity=1, ori=0.0, pos=array([0., 0.]), rgb=UNKNOWN, text='Block 1 of 1', units='height', win=Window(...), wrapWidth=1)
6.0657 	EXP 	Created visCue = TextStim(__class__=<class 'psychopy.visual.text.TextStim'>, alignHoriz=method-wrapper(...), alignText='center', alignVert=method-wrapper(...), anchorHoriz='center', anchorVert='center', antialias=True, autoLog=True, bold=False, color=array([1., 1., 1.]), colorSpace='rgb', contrast=1.0, depth=0.0, flipHoriz=False, flipVert=False, font='Open Sans', fontFiles=[], height=0.1, italic=False, languageStyle='LTR', name='visCue', opacity=1, ori=0.0, pos=array([0., 0.]), rgb=UNKNOWN, text='test', units='height', win=Window(...), wrapWidth=1)
6.0705 	EXP 	Created fixDot = ShapeStim(__class__=<class 'psychopy.visual.shape.ShapeStim'>, autoDraw=False, autoLog=True, closeShape=True, color=method-wrapper(...), colorSpace='rgb', contrast=None, depth=-1.0, fillColor=array([1, 1, 1]), fillColorSpace='rgb', fillRGB=array([1, 1, 1]), interpolate=True, lineColor=array([1., 1., 1.]), lineColorSpace='rgb', lineRGB=array([1, 1, 1]), lineWidth=1.0, name='fixDot', opacity=1, ori=0.0, pos=array([0., 0.]), size=array([0.5, 0.5]), units='height', vertices=ndarray(...), win=Window(...), windingRule=None)
6.0745 	EXP 	Created fixDotBlue = ShapeStim(__class__=<class 'psychopy.visual.shape.ShapeStim'>, autoDraw=False, autoLog=True, closeShape=True, color=method-wrapper(...), colorSpace='rgb', contrast=None, depth=-2.0, fillColor=array([-1, -1,  1]), fillColorSpace='rgb', fillRGB=array([-1, -1,  1]), interpolate=True, lineColor=array([-1., -1.,  1.]), lineColorSpace='rgb', lineRGB=array([-1, -1,  1]), lineWidth=1.0, name='fixDotBlue', opacity=1, ori=0.0, pos=array([0., 0.]), size=array([0.5, 0.5]), units='height', vertices=ndarray(...), win=Window(...), windingRule=None)
6.0822 	EXP 	Sound soundStim set volume 1.000
6.1542 	EXP 	text: autoDraw = True
6.6692 	DATA 	Mouse: Left button down, pos=(1582,957)
6.7520 	DATA 	Mouse:  Left button up, pos=(1582,957)
7.3696 	DATA 	Keypress: space
7.3860 	EXP 	Created sequence: sequential, trialTypes=1, nReps=6, seed=None
7.3862 	EXP 	New trial (rep=0, index=0): None
7.3993 	EXP 	text: autoDraw = False
7.3993 	EXP 	blockNum: autoDraw = True
8.3850 	EXP 	Created sequence: sequential, trialTypes=1, nReps=32, seed=None
8.3852 	EXP 	New trial (rep=0, index=0): None
8.3997 	EXP 	blockNum: autoDraw = False
8.3997 	EXP 	blockNum: autoDraw = False
9.3844 	EXP 	visCue: autoDraw = True
10.3849 	EXP 	visCue: autoDraw = False
10.3849 	EXP 	fixDot: autoDraw = True
14.3712 	DATA 	Keypress: space
15.1701 	EXP 	fixDotBlue: autoDraw = True
15.1870 	EXP 	fixDot: autoDraw = False
15.1890 	DATA 	Keypress: space
15.6891 	DATA 	Keypress: space
15.7726 	DATA 	Keypress: space
15.8226 	DATA 	Keypress: space
23.9596 	DATA 	Keypress: escape
24.1767 	EXP 	window1: mouseVisible = True
