0.4791 	WARNING 	Speech-to-text recognition module not available (use command `pip install SpeechRecognition` to get it. Transcription will be unavailable.
6.6243 	WARNING 	User requested fullscreen with size [1200  600], but screen is actually [1920, 1200]. Using actual size
7.7467 	EXP 	Created window1 = Window(allowGUI=False, allowStencil=False, autoLog=True, backendConf=UNKNOWN, bitsMode=UNKNOWN, blendMode='avg', bpc=(8, 8, 8), color=array([-1, -1, -1]), colorSpace='rgb', depthBits=8, fullscr=<method-wrapper '__getattribute__' of attributeSetter object at 0x000002508565A668>, gamma=None, gammaErrorPolicy='raise', lms=UNKNOWN, monitor=<psychopy.monitors.calibTools.Monitor object at 0x0000025011C241D0>, multiSample=False, name='window1', numSamples=2, pos=[0.0, 0.0], screen=1, size=array([1920, 1200]), stencilBits=0, stereo=False, units='height', useFBO=True, useRetina=False, viewOri=0.0, viewPos=None, viewScale=None, waitBlanking=True, winType='pyglet')
7.7470 	EXP 	window1: mouseVisible = True
7.7471 	EXP 	window1: recordFrameIntervals = False
7.9117 	EXP 	window1: recordFrameIntervals = True
8.0956 	EXP 	window1: recordFrameIntervals = False
8.5431 	EXP 	Created expStartText = TextStim(__class__=<class 'psychopy.visual.text.TextStim'>, alignHoriz=method-wrapper(...), alignText='center', alignVert=method-wrapper(...), anchorHoriz='center', anchorVert='center', antialias=True, autoLog=True, bold=False, color=array([1., 1., 1.]), colorSpace='rgb', contrast=1.0, depth=0.0, flipHoriz=False, flipVert=False, font='Open Sans', fontFiles=[], height=0.025, italic=False, languageStyle='LTR', name='expStartText', opacity=1, ori=0.0, pos=array([0., 0.]), rgb=UNKNOWN, text='Press space to begin', units='height', win=Window(...), wrapWidth=1)
8.5486 	EXP 	Created blockStartText = TextStim(__class__=<class 'psychopy.visual.text.TextStim'>, alignHoriz=method-wrapper(...), alignText='center', alignVert=method-wrapper(...), anchorHoriz='center', anchorVert='center', antialias=True, autoLog=True, bold=False, color=array([1., 1., 1.]), colorSpace='rgb', contrast=1.0, depth=0.0, flipHoriz=False, flipVert=False, font='Open Sans', fontFiles=[], height=0.025, italic=False, languageStyle='LTR', name='blockStartText', opacity=1, ori=0.0, pos=array([0., 0.]), rgb=UNKNOWN, text='Block 1 of 1\nPress space to begin', units='height', win=Window(...), wrapWidth=1)
8.5512 	EXP 	Created visCueText = TextStim(__class__=<class 'psychopy.visual.text.TextStim'>, alignHoriz=method-wrapper(...), alignText='center', alignVert=method-wrapper(...), anchorHoriz='center', anchorVert='center', antialias=True, autoLog=True, bold=False, color=array([1., 1., 1.]), colorSpace='rgb', contrast=1.0, depth=0.0, flipHoriz=False, flipVert=False, font='Open Sans', fontFiles=[], height=0.025, italic=False, languageStyle='LTR', name='visCueText', opacity=1, ori=0.0, pos=array([0., 0.]), rgb=UNKNOWN, text='Test', units='height', win=Window(...), wrapWidth=1)
8.5559 	EXP 	Created fixDot = ShapeStim(__class__=<class 'psychopy.visual.shape.ShapeStim'>, autoDraw=False, autoLog=True, closeShape=True, color=method-wrapper(...), colorSpace='rgb', contrast=None, depth=-1.0, fillColor=array([1, 1, 1]), fillColorSpace='rgb', fillRGB=array([1, 1, 1]), interpolate=True, lineColor=array([1., 1., 1.]), lineColorSpace='rgb', lineRGB=array([1, 1, 1]), lineWidth=1.0, name='fixDot', opacity=1, ori=0.0, pos=array([0., 0.]), size=array([0.015, 0.015]), units='height', vertices=ndarray(...), win=Window(...), windingRule=None)
8.5597 	EXP 	Created fixDotBlue = ShapeStim(__class__=<class 'psychopy.visual.shape.ShapeStim'>, autoDraw=False, autoLog=True, closeShape=True, color=method-wrapper(...), colorSpace='rgb', contrast=None, depth=-2.0, fillColor=array([-1, -1,  1]), fillColorSpace='rgb', fillRGB=array([-1, -1,  1]), interpolate=True, lineColor=array([-1., -1.,  1.]), lineColorSpace='rgb', lineRGB=array([-1, -1,  1]), lineWidth=1.0, name='fixDotBlue', opacity=1, ori=0.0, pos=array([0., 0.]), size=array([0.015, 0.015]), units='height', vertices=ndarray(...), win=Window(...), windingRule=None)
8.7036 	EXP 	Sound soundStim set volume 0.000
8.7136 	EXP 	Created blockEndText = TextStim(__class__=<class 'psychopy.visual.text.TextStim'>, alignHoriz=method-wrapper(...), alignText='center', alignVert=method-wrapper(...), anchorHoriz='center', anchorVert='center', antialias=True, autoLog=True, bold=False, color=array([1., 1., 1.]), colorSpace='rgb', contrast=1.0, depth=0.0, flipHoriz=False, flipVert=False, font='Open Sans', fontFiles=[], height=0.025, italic=False, languageStyle='LTR', name='blockEndText', opacity=1, ori=0.0, pos=array([0., 0.]), rgb=UNKNOWN, text=str(...), units='height', win=Window(...), wrapWidth=1)
8.7206 	EXP 	Created expEndText = TextStim(__class__=<class 'psychopy.visual.text.TextStim'>, alignHoriz=method-wrapper(...), alignText='center', alignVert=method-wrapper(...), anchorHoriz='center', anchorVert='center', antialias=True, autoLog=True, bold=False, color=array([1., 1., 1.]), colorSpace='rgb', contrast=1.0, depth=0.0, flipHoriz=False, flipVert=False, font='Open Sans', fontFiles=[], height=0.025, italic=False, languageStyle='LTR', name='expEndText', opacity=1, ori=0.0, pos=array([0., 0.]), rgb=UNKNOWN, text='End of experiment! \nPlease stay seated.', units='height', win=Window(...), wrapWidth=1)
8.7789 	EXP 	expStartText: autoDraw = True
16.1564 	EXP 	Created sequence: sequential, trialTypes=1, nReps=6, seed=None
16.1570 	EXP 	New trial (rep=0, index=0): None
16.1574 	EXP 	New trial (rep=1, index=0): None
16.1579 	EXP 	New trial (rep=2, index=0): None
16.1670 	EXP 	Imported C:\Users\Lab Admin\Documents\AlexP\stim_v2\trialInfo\2\3.csv as conditions, 32 conditions, 8 params
16.1673 	EXP 	Created sequence: sequential, trialTypes=32, nReps=1, seed=None
16.1696 	DATA 	Keypress: space
16.1846 	EXP 	expStartText: autoDraw = False
18.7068 	DATA 	Keypress: space
24.8781 	DATA 	Keypress: space
26.1759 	EXP 	blockStartText: text = 'Block 3 of 6\n Press space to continue'
26.1759 	EXP 	blockStartText: autoDraw = True
30.9663 	EXP 	Imported C:\Users\Lab Admin\Documents\AlexP\stim_v2\trialInfo\2\3.csv as conditions, 32 conditions, 8 params
30.9670 	EXP 	Created sequence: sequential, trialTypes=32, nReps=1, seed=None
30.9675 	EXP 	New trial (rep=0, index=0): OrderedDict([('iStimSide', 1), ('iTargSide', 0), ('iSideFirst', 0), ('iStim', 0), ('iGen', 0), ('sylTarg', 233), ('sylDist', 111), ('sylCent', 2121)])
30.9780 	DATA 	Keypress: space
30.9974 	EXP 	blockStartText: autoDraw = False
31.9979 	EXP 	visCueText: text = 'Left'
31.9979 	EXP 	visCueText: autoDraw = True
32.9816 	EXP 	fixDot: autoDraw = True
32.9987 	EXP 	visCueText: autoDraw = False
33.9822 	EXP 	Sound soundStim started
36.7810 	EXP 	Sound soundStim stopped
37.7688 	EXP 	fixDotBlue: autoDraw = True
37.7854 	EXP 	fixDot: autoDraw = False
45.7643 	EXP 	New trial (rep=0, index=1): OrderedDict([('iStimSide', 0), ('iTargSide', 1), ('iSideFirst', 0), ('iStim', 0), ('iGen', 1), ('sylTarg', 312), ('sylDist', 131), ('sylCent', 2122)])
45.7925 	EXP 	visCueText: autoDraw = False
45.7925 	EXP 	fixDot: autoDraw = False
45.7925 	EXP 	fixDotBlue: autoDraw = False
46.7758 	EXP 	visCueText: text = 'Right'
46.7758 	EXP 	visCueText: autoDraw = True
47.7768 	EXP 	visCueText: autoDraw = False
47.7768 	EXP 	fixDot: autoDraw = True
48.7776 	EXP 	Sound soundStim started
51.5808 	EXP 	Sound soundStim reached end of file
52.5807 	EXP 	fixDot: autoDraw = False
52.5807 	EXP 	fixDotBlue: autoDraw = True
53.5563 	DATA 	Keypress: escape
54.1463 	EXP 	window1: mouseVisible = True
