0.4721 	WARNING 	Speech-to-text recognition module not available (use command `pip install SpeechRecognition` to get it. Transcription will be unavailable.
12.9143 	WARNING 	User requested fullscreen with size [1200  600], but screen is actually [1920, 1200]. Using actual size
14.0679 	EXP 	Created window1 = Window(allowGUI=False, allowStencil=False, autoLog=True, backendConf=UNKNOWN, bitsMode=UNKNOWN, blendMode='avg', bpc=(8, 8, 8), color=array([-1, -1, -1]), colorSpace='rgb', depthBits=8, fullscr=<method-wrapper '__getattribute__' of attributeSetter object at 0x000002B585A3A6A0>, gamma=None, gammaErrorPolicy='raise', lms=UNKNOWN, monitor=<psychopy.monitors.calibTools.Monitor object at 0x000002B585AB4208>, multiSample=False, name='window1', numSamples=2, pos=[0.0, 0.0], screen=1, size=array([1920, 1200]), stencilBits=0, stereo=False, units='height', useFBO=True, useRetina=False, viewOri=0.0, viewPos=None, viewScale=None, waitBlanking=True, winType='pyglet')
14.0682 	EXP 	window1: mouseVisible = True
14.0683 	EXP 	window1: recordFrameIntervals = False
14.2335 	EXP 	window1: recordFrameIntervals = True
14.4173 	EXP 	window1: recordFrameIntervals = False
14.8793 	EXP 	Created expStartText = TextStim(__class__=<class 'psychopy.visual.text.TextStim'>, alignHoriz=method-wrapper(...), alignText='center', alignVert=method-wrapper(...), anchorHoriz='center', anchorVert='center', antialias=True, autoLog=True, bold=False, color=array([1., 1., 1.]), colorSpace='rgb', contrast=1.0, depth=0.0, flipHoriz=False, flipVert=False, font='Open Sans', fontFiles=[], height=0.025, italic=False, languageStyle='LTR', name='expStartText', opacity=1, ori=0.0, pos=array([0., 0.]), rgb=UNKNOWN, text='Press space to begin', units='height', win=Window(...), wrapWidth=1)
14.8864 	EXP 	Created blockStartText = TextStim(__class__=<class 'psychopy.visual.text.TextStim'>, alignHoriz=method-wrapper(...), alignText='center', alignVert=method-wrapper(...), anchorHoriz='center', anchorVert='center', antialias=True, autoLog=True, bold=False, color=array([1., 1., 1.]), colorSpace='rgb', contrast=1.0, depth=0.0, flipHoriz=False, flipVert=False, font='Open Sans', fontFiles=[], height=0.025, italic=False, languageStyle='LTR', name='blockStartText', opacity=1, ori=0.0, pos=array([0., 0.]), rgb=UNKNOWN, text='Block 1 of 1\nPress space to begin', units='height', win=Window(...), wrapWidth=1)
14.8893 	EXP 	Created visCueText = TextStim(__class__=<class 'psychopy.visual.text.TextStim'>, alignHoriz=method-wrapper(...), alignText='center', alignVert=method-wrapper(...), anchorHoriz='center', anchorVert='center', antialias=True, autoLog=True, bold=False, color=array([1., 1., 1.]), colorSpace='rgb', contrast=1.0, depth=0.0, flipHoriz=False, flipVert=False, font='Open Sans', fontFiles=[], height=0.025, italic=False, languageStyle='LTR', name='visCueText', opacity=1, ori=0.0, pos=array([0., 0.]), rgb=UNKNOWN, text='Test', units='height', win=Window(...), wrapWidth=1)
14.8940 	EXP 	Created fixDot = ShapeStim(__class__=<class 'psychopy.visual.shape.ShapeStim'>, autoDraw=False, autoLog=True, closeShape=True, color=method-wrapper(...), colorSpace='rgb', contrast=None, depth=-1.0, fillColor=array([1, 1, 1]), fillColorSpace='rgb', fillRGB=array([1, 1, 1]), interpolate=True, lineColor=array([1., 1., 1.]), lineColorSpace='rgb', lineRGB=array([1, 1, 1]), lineWidth=1.0, name='fixDot', opacity=1, ori=0.0, pos=array([0., 0.]), size=array([0.015, 0.015]), units='height', vertices=ndarray(...), win=Window(...), windingRule=None)
14.8978 	EXP 	Created fixDotBlue = ShapeStim(__class__=<class 'psychopy.visual.shape.ShapeStim'>, autoDraw=False, autoLog=True, closeShape=True, color=method-wrapper(...), colorSpace='rgb', contrast=None, depth=-2.0, fillColor=array([-1, -1,  1]), fillColorSpace='rgb', fillRGB=array([-1, -1,  1]), interpolate=True, lineColor=array([-1., -1.,  1.]), lineColorSpace='rgb', lineRGB=array([-1, -1,  1]), lineWidth=1.0, name='fixDotBlue', opacity=1, ori=0.0, pos=array([0., 0.]), size=array([0.015, 0.015]), units='height', vertices=ndarray(...), win=Window(...), windingRule=None)
15.0233 	EXP 	Sound soundStim set volume 0.000
15.0290 	EXP 	Created blockEndText = TextStim(__class__=<class 'psychopy.visual.text.TextStim'>, alignHoriz=method-wrapper(...), alignText='center', alignVert=method-wrapper(...), anchorHoriz='center', anchorVert='center', antialias=True, autoLog=True, bold=False, color=array([1., 1., 1.]), colorSpace='rgb', contrast=1.0, depth=0.0, flipHoriz=False, flipVert=False, font='Open Sans', fontFiles=[], height=0.025, italic=False, languageStyle='LTR', name='blockEndText', opacity=1, ori=0.0, pos=array([0., 0.]), rgb=UNKNOWN, text=str(...), units='height', win=Window(...), wrapWidth=1)
15.0344 	EXP 	Created expEndText = TextStim(__class__=<class 'psychopy.visual.text.TextStim'>, alignHoriz=method-wrapper(...), alignText='center', alignVert=method-wrapper(...), anchorHoriz='center', anchorVert='center', antialias=True, autoLog=True, bold=False, color=array([1., 1., 1.]), colorSpace='rgb', contrast=1.0, depth=0.0, flipHoriz=False, flipVert=False, font='Open Sans', fontFiles=[], height=0.025, italic=False, languageStyle='LTR', name='expEndText', opacity=1, ori=0.0, pos=array([0., 0.]), rgb=UNKNOWN, text='End of experiment! \nPlease stay seated.', units='height', win=Window(...), wrapWidth=1)
15.0842 	EXP 	expStartText: autoDraw = True
38.6236 	EXP 	Created sequence: sequential, trialTypes=1, nReps=6, seed=None
38.6237 	EXP 	New trial (rep=0, index=0): None
38.6239 	EXP 	New trial (rep=1, index=0): None
38.6240 	EXP 	New trial (rep=2, index=0): None
38.6241 	EXP 	New trial (rep=3, index=0): None
38.6242 	EXP 	New trial (rep=4, index=0): None
38.6325 	EXP 	Imported C:\Users\Lab Admin\Documents\AlexP\stim_v2\trialInfo\2\5.csv as conditions, 32 conditions, 8 params
38.6328 	EXP 	Created sequence: sequential, trialTypes=32, nReps=1, seed=None
38.6357 	DATA 	Keypress: space
38.6530 	EXP 	expStartText: autoDraw = False
48.6438 	EXP 	blockStartText: text = 'Block 5 of 6\n Press space to continue'
48.6438 	EXP 	blockStartText: autoDraw = True
49.9022 	DATA 	Keypress: space
49.9313 	EXP 	Imported C:\Users\Lab Admin\Documents\AlexP\stim_v2\trialInfo\2\5.csv as conditions, 32 conditions, 8 params
49.9320 	EXP 	Created sequence: sequential, trialTypes=32, nReps=1, seed=None
49.9326 	EXP 	New trial (rep=0, index=0): OrderedDict([('iStimSide', 0), ('iTargSide', 1), ('iSideFirst', 1), ('iStim', 1), ('iGen', 0), ('sylTarg', 313), ('sylDist', 232), ('sylCent', 3331)])
49.9633 	EXP 	blockStartText: autoDraw = False
50.9628 	EXP 	visCueText: text = 'Right'
50.9628 	EXP 	visCueText: autoDraw = True
51.9467 	EXP 	fixDot: autoDraw = True
51.9632 	EXP 	visCueText: autoDraw = False
52.9470 	EXP 	Sound soundStim started
55.7441 	EXP 	Sound soundStim stopped
56.7503 	EXP 	fixDot: autoDraw = False
56.7503 	EXP 	fixDotBlue: autoDraw = True
57.3411 	DATA 	Keypress: num_3
57.8914 	DATA 	Keypress: num_1
58.4097 	DATA 	Keypress: num_3
64.7320 	EXP 	New trial (rep=0, index=1): OrderedDict([('iStimSide', 1), ('iTargSide', 0), ('iSideFirst', 0), ('iStim', 0), ('iGen', 0), ('sylTarg', 231), ('sylDist', 123), ('sylCent', 1113)])
64.7579 	EXP 	visCueText: autoDraw = False
64.7579 	EXP 	fixDot: autoDraw = False
64.7579 	EXP 	fixDotBlue: autoDraw = False
65.7580 	EXP 	visCueText: text = 'Left'
65.7580 	EXP 	visCueText: autoDraw = True
66.7419 	EXP 	fixDot: autoDraw = True
66.7584 	EXP 	visCueText: autoDraw = False
67.7428 	EXP 	Sound soundStim started
70.5436 	EXP 	Sound soundStim reached end of file
71.5455 	EXP 	fixDot: autoDraw = False
71.5455 	EXP 	fixDotBlue: autoDraw = True
72.3371 	DATA 	Keypress: num_2
72.9399 	DATA 	Keypress: num_3
73.7713 	DATA 	Keypress: num_1
79.5201 	EXP 	New trial (rep=0, index=2): OrderedDict([('iStimSide', 1), ('iTargSide', 1), ('iSideFirst', 1), ('iStim', 0), ('iGen', 0), ('sylTarg', 132), ('sylDist', 323), ('sylCent', 1112)])
79.5361 	EXP 	visCueText: autoDraw = False
79.5361 	EXP 	fixDot: autoDraw = False
79.5361 	EXP 	fixDotBlue: autoDraw = False
80.5369 	EXP 	visCueText: text = 'Right'
80.5369 	EXP 	visCueText: autoDraw = True
81.5201 	EXP 	fixDot: autoDraw = True
81.5370 	EXP 	visCueText: autoDraw = False
82.5213 	EXP 	Sound soundStim started
85.3222 	EXP 	Sound soundStim reached end of file
86.3245 	EXP 	fixDot: autoDraw = False
86.3245 	EXP 	fixDotBlue: autoDraw = True
87.4500 	DATA 	Keypress: num_1
88.0671 	DATA 	Keypress: num_3
88.8513 	DATA 	Keypress: num_2
94.3213 	EXP 	New trial (rep=0, index=3): OrderedDict([('iStimSide', 1), ('iTargSide', 0), ('iSideFirst', 1), ('iStim', 0), ('iGen', 1), ('sylTarg', 223), ('sylDist', 331), ('sylCent', 1222)])
94.3486 	EXP 	fixDotBlue: autoDraw = False
94.3486 	EXP 	visCueText: autoDraw = False
94.3486 	EXP 	fixDot: autoDraw = False
94.3486 	EXP 	fixDotBlue: autoDraw = False
95.3488 	EXP 	visCueText: text = 'Left'
95.3488 	EXP 	visCueText: autoDraw = True
96.3322 	EXP 	fixDot: autoDraw = True
96.3491 	EXP 	visCueText: autoDraw = False
97.3328 	EXP 	Sound soundStim started
100.1327 	EXP 	Sound soundStim reached end of file
101.1361 	EXP 	fixDot: autoDraw = False
101.1361 	EXP 	fixDotBlue: autoDraw = True
102.0271 	DATA 	Keypress: num_2
102.5606 	DATA 	Keypress: num_2
103.1120 	DATA 	Keypress: num_3
109.1335 	EXP 	New trial (rep=0, index=4): OrderedDict([('iStimSide', 1), ('iTargSide', 0), ('iSideFirst', 1), ('iStim', 1), ('iGen', 1), ('sylTarg', 112), ('sylDist', 323), ('sylCent', 3212)])
109.1596 	EXP 	visCueText: autoDraw = False
109.1596 	EXP 	fixDot: autoDraw = False
109.1596 	EXP 	fixDotBlue: autoDraw = False
110.1434 	EXP 	visCueText: text = 'Left'
110.1434 	EXP 	visCueText: autoDraw = True
111.1440 	EXP 	visCueText: autoDraw = False
111.1440 	EXP 	fixDot: autoDraw = True
112.1453 	EXP 	Sound soundStim started
114.9434 	EXP 	Sound soundStim stopped
115.9478 	EXP 	fixDot: autoDraw = False
115.9478 	EXP 	fixDotBlue: autoDraw = True
116.5558 	DATA 	Keypress: num_1
117.1193 	DATA 	Keypress: num_1
117.7400 	DATA 	Keypress: num_2
123.9281 	EXP 	New trial (rep=0, index=5): OrderedDict([('iStimSide', 0), ('iTargSide', 1), ('iSideFirst', 0), ('iStim', 1), ('iGen', 0), ('sylTarg', 313), ('sylDist', 232), ('sylCent', 3322)])
123.9563 	EXP 	visCueText: autoDraw = False
123.9563 	EXP 	fixDot: autoDraw = False
123.9563 	EXP 	fixDotBlue: autoDraw = False
124.9558 	EXP 	visCueText: text = 'Right'
124.9558 	EXP 	visCueText: autoDraw = True
125.9394 	EXP 	fixDot: autoDraw = True
125.9560 	EXP 	visCueText: autoDraw = False
126.9402 	EXP 	Sound soundStim started
129.7431 	EXP 	Sound soundStim reached end of file
130.7433 	EXP 	fixDot: autoDraw = False
130.7433 	EXP 	fixDotBlue: autoDraw = True
132.1192 	DATA 	Keypress: num_3
132.8684 	DATA 	Keypress: num_1
133.6533 	DATA 	Keypress: num_3
138.7389 	EXP 	New trial (rep=0, index=6): OrderedDict([('iStimSide', 0), ('iTargSide', 1), ('iSideFirst', 0), ('iStim', 1), ('iGen', 1), ('sylTarg', 213), ('sylDist', 121), ('sylCent', 3233)])
138.7676 	EXP 	visCueText: autoDraw = False
138.7676 	EXP 	fixDot: autoDraw = False
138.7676 	EXP 	fixDotBlue: autoDraw = False
139.7503 	EXP 	visCueText: text = 'Right'
139.7503 	EXP 	visCueText: autoDraw = True
140.7513 	EXP 	visCueText: autoDraw = False
140.7513 	EXP 	fixDot: autoDraw = True
141.7520 	EXP 	Sound soundStim started
144.5534 	EXP 	Sound soundStim reached end of file
145.5551 	EXP 	fixDot: autoDraw = False
145.5551 	EXP 	fixDotBlue: autoDraw = True
146.7309 	DATA 	Keypress: num_3
147.6302 	DATA 	Keypress: num_1
149.5996 	DATA 	Keypress: num_3
153.5335 	EXP 	New trial (rep=0, index=7): OrderedDict([('iStimSide', 1), ('iTargSide', 0), ('iSideFirst', 0), ('iStim', 1), ('iGen', 1), ('sylTarg', 123), ('sylDist', 312), ('sylCent', 2321)])
153.5622 	EXP 	visCueText: autoDraw = False
153.5622 	EXP 	fixDot: autoDraw = False
153.5622 	EXP 	fixDotBlue: autoDraw = False
154.5622 	EXP 	visCueText: text = 'Left'
154.5622 	EXP 	visCueText: autoDraw = True
155.5465 	EXP 	fixDot: autoDraw = True
155.5631 	EXP 	visCueText: autoDraw = False
156.5471 	EXP 	Sound soundStim started
159.3469 	EXP 	Sound soundStim reached end of file
160.3504 	EXP 	fixDot: autoDraw = False
160.3504 	EXP 	fixDotBlue: autoDraw = True
161.0413 	DATA 	Keypress: num_1
161.6583 	DATA 	Keypress: num_2
162.4593 	DATA 	Keypress: num_3
168.3286 	EXP 	New trial (rep=0, index=8): OrderedDict([('iStimSide', 1), ('iTargSide', 0), ('iSideFirst', 1), ('iStim', 0), ('iGen', 0), ('sylTarg', 132), ('sylDist', 323), ('sylCent', 1311)])
168.3582 	EXP 	visCueText: autoDraw = False
168.3582 	EXP 	fixDot: autoDraw = False
168.3582 	EXP 	fixDotBlue: autoDraw = False
169.3412 	EXP 	visCueText: text = 'Left'
169.3412 	EXP 	visCueText: autoDraw = True
170.3420 	EXP 	visCueText: autoDraw = False
170.3420 	EXP 	fixDot: autoDraw = True
171.3425 	EXP 	Sound soundStim started
174.1423 	EXP 	Sound soundStim reached end of file
175.1454 	EXP 	fixDot: autoDraw = False
175.1454 	EXP 	fixDotBlue: autoDraw = True
175.8031 	DATA 	Keypress: num_1
176.4379 	DATA 	Keypress: num_3
177.1051 	DATA 	Keypress: num_2
183.1281 	EXP 	New trial (rep=0, index=9): OrderedDict([('iStimSide', 0), ('iTargSide', 1), ('iSideFirst', 1), ('iStim', 1), ('iGen', 1), ('sylTarg', 123), ('sylDist', 231), ('sylCent', 2321)])
183.1536 	EXP 	visCueText: autoDraw = False
183.1536 	EXP 	fixDot: autoDraw = False
183.1536 	EXP 	fixDotBlue: autoDraw = False
184.1191 	EXP 	visCueText: text = 'Right'
184.1191 	EXP 	visCueText: autoDraw = True
185.1201 	EXP 	visCueText: autoDraw = False
185.1201 	EXP 	fixDot: autoDraw = True
186.1208 	EXP 	Sound soundStim started
188.9207 	EXP 	Sound soundStim reached end of file
189.9242 	EXP 	fixDot: autoDraw = False
189.9242 	EXP 	fixDotBlue: autoDraw = True
191.1662 	DATA 	Keypress: num_1
191.9326 	DATA 	Keypress: num_2
192.6009 	DATA 	Keypress: num_3
197.9223 	EXP 	New trial (rep=0, index=10): OrderedDict([('iStimSide', 0), ('iTargSide', 0), ('iSideFirst', 1), ('iStim', 1), ('iGen', 0), ('sylTarg', 233), ('sylDist', 312), ('sylCent', 3113)])
197.9481 	EXP 	fixDotBlue: autoDraw = False
197.9481 	EXP 	visCueText: autoDraw = False
197.9481 	EXP 	fixDot: autoDraw = False
197.9481 	EXP 	fixDotBlue: autoDraw = False
198.9485 	EXP 	visCueText: text = 'Left'
198.9485 	EXP 	visCueText: autoDraw = True
199.9319 	EXP 	fixDot: autoDraw = True
199.9487 	EXP 	visCueText: autoDraw = False
200.9328 	EXP 	Sound soundStim started
203.7311 	EXP 	Sound soundStim stopped
204.7359 	EXP 	fixDot: autoDraw = False
204.7359 	EXP 	fixDotBlue: autoDraw = True
205.9284 	DATA 	Keypress: num_2
206.6283 	DATA 	Keypress: num_3
207.2948 	DATA 	Keypress: num_3
212.7312 	EXP 	New trial (rep=0, index=11): OrderedDict([('iStimSide', 0), ('iTargSide', 0), ('iSideFirst', 1), ('iStim', 1), ('iGen', 1), ('sylTarg', 212), ('sylDist', 323), ('sylCent', 3311)])
212.7600 	EXP 	visCueText: autoDraw = False
212.7600 	EXP 	fixDot: autoDraw = False
212.7600 	EXP 	fixDotBlue: autoDraw = False
213.7430 	EXP 	visCueText: text = 'Left'
213.7430 	EXP 	visCueText: autoDraw = True
214.7440 	EXP 	visCueText: autoDraw = False
214.7440 	EXP 	fixDot: autoDraw = True
215.7448 	EXP 	Sound soundStim started
218.5416 	EXP 	Sound soundStim stopped
219.5478 	EXP 	fixDot: autoDraw = False
219.5478 	EXP 	fixDotBlue: autoDraw = True
220.8558 	DATA 	Keypress: num_2
221.5728 	DATA 	Keypress: num_1
222.2414 	DATA 	Keypress: num_2
227.5273 	EXP 	New trial (rep=0, index=12): OrderedDict([('iStimSide', 1), ('iTargSide', 1), ('iSideFirst', 0), ('iStim', 1), ('iGen', 0), ('sylTarg', 231), ('sylDist', 123), ('sylCent', 1231)])
227.5561 	EXP 	visCueText: autoDraw = False
227.5561 	EXP 	fixDot: autoDraw = False
227.5561 	EXP 	fixDotBlue: autoDraw = False
228.5557 	EXP 	visCueText: text = 'Right'
228.5557 	EXP 	visCueText: autoDraw = True
229.5391 	EXP 	fixDot: autoDraw = True
229.5556 	EXP 	visCueText: autoDraw = False
230.5400 	EXP 	Sound soundStim started
233.3414 	EXP 	Sound soundStim reached end of file
234.3432 	EXP 	fixDot: autoDraw = False
234.3432 	EXP 	fixDotBlue: autoDraw = True
235.3354 	DATA 	Keypress: num_2
235.9687 	DATA 	Keypress: num_3
236.9028 	DATA 	Keypress: num_1
242.3389 	EXP 	New trial (rep=0, index=13): OrderedDict([('iStimSide', 1), ('iTargSide', 1), ('iSideFirst', 0), ('iStim', 0), ('iGen', 0), ('sylTarg', 323), ('sylDist', 132), ('sylCent', 2121)])
242.3674 	EXP 	visCueText: autoDraw = False
242.3674 	EXP 	fixDot: autoDraw = False
242.3674 	EXP 	fixDotBlue: autoDraw = False
243.3501 	EXP 	visCueText: text = 'Right'
243.3501 	EXP 	visCueText: autoDraw = True
244.3510 	EXP 	visCueText: autoDraw = False
244.3510 	EXP 	fixDot: autoDraw = True
245.3518 	EXP 	Sound soundStim started
248.1516 	EXP 	Sound soundStim stopped
249.1549 	EXP 	fixDot: autoDraw = False
249.1549 	EXP 	fixDotBlue: autoDraw = True
250.0467 	DATA 	Keypress: num_3
250.7312 	DATA 	Keypress: num_1
251.3984 	DATA 	Keypress: num_2
257.1347 	EXP 	New trial (rep=0, index=14): OrderedDict([('iStimSide', 1), ('iTargSide', 1), ('iSideFirst', 1), ('iStim', 0), ('iGen', 1), ('sylTarg', 231), ('sylDist', 313), ('sylCent', 2311)])
257.1624 	EXP 	visCueText: autoDraw = False
257.1624 	EXP 	fixDot: autoDraw = False
257.1624 	EXP 	fixDotBlue: autoDraw = False
258.1293 	EXP 	visCueText: text = 'Right'
258.1293 	EXP 	visCueText: autoDraw = True
259.1296 	EXP 	visCueText: autoDraw = False
259.1296 	EXP 	fixDot: autoDraw = True
260.1303 	EXP 	Sound soundStim started
262.9300 	EXP 	Sound soundStim reached end of file
263.9340 	EXP 	fixDot: autoDraw = False
263.9340 	EXP 	fixDotBlue: autoDraw = True
264.6909 	DATA 	Keypress: num_2
265.3074 	DATA 	Keypress: num_3
265.9560 	DATA 	Keypress: num_1
271.9287 	EXP 	New trial (rep=0, index=15): OrderedDict([('iStimSide', 1), ('iTargSide', 1), ('iSideFirst', 1), ('iStim', 1), ('iGen', 0), ('sylTarg', 212), ('sylDist', 121), ('sylCent', 3222)])
271.9586 	EXP 	visCueText: autoDraw = False
271.9586 	EXP 	fixDot: autoDraw = False
271.9586 	EXP 	fixDotBlue: autoDraw = False
272.9411 	EXP 	visCueText: text = 'Right'
272.9411 	EXP 	visCueText: autoDraw = True
273.9416 	EXP 	visCueText: autoDraw = False
273.9416 	EXP 	fixDot: autoDraw = True
274.9423 	EXP 	Sound soundStim started
277.7407 	EXP 	Sound soundStim stopped
278.7452 	EXP 	fixDot: autoDraw = False
278.7452 	EXP 	fixDotBlue: autoDraw = True
279.8866 	DATA 	Keypress: num_2
280.4551 	DATA 	Keypress: num_1
280.9713 	DATA 	Keypress: num_2
286.7252 	EXP 	New trial (rep=0, index=16): OrderedDict([('iStimSide', 1), ('iTargSide', 0), ('iSideFirst', 1), ('iStim', 1), ('iGen', 0), ('sylTarg', 312), ('sylDist', 231), ('sylCent', 1232)])
286.7528 	EXP 	visCueText: autoDraw = False
286.7528 	EXP 	fixDot: autoDraw = False
286.7528 	EXP 	fixDotBlue: autoDraw = False
287.7358 	EXP 	visCueText: text = 'Left'
287.7358 	EXP 	visCueText: autoDraw = True
288.7365 	EXP 	visCueText: autoDraw = False
288.7365 	EXP 	fixDot: autoDraw = True
289.7372 	EXP 	Sound soundStim started
292.5404 	EXP 	Sound soundStim reached end of file
293.5407 	EXP 	fixDot: autoDraw = False
293.5407 	EXP 	fixDotBlue: autoDraw = True
294.4159 	DATA 	Keypress: num_2
295.0629 	DATA 	Keypress: num_3
295.7800 	DATA 	Keypress: num_1
301.5372 	EXP 	New trial (rep=0, index=17): OrderedDict([('iStimSide', 0), ('iTargSide', 0), ('iSideFirst', 0), ('iStim', 1), ('iGen', 0), ('sylTarg', 313), ('sylDist', 221), ('sylCent', 2131)])
301.5653 	EXP 	visCueText: autoDraw = False
301.5653 	EXP 	fixDot: autoDraw = False
301.5653 	EXP 	fixDotBlue: autoDraw = False
302.5481 	EXP 	visCueText: text = 'Left'
302.5481 	EXP 	visCueText: autoDraw = True
303.5488 	EXP 	visCueText: autoDraw = False
303.5488 	EXP 	fixDot: autoDraw = True
304.5495 	EXP 	Sound soundStim started
307.3508 	EXP 	Sound soundStim reached end of file
308.3524 	EXP 	fixDot: autoDraw = False
308.3524 	EXP 	fixDotBlue: autoDraw = True
309.1274 	DATA 	Keypress: num_2
309.5742 	DATA 	Keypress: num_2
310.1786 	DATA 	Keypress: num_1
316.3316 	EXP 	New trial (rep=0, index=18): OrderedDict([('iStimSide', 1), ('iTargSide', 0), ('iSideFirst', 0), ('iStim', 1), ('iGen', 0), ('sylTarg', 221), ('sylDist', 312), ('sylCent', 3313)])
316.3599 	EXP 	visCueText: autoDraw = False
316.3599 	EXP 	fixDot: autoDraw = False
316.3599 	EXP 	fixDotBlue: autoDraw = False
317.3432 	EXP 	visCueText: text = 'Left'
317.3432 	EXP 	visCueText: autoDraw = True
318.3439 	EXP 	visCueText: autoDraw = False
318.3439 	EXP 	fixDot: autoDraw = True
319.3444 	EXP 	Sound soundStim started
322.1445 	EXP 	Sound soundStim reached end of file
323.1475 	EXP 	fixDot: autoDraw = False
323.1475 	EXP 	fixDotBlue: autoDraw = True
323.8729 	DATA 	Keypress: num_2
324.2903 	DATA 	Keypress: num_2
324.8246 	DATA 	Keypress: num_1
331.1277 	EXP 	New trial (rep=0, index=19): OrderedDict([('iStimSide', 1), ('iTargSide', 1), ('iSideFirst', 0), ('iStim', 0), ('iGen', 1), ('sylTarg', 121), ('sylDist', 313), ('sylCent', 3331)])
331.1558 	EXP 	visCueText: autoDraw = False
331.1558 	EXP 	fixDot: autoDraw = False
331.1558 	EXP 	fixDotBlue: autoDraw = False
332.1550 	EXP 	visCueText: text = 'Right'
332.1550 	EXP 	visCueText: autoDraw = True
333.1392 	EXP 	fixDot: autoDraw = True
333.1560 	EXP 	visCueText: autoDraw = False
334.1402 	EXP 	Sound soundStim started
336.9394 	EXP 	Sound soundStim stopped
337.9430 	EXP 	fixDot: autoDraw = False
337.9430 	EXP 	fixDotBlue: autoDraw = True
339.1680 	DATA 	Keypress: num_1
339.7527 	DATA 	Keypress: num_2
340.2863 	DATA 	Keypress: num_1
345.9400 	EXP 	New trial (rep=0, index=20): OrderedDict([('iStimSide', 1), ('iTargSide', 1), ('iSideFirst', 0), ('iStim', 1), ('iGen', 1), ('sylTarg', 232), ('sylDist', 313), ('sylCent', 1112)])
345.9670 	EXP 	visCueText: autoDraw = False
345.9670 	EXP 	fixDot: autoDraw = False
345.9670 	EXP 	fixDotBlue: autoDraw = False
346.9501 	EXP 	visCueText: text = 'Right'
346.9501 	EXP 	visCueText: autoDraw = True
347.9504 	EXP 	visCueText: autoDraw = False
347.9504 	EXP 	fixDot: autoDraw = True
348.9520 	EXP 	Sound soundStim started
351.7467 	EXP 	Sound soundStim reached end of file
352.7545 	EXP 	fixDot: autoDraw = False
352.7545 	EXP 	fixDotBlue: autoDraw = True
353.8636 	DATA 	Keypress: num_2
354.4804 	DATA 	Keypress: num_3
355.1106 	DATA 	Keypress: num_2
360.7333 	EXP 	New trial (rep=0, index=21): OrderedDict([('iStimSide', 0), ('iTargSide', 1), ('iSideFirst', 0), ('iStim', 0), ('iGen', 1), ('sylTarg', 213), ('sylDist', 132), ('sylCent', 2312)])
360.7618 	EXP 	visCueText: autoDraw = False
360.7618 	EXP 	fixDot: autoDraw = False
360.7618 	EXP 	fixDotBlue: autoDraw = False
361.7456 	EXP 	visCueText: text = 'Right'
361.7456 	EXP 	visCueText: autoDraw = True
362.7464 	EXP 	visCueText: autoDraw = False
362.7464 	EXP 	fixDot: autoDraw = True
363.7469 	EXP 	Sound soundStim started
366.5499 	EXP 	Sound soundStim reached end of file
367.5501 	EXP 	fixDot: autoDraw = False
367.5501 	EXP 	fixDotBlue: autoDraw = True
369.0589 	DATA 	Keypress: num_2
369.7431 	DATA 	Keypress: num_1
370.4091 	DATA 	Keypress: num_3
375.5298 	EXP 	New trial (rep=0, index=22): OrderedDict([('iStimSide', 1), ('iTargSide', 0), ('iSideFirst', 0), ('iStim', 0), ('iGen', 1), ('sylTarg', 132), ('sylDist', 313), ('sylCent', 2322)])
375.5578 	EXP 	visCueText: autoDraw = False
375.5578 	EXP 	fixDot: autoDraw = False
375.5578 	EXP 	fixDotBlue: autoDraw = False
376.5403 	EXP 	visCueText: text = 'Left'
376.5403 	EXP 	visCueText: autoDraw = True
377.5413 	EXP 	visCueText: autoDraw = False
377.5413 	EXP 	fixDot: autoDraw = True
378.5420 	EXP 	Sound soundStim started
381.3390 	EXP 	Sound soundStim stopped
382.3452 	EXP 	fixDot: autoDraw = False
382.3452 	EXP 	fixDotBlue: autoDraw = True
383.0370 	DATA 	Keypress: num_1
383.6711 	DATA 	Keypress: num_3
384.2382 	DATA 	Keypress: num_2
390.3236 	EXP 	New trial (rep=0, index=23): OrderedDict([('iStimSide', 0), ('iTargSide', 0), ('iSideFirst', 1), ('iStim', 0), ('iGen', 0), ('sylTarg', 323), ('sylDist', 131), ('sylCent', 1122)])
390.3526 	EXP 	visCueText: autoDraw = False
390.3526 	EXP 	fixDot: autoDraw = False
390.3526 	EXP 	fixDotBlue: autoDraw = False
391.3358 	EXP 	visCueText: text = 'Left'
391.3358 	EXP 	visCueText: autoDraw = True
392.3363 	EXP 	visCueText: autoDraw = False
392.3363 	EXP 	fixDot: autoDraw = True
393.3374 	EXP 	Sound soundStim started
396.1385 	EXP 	Sound soundStim reached end of file
397.1405 	EXP 	fixDot: autoDraw = False
397.1405 	EXP 	fixDotBlue: autoDraw = True
398.1488 	DATA 	Keypress: num_1
398.8159 	DATA 	Keypress: num_3
399.4993 	DATA 	Keypress: num_2
405.1360 	EXP 	New trial (rep=0, index=24): OrderedDict([('iStimSide', 0), ('iTargSide', 1), ('iSideFirst', 1), ('iStim', 0), ('iGen', 0), ('sylTarg', 132), ('sylDist', 221), ('sylCent', 3133)])
405.1651 	EXP 	visCueText: autoDraw = False
405.1651 	EXP 	fixDot: autoDraw = False
405.1651 	EXP 	fixDotBlue: autoDraw = False
406.1475 	EXP 	visCueText: text = 'Right'
406.1475 	EXP 	visCueText: autoDraw = True
407.1485 	EXP 	visCueText: autoDraw = False
407.1485 	EXP 	fixDot: autoDraw = True
408.1491 	EXP 	Sound soundStim started
410.9492 	EXP 	Sound soundStim stopped
411.9528 	EXP 	fixDot: autoDraw = False
411.9528 	EXP 	fixDotBlue: autoDraw = True
412.7441 	DATA 	Keypress: num_1
413.4114 	DATA 	Keypress: num_3
414.0449 	DATA 	Keypress: num_2
419.9306 	EXP 	New trial (rep=0, index=25): OrderedDict([('iStimSide', 0), ('iTargSide', 0), ('iSideFirst', 0), ('iStim', 0), ('iGen', 0), ('sylTarg', 131), ('sylDist', 212), ('sylCent', 1122)])
419.9599 	EXP 	visCueText: autoDraw = False
419.9599 	EXP 	fixDot: autoDraw = False
419.9599 	EXP 	fixDotBlue: autoDraw = False
420.9601 	EXP 	visCueText: text = 'Left'
420.9601 	EXP 	visCueText: autoDraw = True
421.9436 	EXP 	fixDot: autoDraw = True
421.9604 	EXP 	visCueText: autoDraw = False
422.9445 	EXP 	Sound soundStim started
425.7444 	EXP 	Sound soundStim reached end of file
426.7475 	EXP 	fixDot: autoDraw = False
426.7475 	EXP 	fixDotBlue: autoDraw = True
426.8065 	DATA 	Keypress: num_1
427.4383 	DATA 	Keypress: num_3
428.1713 	DATA 	Keypress: num_1
434.7283 	EXP 	New trial (rep=0, index=26): OrderedDict([('iStimSide', 0), ('iTargSide', 1), ('iSideFirst', 0), ('iStim', 0), ('iGen', 0), ('sylTarg', 321), ('sylDist', 132), ('sylCent', 1121)])
434.7549 	EXP 	visCueText: autoDraw = False
434.7549 	EXP 	fixDot: autoDraw = False
434.7549 	EXP 	fixDotBlue: autoDraw = False
435.7549 	EXP 	visCueText: text = 'Right'
435.7549 	EXP 	visCueText: autoDraw = True
436.7386 	EXP 	fixDot: autoDraw = True
436.7555 	EXP 	visCueText: autoDraw = False
437.7396 	EXP 	Sound soundStim started
440.5381 	EXP 	Sound soundStim stopped
441.5426 	EXP 	fixDot: autoDraw = False
441.5426 	EXP 	fixDotBlue: autoDraw = True
442.9839 	DATA 	Keypress: num_3
443.6018 	DATA 	Keypress: num_2
444.2180 	DATA 	Keypress: num_1
449.5398 	EXP 	New trial (rep=0, index=27): OrderedDict([('iStimSide', 1), ('iTargSide', 1), ('iSideFirst', 1), ('iStim', 1), ('iGen', 1), ('sylTarg', 321), ('sylDist', 213), ('sylCent', 3123)])
449.5666 	EXP 	visCueText: autoDraw = False
449.5666 	EXP 	fixDot: autoDraw = False
449.5666 	EXP 	fixDotBlue: autoDraw = False
450.5497 	EXP 	visCueText: text = 'Right'
450.5497 	EXP 	visCueText: autoDraw = True
451.5505 	EXP 	visCueText: autoDraw = False
451.5505 	EXP 	fixDot: autoDraw = True
452.5513 	EXP 	Sound soundStim started
455.3481 	EXP 	Sound soundStim stopped
456.3543 	EXP 	fixDot: autoDraw = False
456.3543 	EXP 	fixDotBlue: autoDraw = True
456.8955 	DATA 	Keypress: num_3
457.4633 	DATA 	Keypress: num_2
458.0971 	DATA 	Keypress: num_1
464.3344 	EXP 	New trial (rep=0, index=28): OrderedDict([('iStimSide', 0), ('iTargSide', 0), ('iSideFirst', 1), ('iStim', 0), ('iGen', 1), ('sylTarg', 232), ('sylDist', 321), ('sylCent', 2112)])
464.3622 	EXP 	visCueText: autoDraw = False
464.3622 	EXP 	fixDot: autoDraw = False
464.3622 	EXP 	fixDotBlue: autoDraw = False
465.3449 	EXP 	visCueText: text = 'Left'
465.3449 	EXP 	visCueText: autoDraw = True
466.3466 	EXP 	visCueText: autoDraw = False
466.3466 	EXP 	fixDot: autoDraw = True
467.3468 	EXP 	Sound soundStim started
470.1482 	EXP 	Sound soundStim reached end of file
471.1497 	EXP 	fixDot: autoDraw = False
471.1497 	EXP 	fixDotBlue: autoDraw = True
472.0081 	DATA 	Keypress: num_2
472.5423 	DATA 	Keypress: num_3
473.0425 	DATA 	Keypress: num_2
479.1275 	EXP 	New trial (rep=0, index=29): OrderedDict([('iStimSide', 0), ('iTargSide', 0), ('iSideFirst', 0), ('iStim', 1), ('iGen', 1), ('sylTarg', 313), ('sylDist', 232), ('sylCent', 1212)])
479.1572 	EXP 	visCueText: autoDraw = False
479.1572 	EXP 	fixDot: autoDraw = False
479.1572 	EXP 	fixDotBlue: autoDraw = False
480.1403 	EXP 	visCueText: text = 'Left'
480.1403 	EXP 	visCueText: autoDraw = True
481.1412 	EXP 	visCueText: autoDraw = False
481.1412 	EXP 	fixDot: autoDraw = True
482.1420 	EXP 	Sound soundStim started
484.9421 	EXP 	Sound soundStim reached end of file
485.9448 	EXP 	fixDot: autoDraw = False
485.9448 	EXP 	fixDotBlue: autoDraw = True
486.7205 	DATA 	Keypress: num_3
487.4369 	DATA 	Keypress: num_1
488.0873 	DATA 	Keypress: num_3
493.9249 	EXP 	New trial (rep=0, index=30): OrderedDict([('iStimSide', 0), ('iTargSide', 0), ('iSideFirst', 0), ('iStim', 0), ('iGen', 1), ('sylTarg', 323), ('sylDist', 131), ('sylCent', 2112)])
493.9528 	EXP 	visCueText: autoDraw = False
493.9528 	EXP 	fixDot: autoDraw = False
493.9528 	EXP 	fixDotBlue: autoDraw = False
494.9357 	EXP 	visCueText: text = 'Left'
494.9357 	EXP 	visCueText: autoDraw = True
495.9368 	EXP 	visCueText: autoDraw = False
495.9368 	EXP 	fixDot: autoDraw = True
496.9372 	EXP 	Sound soundStim started
499.7368 	EXP 	Sound soundStim reached end of file
500.7404 	EXP 	fixDot: autoDraw = False
500.7404 	EXP 	fixDotBlue: autoDraw = True
501.7946 	DATA 	Keypress: num_3
502.5831 	DATA 	Keypress: num_2
503.2797 	DATA 	Keypress: num_3
508.7344 	EXP 	New trial (rep=0, index=31): OrderedDict([('iStimSide', 0), ('iTargSide', 1), ('iSideFirst', 1), ('iStim', 0), ('iGen', 1), ('sylTarg', 121), ('sylDist', 312), ('sylCent', 1123)])
508.7643 	EXP 	visCueText: autoDraw = False
508.7643 	EXP 	fixDot: autoDraw = False
508.7643 	EXP 	fixDotBlue: autoDraw = False
509.7473 	EXP 	visCueText: text = 'Right'
509.7473 	EXP 	visCueText: autoDraw = True
510.7482 	EXP 	visCueText: autoDraw = False
510.7482 	EXP 	fixDot: autoDraw = True
511.7492 	EXP 	Sound soundStim started
514.5439 	EXP 	Sound soundStim reached end of file
515.5355 	EXP 	fixDotBlue: autoDraw = True
515.5522 	EXP 	fixDot: autoDraw = False
516.7951 	DATA 	Keypress: num_1
517.3282 	DATA 	Keypress: num_2
517.7787 	DATA 	Keypress: num_1
523.5762 	EXP 	visCueText: autoDraw = False
523.5762 	EXP 	fixDot: autoDraw = False
523.5762 	EXP 	fixDotBlue: autoDraw = False
523.5762 	EXP 	blockEndText: text = 'End of Block 5\nYour accuracy: 84.38\nPress space to begin next block'
523.5762 	EXP 	blockEndText: autoDraw = True
539.8624 	EXP 	New trial (rep=5, index=0): None
539.8727 	EXP 	Imported C:\Users\Lab Admin\Documents\AlexP\stim_v2\trialInfo\2\6.csv as conditions, 32 conditions, 8 params
539.8731 	EXP 	Created sequence: sequential, trialTypes=32, nReps=1, seed=None
539.8751 	DATA 	Keypress: space
539.8891 	EXP 	blockEndText: autoDraw = False
549.8800 	EXP 	blockStartText: text = 'Block 6 of 6\n Press space to continue'
549.8800 	EXP 	blockStartText: autoDraw = True
551.6686 	EXP 	Imported C:\Users\Lab Admin\Documents\AlexP\stim_v2\trialInfo\2\6.csv as conditions, 32 conditions, 8 params
551.6692 	EXP 	Created sequence: sequential, trialTypes=32, nReps=1, seed=None
551.6698 	EXP 	New trial (rep=0, index=0): OrderedDict([('iStimSide', 0), ('iTargSide', 0), ('iSideFirst', 1), ('iStim', 0), ('iGen', 0), ('sylTarg', 123), ('sylDist', 332), ('sylCent', 1222)])
551.6800 	DATA 	Keypress: space
551.6993 	EXP 	blockStartText: autoDraw = False
552.6820 	EXP 	visCueText: text = 'Left'
552.6820 	EXP 	visCueText: autoDraw = True
553.6827 	EXP 	visCueText: autoDraw = False
553.6827 	EXP 	fixDot: autoDraw = True
554.6835 	EXP 	Sound soundStim started
557.4854 	EXP 	Sound soundStim reached end of file
558.4863 	EXP 	fixDot: autoDraw = False
558.4863 	EXP 	fixDotBlue: autoDraw = True
559.0428 	DATA 	Keypress: num_1
559.4952 	DATA 	Keypress: num_2
559.9946 	DATA 	Keypress: num_3
566.4667 	EXP 	New trial (rep=0, index=1): OrderedDict([('iStimSide', 0), ('iTargSide', 1), ('iSideFirst', 1), ('iStim', 1), ('iGen', 0), ('sylTarg', 232), ('sylDist', 323), ('sylCent', 1122)])
566.4941 	EXP 	visCueText: autoDraw = False
566.4941 	EXP 	fixDot: autoDraw = False
566.4941 	EXP 	fixDotBlue: autoDraw = False
567.4939 	EXP 	visCueText: text = 'Right'
567.4939 	EXP 	visCueText: autoDraw = True
568.4778 	EXP 	fixDot: autoDraw = True
568.4942 	EXP 	visCueText: autoDraw = False
569.4784 	EXP 	Sound soundStim started
572.2743 	EXP 	Sound soundStim stopped
573.2816 	EXP 	fixDot: autoDraw = False
573.2816 	EXP 	fixDotBlue: autoDraw = True
574.2238 	DATA 	Keypress: num_2
574.7568 	DATA 	Keypress: num_3
575.2746 	DATA 	Keypress: num_2
581.2608 	EXP 	New trial (rep=0, index=2): OrderedDict([('iStimSide', 0), ('iTargSide', 1), ('iSideFirst', 1), ('iStim', 0), ('iGen', 1), ('sylTarg', 123), ('sylDist', 212), ('sylCent', 3113)])
581.2890 	EXP 	visCueText: autoDraw = False
581.2890 	EXP 	fixDot: autoDraw = False
581.2890 	EXP 	fixDotBlue: autoDraw = False
582.2721 	EXP 	visCueText: text = 'Right'
582.2721 	EXP 	visCueText: autoDraw = True
583.2731 	EXP 	visCueText: autoDraw = False
583.2731 	EXP 	fixDot: autoDraw = True
584.2738 	EXP 	Sound soundStim started
587.0743 	EXP 	Sound soundStim reached end of file
588.0769 	EXP 	fixDot: autoDraw = False
588.0769 	EXP 	fixDotBlue: autoDraw = True
588.5688 	DATA 	Keypress: num_1
589.4522 	DATA 	Keypress: num_2
590.2034 	DATA 	Keypress: num_3
596.0707 	EXP 	New trial (rep=0, index=3): OrderedDict([('iStimSide', 0), ('iTargSide', 0), ('iSideFirst', 0), ('iStim', 0), ('iGen', 1), ('sylTarg', 312), ('sylDist', 231), ('sylCent', 2332)])
596.1015 	EXP 	visCueText: autoDraw = False
596.1015 	EXP 	fixDot: autoDraw = False
596.1015 	EXP 	fixDotBlue: autoDraw = False
597.0840 	EXP 	visCueText: text = 'Left'
597.0840 	EXP 	visCueText: autoDraw = True
598.0852 	EXP 	visCueText: autoDraw = False
598.0852 	EXP 	fixDot: autoDraw = True
599.0858 	EXP 	Sound soundStim started
601.8847 	EXP 	Sound soundStim stopped
602.8887 	EXP 	fixDot: autoDraw = False
602.8887 	EXP 	fixDotBlue: autoDraw = True
603.8307 	DATA 	Keypress: num_3
604.9485 	DATA 	Keypress: num_1
605.5480 	DATA 	Keypress: num_2
610.8671 	EXP 	New trial (rep=0, index=4): OrderedDict([('iStimSide', 1), ('iTargSide', 1), ('iSideFirst', 1), ('iStim', 1), ('iGen', 1), ('sylTarg', 321), ('sylDist', 213), ('sylCent', 3121)])
610.8962 	EXP 	visCueText: autoDraw = False
610.8962 	EXP 	fixDot: autoDraw = False
610.8962 	EXP 	fixDotBlue: autoDraw = False
611.8792 	EXP 	visCueText: text = 'Right'
611.8792 	EXP 	visCueText: autoDraw = True
612.8800 	EXP 	visCueText: autoDraw = False
612.8800 	EXP 	fixDot: autoDraw = True
613.8807 	EXP 	Sound soundStim started
616.6846 	EXP 	Sound soundStim reached end of file
617.6841 	EXP 	fixDot: autoDraw = False
617.6841 	EXP 	fixDotBlue: autoDraw = True
618.2757 	DATA 	Keypress: num_3
618.9587 	DATA 	Keypress: num_1
619.7398 	DATA 	Keypress: num_1
625.6604 	EXP 	New trial (rep=0, index=5): OrderedDict([('iStimSide', 1), ('iTargSide', 1), ('iSideFirst', 1), ('iStim', 0), ('iGen', 1), ('sylTarg', 131), ('sylDist', 313), ('sylCent', 1133)])
625.6744 	EXP 	visCueText: autoDraw = False
625.6744 	EXP 	fixDot: autoDraw = False
625.6744 	EXP 	fixDotBlue: autoDraw = False
626.6579 	EXP 	visCueText: text = 'Right'
626.6579 	EXP 	visCueText: autoDraw = True
627.6587 	EXP 	visCueText: autoDraw = False
627.6587 	EXP 	fixDot: autoDraw = True
628.6593 	EXP 	Sound soundStim started
631.4625 	EXP 	Sound soundStim reached end of file
632.4627 	EXP 	fixDot: autoDraw = False
632.4627 	EXP 	fixDotBlue: autoDraw = True
633.0046 	DATA 	Keypress: num_1
633.6550 	DATA 	Keypress: num_3
634.3386 	DATA 	Keypress: num_1
640.4615 	EXP 	New trial (rep=0, index=6): OrderedDict([('iStimSide', 0), ('iTargSide', 0), ('iSideFirst', 1), ('iStim', 0), ('iGen', 1), ('sylTarg', 323), ('sylDist', 131), ('sylCent', 3332)])
640.4865 	EXP 	fixDotBlue: autoDraw = False
640.4865 	EXP 	visCueText: autoDraw = False
640.4865 	EXP 	fixDot: autoDraw = False
640.4865 	EXP 	fixDotBlue: autoDraw = False
641.4691 	EXP 	visCueText: text = 'Left'
641.4691 	EXP 	visCueText: autoDraw = True
642.4699 	EXP 	visCueText: autoDraw = False
642.4699 	EXP 	fixDot: autoDraw = True
643.4714 	EXP 	Sound soundStim started
646.2732 	EXP 	Sound soundStim reached end of file
647.2744 	EXP 	fixDot: autoDraw = False
647.2744 	EXP 	fixDotBlue: autoDraw = True
648.2161 	DATA 	Keypress: num_1
648.8664 	DATA 	Keypress: num_3
649.5166 	DATA 	Keypress: num_1
655.2708 	EXP 	New trial (rep=0, index=7): OrderedDict([('iStimSide', 1), ('iTargSide', 0), ('iSideFirst', 0), ('iStim', 1), ('iGen', 0), ('sylTarg', 231), ('sylDist', 123), ('sylCent', 3311)])
655.2984 	EXP 	visCueText: autoDraw = False
655.2984 	EXP 	fixDot: autoDraw = False
655.2984 	EXP 	fixDotBlue: autoDraw = False
656.2815 	EXP 	visCueText: text = 'Left'
656.2815 	EXP 	visCueText: autoDraw = True
657.2829 	EXP 	visCueText: autoDraw = False
657.2829 	EXP 	fixDot: autoDraw = True
658.2831 	EXP 	Sound soundStim started
661.0836 	EXP 	Sound soundStim reached end of file
662.0863 	EXP 	fixDot: autoDraw = False
662.0863 	EXP 	fixDotBlue: autoDraw = True
662.8946 	DATA 	Keypress: num_1
663.4106 	DATA 	Keypress: num_2
663.9469 	DATA 	Keypress: num_3
670.0666 	EXP 	New trial (rep=0, index=8): OrderedDict([('iStimSide', 1), ('iTargSide', 0), ('iSideFirst', 1), ('iStim', 1), ('iGen', 1), ('sylTarg', 131), ('sylDist', 212), ('sylCent', 2122)])
670.0939 	EXP 	visCueText: autoDraw = False
670.0939 	EXP 	fixDot: autoDraw = False
670.0939 	EXP 	fixDotBlue: autoDraw = False
671.0772 	EXP 	visCueText: text = 'Left'
671.0772 	EXP 	visCueText: autoDraw = True
672.0783 	EXP 	visCueText: autoDraw = False
672.0783 	EXP 	fixDot: autoDraw = True
673.0786 	EXP 	Sound soundStim started
675.8786 	EXP 	Sound soundStim reached end of file
676.8814 	EXP 	fixDot: autoDraw = False
676.8814 	EXP 	fixDotBlue: autoDraw = True
677.5731 	DATA 	Keypress: num_2
678.2897 	DATA 	Keypress: num_1
678.9573 	DATA 	Keypress: num_2
684.8603 	EXP 	New trial (rep=0, index=9): OrderedDict([('iStimSide', 1), ('iTargSide', 0), ('iSideFirst', 1), ('iStim', 1), ('iGen', 0), ('sylTarg', 131), ('sylDist', 312), ('sylCent', 3311)])
684.8891 	EXP 	visCueText: autoDraw = False
684.8891 	EXP 	fixDot: autoDraw = False
684.8891 	EXP 	fixDotBlue: autoDraw = False
685.8721 	EXP 	visCueText: text = 'Left'
685.8721 	EXP 	visCueText: autoDraw = True
686.8731 	EXP 	visCueText: autoDraw = False
686.8731 	EXP 	fixDot: autoDraw = True
687.8744 	EXP 	Sound soundStim started
690.6724 	EXP 	Sound soundStim stopped
691.6769 	EXP 	fixDot: autoDraw = False
691.6769 	EXP 	fixDotBlue: autoDraw = True
692.7690 	DATA 	Keypress: num_3
693.4862 	DATA 	Keypress: num_1
694.1198 	DATA 	Keypress: num_2
699.6725 	EXP 	New trial (rep=0, index=10): OrderedDict([('iStimSide', 1), ('iTargSide', 1), ('iSideFirst', 0), ('iStim', 1), ('iGen', 1), ('sylTarg', 321), ('sylDist', 212), ('sylCent', 1332)])
699.7012 	EXP 	visCueText: autoDraw = False
699.7012 	EXP 	fixDot: autoDraw = False
699.7012 	EXP 	fixDotBlue: autoDraw = False
700.7012 	EXP 	visCueText: text = 'Right'
700.7012 	EXP 	visCueText: autoDraw = True
701.6847 	EXP 	fixDot: autoDraw = True
701.7012 	EXP 	visCueText: autoDraw = False
702.6854 	EXP 	Sound soundStim started
705.4830 	EXP 	Sound soundStim stopped
706.4887 	EXP 	fixDot: autoDraw = False
706.4887 	EXP 	fixDotBlue: autoDraw = True
707.0803 	DATA 	Keypress: num_3
707.7812 	DATA 	Keypress: num_2
708.4147 	DATA 	Keypress: num_1
714.4667 	EXP 	New trial (rep=0, index=11): OrderedDict([('iStimSide', 0), ('iTargSide', 0), ('iSideFirst', 0), ('iStim', 0), ('iGen', 0), ('sylTarg', 313), ('sylDist', 132), ('sylCent', 2132)])
714.4956 	EXP 	visCueText: autoDraw = False
714.4956 	EXP 	fixDot: autoDraw = False
714.4956 	EXP 	fixDotBlue: autoDraw = False
715.4962 	EXP 	visCueText: text = 'Left'
715.4962 	EXP 	visCueText: autoDraw = True
716.4799 	EXP 	fixDot: autoDraw = True
716.4967 	EXP 	visCueText: autoDraw = False
717.4810 	EXP 	Sound soundStim started
720.2826 	EXP 	Sound soundStim reached end of file
721.2835 	EXP 	fixDot: autoDraw = False
721.2835 	EXP 	fixDotBlue: autoDraw = True
721.7749 	DATA 	Keypress: num_1
722.8594 	DATA 	Keypress: num_2
723.4941 	DATA 	Keypress: num_3
729.2626 	EXP 	New trial (rep=0, index=12): OrderedDict([('iStimSide', 0), ('iTargSide', 0), ('iSideFirst', 1), ('iStim', 1), ('iGen', 1), ('sylTarg', 232), ('sylDist', 313), ('sylCent', 3232)])
729.2915 	EXP 	visCueText: autoDraw = False
729.2915 	EXP 	fixDot: autoDraw = False
729.2915 	EXP 	fixDotBlue: autoDraw = False
730.2742 	EXP 	visCueText: text = 'Left'
730.2742 	EXP 	visCueText: autoDraw = True
731.2752 	EXP 	visCueText: autoDraw = False
731.2752 	EXP 	fixDot: autoDraw = True
732.2756 	EXP 	Sound soundStim started
735.0716 	EXP 	Sound soundStim stopped
736.0793 	EXP 	fixDot: autoDraw = False
736.0793 	EXP 	fixDotBlue: autoDraw = True
736.6207 	DATA 	Keypress: num_2
737.2044 	DATA 	Keypress: num_3
737.7218 	DATA 	Keypress: num_2
744.0757 	EXP 	New trial (rep=0, index=13): OrderedDict([('iStimSide', 0), ('iTargSide', 1), ('iSideFirst', 1), ('iStim', 0), ('iGen', 0), ('sylTarg', 323), ('sylDist', 232), ('sylCent', 2312)])
744.1035 	EXP 	visCueText: autoDraw = False
744.1035 	EXP 	fixDot: autoDraw = False
744.1035 	EXP 	fixDotBlue: autoDraw = False
745.1032 	EXP 	visCueText: text = 'Right'
745.1032 	EXP 	visCueText: autoDraw = True
746.0869 	EXP 	fixDot: autoDraw = True
746.1033 	EXP 	visCueText: autoDraw = False
747.0879 	EXP 	Sound soundStim started
749.8883 	EXP 	Sound soundStim reached end of file
750.8909 	EXP 	fixDot: autoDraw = False
750.8909 	EXP 	fixDotBlue: autoDraw = True
751.5992 	DATA 	Keypress: num_3
752.2002 	DATA 	Keypress: num_2
752.7799 	DATA 	Keypress: num_3
758.8702 	EXP 	New trial (rep=0, index=14): OrderedDict([('iStimSide', 0), ('iTargSide', 0), ('iSideFirst', 0), ('iStim', 1), ('iGen', 0), ('sylTarg', 231), ('sylDist', 123), ('sylCent', 2121)])
758.8981 	EXP 	visCueText: autoDraw = False
758.8981 	EXP 	fixDot: autoDraw = False
758.8981 	EXP 	fixDotBlue: autoDraw = False
759.8982 	EXP 	visCueText: text = 'Left'
759.8982 	EXP 	visCueText: autoDraw = True
760.8824 	EXP 	fixDot: autoDraw = True
760.8987 	EXP 	visCueText: autoDraw = False
761.8831 	EXP 	Sound soundStim started
764.6819 	EXP 	Sound soundStim stopped
765.6864 	EXP 	fixDot: autoDraw = False
765.6864 	EXP 	fixDotBlue: autoDraw = True
768.0114 	DATA 	Keypress: num_2
768.4303 	DATA 	Keypress: num_3
768.8971 	DATA 	Keypress: num_1
773.6646 	EXP 	New trial (rep=0, index=15): OrderedDict([('iStimSide', 1), ('iTargSide', 1), ('iSideFirst', 0), ('iStim', 0), ('iGen', 0), ('sylTarg', 131), ('sylDist', 213), ('sylCent', 2321)])
773.6936 	EXP 	visCueText: autoDraw = False
773.6936 	EXP 	fixDot: autoDraw = False
773.6936 	EXP 	fixDotBlue: autoDraw = False
774.6934 	EXP 	visCueText: text = 'Right'
774.6934 	EXP 	visCueText: autoDraw = True
775.6776 	EXP 	fixDot: autoDraw = True
775.6942 	EXP 	visCueText: autoDraw = False
776.6783 	EXP 	Sound soundStim started
779.4819 	EXP 	Sound soundStim reached end of file
780.4813 	EXP 	fixDot: autoDraw = False
780.4813 	EXP 	fixDotBlue: autoDraw = True
781.0402 	DATA 	Keypress: num_1
781.5231 	DATA 	Keypress: num_3
782.0070 	DATA 	Keypress: num_1
788.4563 	EXP 	New trial (rep=0, index=16): OrderedDict([('iStimSide', 0), ('iTargSide', 1), ('iSideFirst', 0), ('iStim', 0), ('iGen', 1), ('sylTarg', 131), ('sylDist', 323), ('sylCent', 2212)])
788.4731 	EXP 	visCueText: autoDraw = False
788.4731 	EXP 	fixDot: autoDraw = False
788.4731 	EXP 	fixDotBlue: autoDraw = False
789.4548 	EXP 	visCueText: text = 'Right'
789.4548 	EXP 	visCueText: autoDraw = True
790.4558 	EXP 	visCueText: autoDraw = False
790.4558 	EXP 	fixDot: autoDraw = True
791.4571 	EXP 	Sound soundStim started
794.2603 	EXP 	Sound soundStim reached end of file
795.2601 	EXP 	fixDot: autoDraw = False
795.2601 	EXP 	fixDotBlue: autoDraw = True
795.7846 	DATA 	Keypress: num_1
796.2688 	DATA 	Keypress: num_3
796.7023 	DATA 	Keypress: num_1
803.2554 	EXP 	New trial (rep=0, index=17): OrderedDict([('iStimSide', 1), ('iTargSide', 0), ('iSideFirst', 0), ('iStim', 0), ('iGen', 1), ('sylTarg', 313), ('sylDist', 122), ('sylCent', 1211)])
803.2841 	EXP 	fixDotBlue: autoDraw = False
803.2841 	EXP 	visCueText: autoDraw = False
803.2841 	EXP 	fixDot: autoDraw = False
803.2841 	EXP 	fixDotBlue: autoDraw = False
804.2841 	EXP 	visCueText: text = 'Left'
804.2841 	EXP 	visCueText: autoDraw = True
805.2680 	EXP 	fixDot: autoDraw = True
805.2843 	EXP 	visCueText: autoDraw = False
806.2688 	EXP 	Sound soundStim started
809.0707 	EXP 	Sound soundStim reached end of file
810.0551 	EXP 	fixDotBlue: autoDraw = True
810.0715 	EXP 	fixDot: autoDraw = False
810.7131 	DATA 	Keypress: num_1
811.0969 	DATA 	Keypress: num_1
811.5139 	DATA 	Keypress: num_3
818.0478 	EXP 	New trial (rep=0, index=18): OrderedDict([('iStimSide', 1), ('iTargSide', 0), ('iSideFirst', 0), ('iStim', 0), ('iGen', 0), ('sylTarg', 213), ('sylDist', 131), ('sylCent', 2323)])
818.0631 	EXP 	fixDotBlue: autoDraw = False
818.0631 	EXP 	visCueText: autoDraw = False
818.0631 	EXP 	fixDot: autoDraw = False
818.0631 	EXP 	fixDotBlue: autoDraw = False
819.0457 	EXP 	visCueText: text = 'Left'
819.0457 	EXP 	visCueText: autoDraw = True
820.0465 	EXP 	visCueText: autoDraw = False
820.0465 	EXP 	fixDot: autoDraw = True
821.0479 	EXP 	Sound soundStim started
823.8488 	EXP 	Sound soundStim reached end of file
824.8501 	EXP 	fixDot: autoDraw = False
824.8501 	EXP 	fixDotBlue: autoDraw = True
825.6749 	DATA 	Keypress: num_2
826.3590 	DATA 	Keypress: num_1
827.0586 	DATA 	Keypress: num_3
832.8479 	EXP 	New trial (rep=0, index=19): OrderedDict([('iStimSide', 1), ('iTargSide', 1), ('iSideFirst', 0), ('iStim', 0), ('iGen', 1), ('sylTarg', 123), ('sylDist', 212), ('sylCent', 2133)])
832.8742 	EXP 	fixDotBlue: autoDraw = False
832.8742 	EXP 	visCueText: autoDraw = False
832.8742 	EXP 	fixDot: autoDraw = False
832.8742 	EXP 	fixDotBlue: autoDraw = False
833.8741 	EXP 	visCueText: text = 'Right'
833.8741 	EXP 	visCueText: autoDraw = True
834.8582 	EXP 	fixDot: autoDraw = True
834.8752 	EXP 	visCueText: autoDraw = False
835.8589 	EXP 	Sound soundStim started
838.6592 	EXP 	Sound soundStim reached end of file
839.6622 	EXP 	fixDot: autoDraw = False
839.6622 	EXP 	fixDotBlue: autoDraw = True
840.1042 	DATA 	Keypress: num_1
840.5703 	DATA 	Keypress: num_2
841.4546 	DATA 	Keypress: num_3
847.6593 	EXP 	New trial (rep=0, index=20): OrderedDict([('iStimSide', 1), ('iTargSide', 0), ('iSideFirst', 0), ('iStim', 1), ('iGen', 1), ('sylTarg', 123), ('sylDist', 231), ('sylCent', 1113)])
847.6866 	EXP 	fixDotBlue: autoDraw = False
847.6866 	EXP 	visCueText: autoDraw = False
847.6866 	EXP 	fixDot: autoDraw = False
847.6866 	EXP 	fixDotBlue: autoDraw = False
848.6691 	EXP 	visCueText: text = 'Left'
848.6691 	EXP 	visCueText: autoDraw = True
849.6703 	EXP 	visCueText: autoDraw = False
849.6703 	EXP 	fixDot: autoDraw = True
850.6711 	EXP 	Sound soundStim started
853.4697 	EXP 	Sound soundStim stopped
854.4740 	EXP 	fixDot: autoDraw = False
854.4740 	EXP 	fixDotBlue: autoDraw = True
855.0832 	DATA 	Keypress: num_1
855.5329 	DATA 	Keypress: num_2
855.9494 	DATA 	Keypress: num_3
862.4705 	EXP 	New trial (rep=0, index=21): OrderedDict([('iStimSide', 0), ('iTargSide', 1), ('iSideFirst', 0), ('iStim', 1), ('iGen', 0), ('sylTarg', 213), ('sylDist', 322), ('sylCent', 3211)])
862.4980 	EXP 	visCueText: autoDraw = False
862.4980 	EXP 	fixDot: autoDraw = False
862.4980 	EXP 	fixDotBlue: autoDraw = False
863.4979 	EXP 	visCueText: text = 'Right'
863.4979 	EXP 	visCueText: autoDraw = True
864.4820 	EXP 	fixDot: autoDraw = True
864.4988 	EXP 	visCueText: autoDraw = False
865.4829 	EXP 	Sound soundStim started
868.2803 	EXP 	Sound soundStim stopped
869.2860 	EXP 	fixDot: autoDraw = False
869.2860 	EXP 	fixDotBlue: autoDraw = True
869.7263 	DATA 	Keypress: num_2
870.5285 	DATA 	Keypress: num_1
871.1614 	DATA 	Keypress: num_3
877.2616 	EXP 	New trial (rep=0, index=22): OrderedDict([('iStimSide', 1), ('iTargSide', 0), ('iSideFirst', 1), ('iStim', 0), ('iGen', 0), ('sylTarg', 321), ('sylDist', 112), ('sylCent', 1331)])
877.2767 	EXP 	visCueText: autoDraw = False
877.2767 	EXP 	fixDot: autoDraw = False
877.2767 	EXP 	fixDotBlue: autoDraw = False
878.2598 	EXP 	visCueText: text = 'Left'
878.2598 	EXP 	visCueText: autoDraw = True
879.2606 	EXP 	visCueText: autoDraw = False
879.2606 	EXP 	fixDot: autoDraw = True
880.2608 	EXP 	Sound soundStim started
883.0587 	EXP 	Sound soundStim stopped
884.0643 	EXP 	fixDot: autoDraw = False
884.0643 	EXP 	fixDotBlue: autoDraw = True
884.6060 	DATA 	Keypress: num_3
885.1066 	DATA 	Keypress: num_2
885.7233 	DATA 	Keypress: num_1
892.0600 	EXP 	New trial (rep=0, index=23): OrderedDict([('iStimSide', 0), ('iTargSide', 0), ('iSideFirst', 0), ('iStim', 1), ('iGen', 1), ('sylTarg', 321), ('sylDist', 213), ('sylCent', 3221)])
892.0894 	EXP 	visCueText: autoDraw = False
892.0894 	EXP 	fixDot: autoDraw = False
892.0894 	EXP 	fixDotBlue: autoDraw = False
893.0717 	EXP 	visCueText: text = 'Left'
893.0717 	EXP 	visCueText: autoDraw = True
894.0727 	EXP 	visCueText: autoDraw = False
894.0727 	EXP 	fixDot: autoDraw = True
895.0731 	EXP 	Sound soundStim started
897.8731 	EXP 	Sound soundStim reached end of file
898.8764 	EXP 	fixDot: autoDraw = False
898.8764 	EXP 	fixDotBlue: autoDraw = True
899.6189 	DATA 	Keypress: num_3
900.2854 	DATA 	Keypress: num_2
900.8355 	DATA 	Keypress: num_1
906.8728 	EXP 	New trial (rep=0, index=24): OrderedDict([('iStimSide', 1), ('iTargSide', 1), ('iSideFirst', 0), ('iStim', 1), ('iGen', 0), ('sylTarg', 321), ('sylDist', 113), ('sylCent', 2311)])
906.9010 	EXP 	visCueText: autoDraw = False
906.9010 	EXP 	fixDot: autoDraw = False
906.9010 	EXP 	fixDotBlue: autoDraw = False
907.8831 	EXP 	visCueText: text = 'Right'
907.8831 	EXP 	visCueText: autoDraw = True
908.8842 	EXP 	visCueText: autoDraw = False
908.8842 	EXP 	fixDot: autoDraw = True
909.8850 	EXP 	Sound soundStim started
912.6853 	EXP 	Sound soundStim reached end of file
913.6883 	EXP 	fixDot: autoDraw = False
913.6883 	EXP 	fixDotBlue: autoDraw = True
914.1472 	DATA 	Keypress: num_3
914.6471 	DATA 	Keypress: num_2
915.2977 	DATA 	Keypress: num_1
921.6673 	EXP 	New trial (rep=0, index=25): OrderedDict([('iStimSide', 0), ('iTargSide', 1), ('iSideFirst', 0), ('iStim', 0), ('iGen', 0), ('sylTarg', 213), ('sylDist', 122), ('sylCent', 3231)])
921.6953 	EXP 	visCueText: autoDraw = False
921.6953 	EXP 	fixDot: autoDraw = False
921.6953 	EXP 	fixDotBlue: autoDraw = False
922.6786 	EXP 	visCueText: text = 'Right'
922.6786 	EXP 	visCueText: autoDraw = True
923.6798 	EXP 	visCueText: autoDraw = False
923.6798 	EXP 	fixDot: autoDraw = True
924.6803 	EXP 	Sound soundStim started
927.4794 	EXP 	Sound soundStim stopped
928.4840 	EXP 	fixDot: autoDraw = False
928.4840 	EXP 	fixDotBlue: autoDraw = True
929.3420 	DATA 	Keypress: num_2
929.8589 	DATA 	Keypress: num_1
930.4766 	DATA 	Keypress: num_3
936.4621 	EXP 	New trial (rep=0, index=26): OrderedDict([('iStimSide', 1), ('iTargSide', 0), ('iSideFirst', 1), ('iStim', 0), ('iGen', 1), ('sylTarg', 323), ('sylDist', 231), ('sylCent', 1311)])
936.4914 	EXP 	visCueText: autoDraw = False
936.4914 	EXP 	fixDot: autoDraw = False
936.4914 	EXP 	fixDotBlue: autoDraw = False
937.4908 	EXP 	visCueText: text = 'Left'
937.4908 	EXP 	visCueText: autoDraw = True
938.4746 	EXP 	fixDot: autoDraw = True
938.4914 	EXP 	visCueText: autoDraw = False
939.4756 	EXP 	Sound soundStim started
942.2792 	EXP 	Sound soundStim reached end of file
943.2788 	EXP 	fixDot: autoDraw = False
943.2788 	EXP 	fixDotBlue: autoDraw = True
943.9198 	DATA 	Keypress: num_3
944.8708 	DATA 	Keypress: num_2
945.5873 	DATA 	Keypress: num_3
951.2746 	EXP 	New trial (rep=0, index=27): OrderedDict([('iStimSide', 1), ('iTargSide', 1), ('iSideFirst', 1), ('iStim', 1), ('iGen', 0), ('sylTarg', 132), ('sylDist', 211), ('sylCent', 2132)])
951.3029 	EXP 	visCueText: autoDraw = False
951.3029 	EXP 	fixDot: autoDraw = False
951.3029 	EXP 	fixDotBlue: autoDraw = False
952.3031 	EXP 	visCueText: text = 'Right'
952.3031 	EXP 	visCueText: autoDraw = True
953.2868 	EXP 	fixDot: autoDraw = True
953.3031 	EXP 	visCueText: autoDraw = False
954.2876 	EXP 	Sound soundStim started
957.0893 	EXP 	Sound soundStim reached end of file
958.0905 	EXP 	fixDot: autoDraw = False
958.0905 	EXP 	fixDotBlue: autoDraw = True
959.1487 	DATA 	Keypress: num_1
960.0826 	DATA 	Keypress: num_2
960.9003 	DATA 	Keypress: num_2
966.0691 	EXP 	New trial (rep=0, index=28): OrderedDict([('iStimSide', 0), ('iTargSide', 0), ('iSideFirst', 1), ('iStim', 1), ('iGen', 0), ('sylTarg', 313), ('sylDist', 132), ('sylCent', 3122)])
966.0985 	EXP 	visCueText: autoDraw = False
966.0985 	EXP 	fixDot: autoDraw = False
966.0985 	EXP 	fixDotBlue: autoDraw = False
967.0810 	EXP 	visCueText: text = 'Left'
967.0810 	EXP 	visCueText: autoDraw = True
968.0820 	EXP 	visCueText: autoDraw = False
968.0820 	EXP 	fixDot: autoDraw = True
969.0824 	EXP 	Sound soundStim started
971.8782 	EXP 	Sound soundStim stopped
972.8853 	EXP 	fixDot: autoDraw = False
972.8853 	EXP 	fixDotBlue: autoDraw = True
973.5436 	DATA 	Keypress: num_3
974.4103 	DATA 	Keypress: num_1
975.0945 	DATA 	Keypress: num_3
980.8663 	EXP 	New trial (rep=0, index=29): OrderedDict([('iStimSide', 0), ('iTargSide', 1), ('iSideFirst', 0), ('iStim', 1), ('iGen', 1), ('sylTarg', 323), ('sylDist', 231), ('sylCent', 2232)])
980.8932 	EXP 	visCueText: autoDraw = False
980.8932 	EXP 	fixDot: autoDraw = False
980.8932 	EXP 	fixDotBlue: autoDraw = False
981.8930 	EXP 	visCueText: text = 'Right'
981.8930 	EXP 	visCueText: autoDraw = True
982.8771 	EXP 	fixDot: autoDraw = True
982.8944 	EXP 	visCueText: autoDraw = False
983.8779 	EXP 	Sound soundStim started
986.6785 	EXP 	Sound soundStim reached end of file
987.2017 	DATA 	Keypress: num_3
987.6810 	EXP 	fixDot: autoDraw = False
987.6810 	EXP 	fixDotBlue: autoDraw = True
988.4389 	DATA 	Keypress: num_3
989.0390 	DATA 	Keypress: num_2
989.5568 	DATA 	Keypress: num_3
995.6595 	EXP 	New trial (rep=0, index=30): OrderedDict([('iStimSide', 0), ('iTargSide', 1), ('iSideFirst', 1), ('iStim', 1), ('iGen', 1), ('sylTarg', 232), ('sylDist', 123), ('sylCent', 3313)])
995.6881 	EXP 	visCueText: autoDraw = False
995.6881 	EXP 	fixDot: autoDraw = False
995.6881 	EXP 	fixDotBlue: autoDraw = False
996.6717 	EXP 	visCueText: text = 'Right'
996.6717 	EXP 	visCueText: autoDraw = True
997.6723 	EXP 	visCueText: autoDraw = False
997.6723 	EXP 	fixDot: autoDraw = True
998.6733 	EXP 	Sound soundStim started
1001.4733 	EXP 	Sound soundStim reached end of file
1002.4762 	EXP 	fixDot: autoDraw = False
1002.4762 	EXP 	fixDotBlue: autoDraw = True
1003.9816 	DATA 	Keypress: num_2
1005.0527 	DATA 	Keypress: num_1
1005.7022 	DATA 	Keypress: num_2
1010.4712 	EXP 	New trial (rep=0, index=31): OrderedDict([('iStimSide', 1), ('iTargSide', 1), ('iSideFirst', 1), ('iStim', 0), ('iGen', 0), ('sylTarg', 133), ('sylDist', 312), ('sylCent', 2131)])
1010.5006 	EXP 	visCueText: autoDraw = False
1010.5006 	EXP 	fixDot: autoDraw = False
1010.5006 	EXP 	fixDotBlue: autoDraw = False
1011.4835 	EXP 	visCueText: text = 'Right'
1011.4835 	EXP 	visCueText: autoDraw = True
1012.4839 	EXP 	visCueText: autoDraw = False
1012.4839 	EXP 	fixDot: autoDraw = True
1013.4850 	EXP 	Sound soundStim started
1016.2886 	EXP 	Sound soundStim reached end of file
1017.2881 	EXP 	fixDot: autoDraw = False
1017.2881 	EXP 	fixDotBlue: autoDraw = True
1018.2473 	DATA 	Keypress: num_1
1019.3474 	DATA 	Keypress: num_3
1020.2652 	DATA 	Keypress: num_3
1025.2955 	EXP 	visCueText: autoDraw = False
1025.2955 	EXP 	fixDot: autoDraw = False
1025.2955 	EXP 	fixDotBlue: autoDraw = False
1025.2955 	EXP 	blockEndText: text = 'End of Block 6\nYour accuracy: 71.88\nPress space to begin next block'
1025.2955 	EXP 	blockEndText: autoDraw = True
1038.4510 	DATA 	Keypress: space
1038.4716 	EXP 	blockEndText: autoDraw = False
1038.4716 	EXP 	expEndText: autoDraw = True
2192.8529 	DATA 	Keypress: space
2192.8650 	EXP 	expEndText: autoDraw = False
2193.3964 	EXP 	window1: mouseVisible = True
