0.4903 	WARNING 	Speech-to-text recognition module not available (use command `pip install SpeechRecognition` to get it. Transcription will be unavailable.
11.6675 	WARNING 	User requested fullscreen with size [1200  600], but screen is actually [1920, 1200]. Using actual size
12.7086 	EXP 	Created window1 = Window(allowGUI=False, allowStencil=False, autoLog=True, backendConf=UNKNOWN, bitsMode=UNKNOWN, blendMode='avg', bpc=(8, 8, 8), color=array([-1, -1, -1]), colorSpace='rgb', depthBits=8, fullscr=<method-wrapper '__getattribute__' of attributeSetter object at 0x0000024705A3B6A0>, gamma=None, gammaErrorPolicy='raise', lms=UNKNOWN, monitor=<psychopy.monitors.calibTools.Monitor object at 0x0000024705AB5198>, multiSample=False, name='window1', numSamples=2, pos=[0.0, 0.0], screen=1, size=array([1920, 1200]), stencilBits=0, stereo=False, units='height', useFBO=True, useRetina=False, viewOri=0.0, viewPos=None, viewScale=None, waitBlanking=True, winType='pyglet')
12.7087 	EXP 	window1: mouseVisible = True
12.7087 	EXP 	window1: recordFrameIntervals = False
12.8756 	EXP 	window1: recordFrameIntervals = True
13.0593 	EXP 	window1: recordFrameIntervals = False
13.5562 	EXP 	Created expStartText = TextStim(__class__=<class 'psychopy.visual.text.TextStim'>, alignHoriz=method-wrapper(...), alignText='center', alignVert=method-wrapper(...), anchorHoriz='center', anchorVert='center', antialias=True, autoLog=True, bold=False, color=array([1., 1., 1.]), colorSpace='rgb', contrast=1.0, depth=0.0, flipHoriz=False, flipVert=False, font='Open Sans', fontFiles=[], height=0.025, italic=False, languageStyle='LTR', name='expStartText', opacity=1, ori=0.0, pos=array([0., 0.]), rgb=UNKNOWN, text='Press space to begin', units='height', win=Window(...), wrapWidth=1)
13.5617 	EXP 	Created blockStartText = TextStim(__class__=<class 'psychopy.visual.text.TextStim'>, alignHoriz=method-wrapper(...), alignText='center', alignVert=method-wrapper(...), anchorHoriz='center', anchorVert='center', antialias=True, autoLog=True, bold=False, color=array([1., 1., 1.]), colorSpace='rgb', contrast=1.0, depth=0.0, flipHoriz=False, flipVert=False, font='Open Sans', fontFiles=[], height=0.025, italic=False, languageStyle='LTR', name='blockStartText', opacity=1, ori=0.0, pos=array([0., 0.]), rgb=UNKNOWN, text='Block 1 of 1\nPress space to begin', units='height', win=Window(...), wrapWidth=1)
13.5641 	EXP 	Created visCueText = TextStim(__class__=<class 'psychopy.visual.text.TextStim'>, alignHoriz=method-wrapper(...), alignText='center', alignVert=method-wrapper(...), anchorHoriz='center', anchorVert='center', antialias=True, autoLog=True, bold=False, color=array([1., 1., 1.]), colorSpace='rgb', contrast=1.0, depth=0.0, flipHoriz=False, flipVert=False, font='Open Sans', fontFiles=[], height=0.025, italic=False, languageStyle='LTR', name='visCueText', opacity=1, ori=0.0, pos=array([0., 0.]), rgb=UNKNOWN, text='Test', units='height', win=Window(...), wrapWidth=1)
13.5689 	EXP 	Created fixDot = ShapeStim(__class__=<class 'psychopy.visual.shape.ShapeStim'>, autoDraw=False, autoLog=True, closeShape=True, color=method-wrapper(...), colorSpace='rgb', contrast=None, depth=-1.0, fillColor=array([1, 1, 1]), fillColorSpace='rgb', fillRGB=array([1, 1, 1]), interpolate=True, lineColor=array([1., 1., 1.]), lineColorSpace='rgb', lineRGB=array([1, 1, 1]), lineWidth=1.0, name='fixDot', opacity=1, ori=0.0, pos=array([0., 0.]), size=array([0.015, 0.015]), units='height', vertices=ndarray(...), win=Window(...), windingRule=None)
13.5727 	EXP 	Created fixDotBlue = ShapeStim(__class__=<class 'psychopy.visual.shape.ShapeStim'>, autoDraw=False, autoLog=True, closeShape=True, color=method-wrapper(...), colorSpace='rgb', contrast=None, depth=-2.0, fillColor=array([-1, -1,  1]), fillColorSpace='rgb', fillRGB=array([-1, -1,  1]), interpolate=True, lineColor=array([-1., -1.,  1.]), lineColorSpace='rgb', lineRGB=array([-1, -1,  1]), lineWidth=1.0, name='fixDotBlue', opacity=1, ori=0.0, pos=array([0., 0.]), size=array([0.015, 0.015]), units='height', vertices=ndarray(...), win=Window(...), windingRule=None)
13.6962 	EXP 	Sound soundStim set volume 0.000
13.7011 	EXP 	Created blockEndText = TextStim(__class__=<class 'psychopy.visual.text.TextStim'>, alignHoriz=method-wrapper(...), alignText='center', alignVert=method-wrapper(...), anchorHoriz='center', anchorVert='center', antialias=True, autoLog=True, bold=False, color=array([1., 1., 1.]), colorSpace='rgb', contrast=1.0, depth=0.0, flipHoriz=False, flipVert=False, font='Open Sans', fontFiles=[], height=0.025, italic=False, languageStyle='LTR', name='blockEndText', opacity=1, ori=0.0, pos=array([0., 0.]), rgb=UNKNOWN, text=str(...), units='height', win=Window(...), wrapWidth=1)
13.7056 	EXP 	Created expEndText = TextStim(__class__=<class 'psychopy.visual.text.TextStim'>, alignHoriz=method-wrapper(...), alignText='center', alignVert=method-wrapper(...), anchorHoriz='center', anchorVert='center', antialias=True, autoLog=True, bold=False, color=array([1., 1., 1.]), colorSpace='rgb', contrast=1.0, depth=0.0, flipHoriz=False, flipVert=False, font='Open Sans', fontFiles=[], height=0.025, italic=False, languageStyle='LTR', name='expEndText', opacity=1, ori=0.0, pos=array([0., 0.]), rgb=UNKNOWN, text='End of experiment! \nPlease stay seated.', units='height', win=Window(...), wrapWidth=1)
13.7595 	EXP 	expStartText: autoDraw = True
22.7911 	DATA 	Keypress: space
22.8046 	EXP 	Created sequence: sequential, trialTypes=1, nReps=6, seed=None
22.8052 	EXP 	New trial (rep=0, index=0): None
22.8057 	EXP 	New trial (rep=1, index=0): None
22.8060 	EXP 	New trial (rep=2, index=0): None
22.8269 	EXP 	Imported C:\Users\Lab Admin\Documents\AlexP\stim_v2\trialInfo\2\3.csv as conditions, 32 conditions, 8 params
22.8274 	EXP 	Created sequence: sequential, trialTypes=32, nReps=1, seed=None
22.8500 	EXP 	expStartText: autoDraw = False
32.8248 	EXP 	blockStartText: text = 'Block 3 of 6\n Press space to continue'
32.8248 	EXP 	blockStartText: autoDraw = True
34.7315 	DATA 	Keypress: space
34.7597 	EXP 	Imported C:\Users\Lab Admin\Documents\AlexP\stim_v2\trialInfo\2\3.csv as conditions, 32 conditions, 8 params
34.7603 	EXP 	Created sequence: sequential, trialTypes=32, nReps=1, seed=None
34.7608 	EXP 	New trial (rep=0, index=0): OrderedDict([('iStimSide', 1), ('iTargSide', 1), ('iSideFirst', 1), ('iStim', 0), ('iGen', 1), ('sylTarg', 232), ('sylDist', 323), ('sylCent', 3321)])
34.7769 	EXP 	blockStartText: autoDraw = False
35.7766 	EXP 	visCueText: text = 'Right'
35.7766 	EXP 	visCueText: autoDraw = True
36.7612 	EXP 	fixDot: autoDraw = True
36.7775 	EXP 	visCueText: autoDraw = False
37.7615 	EXP 	Sound soundStim started
40.5617 	EXP 	Sound soundStim reached end of file
41.5651 	EXP 	fixDot: autoDraw = False
41.5651 	EXP 	fixDotBlue: autoDraw = True
42.2889 	DATA 	Keypress: num_2
42.9056 	DATA 	Keypress: num_3
43.4726 	DATA 	Keypress: num_2
49.5593 	EXP 	New trial (rep=0, index=1): OrderedDict([('iStimSide', 0), ('iTargSide', 0), ('iSideFirst', 0), ('iStim', 1), ('iGen', 1), ('sylTarg', 212), ('sylDist', 131), ('sylCent', 1213)])
49.5895 	EXP 	visCueText: autoDraw = False
49.5895 	EXP 	fixDot: autoDraw = False
49.5895 	EXP 	fixDotBlue: autoDraw = False
50.5892 	EXP 	visCueText: text = 'Left'
50.5892 	EXP 	visCueText: autoDraw = True
51.5727 	EXP 	fixDot: autoDraw = True
51.5896 	EXP 	visCueText: autoDraw = False
52.5734 	EXP 	Sound soundStim started
55.3734 	EXP 	Sound soundStim reached end of file
56.3766 	EXP 	fixDot: autoDraw = False
56.3766 	EXP 	fixDotBlue: autoDraw = True
56.8525 	DATA 	Keypress: num_2
57.7022 	DATA 	Keypress: num_1
58.3187 	DATA 	Keypress: num_2
64.3553 	EXP 	New trial (rep=0, index=2): OrderedDict([('iStimSide', 1), ('iTargSide', 1), ('iSideFirst', 1), ('iStim', 0), ('iGen', 0), ('sylTarg', 321), ('sylDist', 212), ('sylCent', 3321)])
64.3843 	EXP 	visCueText: autoDraw = False
64.3843 	EXP 	fixDot: autoDraw = False
64.3843 	EXP 	fixDotBlue: autoDraw = False
65.3671 	EXP 	visCueText: text = 'Right'
65.3671 	EXP 	visCueText: autoDraw = True
66.3681 	EXP 	visCueText: autoDraw = False
66.3681 	EXP 	fixDot: autoDraw = True
67.3688 	EXP 	Sound soundStim started
70.1671 	EXP 	Sound soundStim stopped
71.1721 	EXP 	fixDot: autoDraw = False
71.1721 	EXP 	fixDotBlue: autoDraw = True
71.7134 	DATA 	Keypress: num_3
72.2974 	DATA 	Keypress: num_2
72.8809 	DATA 	Keypress: num_1
79.1654 	EXP 	New trial (rep=0, index=3): OrderedDict([('iStimSide', 0), ('iTargSide', 1), ('iSideFirst', 1), ('iStim', 1), ('iGen', 1), ('sylTarg', 312), ('sylDist', 131), ('sylCent', 3121)])
79.1960 	EXP 	visCueText: autoDraw = False
79.1960 	EXP 	fixDot: autoDraw = False
79.1960 	EXP 	fixDotBlue: autoDraw = False
80.1792 	EXP 	visCueText: text = 'Right'
80.1792 	EXP 	visCueText: autoDraw = True
81.1799 	EXP 	visCueText: autoDraw = False
81.1799 	EXP 	fixDot: autoDraw = True
82.1802 	EXP 	Sound soundStim started
84.9776 	EXP 	Sound soundStim stopped
85.9674 	EXP 	fixDotBlue: autoDraw = True
85.9838 	EXP 	fixDot: autoDraw = False
86.6089 	DATA 	Keypress: num_3
87.1756 	DATA 	Keypress: num_1
87.8766 	DATA 	Keypress: num_2
93.9637 	EXP 	New trial (rep=0, index=4): OrderedDict([('iStimSide', 1), ('iTargSide', 0), ('iSideFirst', 0), ('iStim', 0), ('iGen', 0), ('sylTarg', 213), ('sylDist', 131), ('sylCent', 2131)])
93.9915 	EXP 	visCueText: autoDraw = False
93.9915 	EXP 	fixDot: autoDraw = False
93.9915 	EXP 	fixDotBlue: autoDraw = False
94.9744 	EXP 	visCueText: text = 'Left'
94.9744 	EXP 	visCueText: autoDraw = True
95.9752 	EXP 	visCueText: autoDraw = False
95.9752 	EXP 	fixDot: autoDraw = True
96.9760 	EXP 	Sound soundStim started
99.7777 	EXP 	Sound soundStim reached end of file
100.7790 	EXP 	fixDot: autoDraw = False
100.7790 	EXP 	fixDotBlue: autoDraw = True
101.7032 	DATA 	Keypress: num_2
102.2042 	DATA 	Keypress: num_1
102.9879 	DATA 	Keypress: num_3
108.7584 	EXP 	New trial (rep=0, index=5): OrderedDict([('iStimSide', 1), ('iTargSide', 0), ('iSideFirst', 0), ('iStim', 1), ('iGen', 0), ('sylTarg', 323), ('sylDist', 232), ('sylCent', 1333)])
108.7866 	EXP 	visCueText: autoDraw = False
108.7866 	EXP 	fixDot: autoDraw = False
108.7866 	EXP 	fixDotBlue: autoDraw = False
109.7696 	EXP 	visCueText: text = 'Left'
109.7696 	EXP 	visCueText: autoDraw = True
110.7704 	EXP 	visCueText: autoDraw = False
110.7704 	EXP 	fixDot: autoDraw = True
111.7711 	EXP 	Sound soundStim started
114.5711 	EXP 	Sound soundStim reached end of file
115.5743 	EXP 	fixDot: autoDraw = False
115.5743 	EXP 	fixDotBlue: autoDraw = True
116.1481 	DATA 	Keypress: num_3
116.9649 	DATA 	Keypress: num_2
117.6005 	DATA 	Keypress: num_3
123.5694 	EXP 	New trial (rep=0, index=6): OrderedDict([('iStimSide', 1), ('iTargSide', 0), ('iSideFirst', 1), ('iStim', 1), ('iGen', 1), ('sylTarg', 123), ('sylDist', 231), ('sylCent', 2132)])
123.5981 	EXP 	visCueText: autoDraw = False
123.5981 	EXP 	fixDot: autoDraw = False
123.5981 	EXP 	fixDotBlue: autoDraw = False
124.5818 	EXP 	visCueText: text = 'Left'
124.5818 	EXP 	visCueText: autoDraw = True
125.5826 	EXP 	visCueText: autoDraw = False
125.5826 	EXP 	fixDot: autoDraw = True
126.5830 	EXP 	Sound soundStim started
129.3830 	EXP 	Sound soundStim reached end of file
130.3862 	EXP 	fixDot: autoDraw = False
130.3862 	EXP 	fixDotBlue: autoDraw = True
132.0948 	DATA 	Keypress: num_1
132.5790 	DATA 	Keypress: num_2
133.0112 	DATA 	Keypress: num_3
138.3622 	EXP 	New trial (rep=0, index=7): OrderedDict([('iStimSide', 0), ('iTargSide', 0), ('iSideFirst', 1), ('iStim', 0), ('iGen', 1), ('sylTarg', 213), ('sylDist', 132), ('sylCent', 1333)])
138.3941 	EXP 	visCueText: autoDraw = False
138.3941 	EXP 	fixDot: autoDraw = False
138.3941 	EXP 	fixDotBlue: autoDraw = False
139.3769 	EXP 	visCueText: text = 'Left'
139.3769 	EXP 	visCueText: autoDraw = True
140.3772 	EXP 	visCueText: autoDraw = False
140.3772 	EXP 	fixDot: autoDraw = True
141.3627 	EXP 	Sound soundStim started
144.1659 	EXP 	Sound soundStim reached end of file
145.1645 	EXP 	fixDotBlue: autoDraw = True
145.1808 	EXP 	fixDot: autoDraw = False
146.0386 	DATA 	Keypress: num_2
146.8242 	DATA 	Keypress: num_1
147.7907 	DATA 	Keypress: num_3
153.1612 	EXP 	New trial (rep=0, index=8): OrderedDict([('iStimSide', 1), ('iTargSide', 0), ('iSideFirst', 0), ('iStim', 1), ('iGen', 1), ('sylTarg', 132), ('sylDist', 323), ('sylCent', 3133)])
153.1899 	EXP 	visCueText: autoDraw = False
153.1899 	EXP 	fixDot: autoDraw = False
153.1899 	EXP 	fixDotBlue: autoDraw = False
154.1718 	EXP 	visCueText: text = 'Left'
154.1718 	EXP 	visCueText: autoDraw = True
155.1559 	EXP 	fixDot: autoDraw = True
155.1726 	EXP 	visCueText: autoDraw = False
156.1566 	EXP 	Sound soundStim started
158.9551 	EXP 	Sound soundStim stopped
159.9598 	EXP 	fixDot: autoDraw = False
159.9598 	EXP 	fixDotBlue: autoDraw = True
160.5359 	DATA 	Keypress: num_1
161.2160 	DATA 	Keypress: num_3
162.0857 	DATA 	Keypress: num_2
167.9553 	EXP 	New trial (rep=0, index=9): OrderedDict([('iStimSide', 1), ('iTargSide', 1), ('iSideFirst', 1), ('iStim', 1), ('iGen', 1), ('sylTarg', 231), ('sylDist', 312), ('sylCent', 1313)])
167.9850 	EXP 	visCueText: autoDraw = False
167.9850 	EXP 	fixDot: autoDraw = False
167.9850 	EXP 	fixDotBlue: autoDraw = False
168.9669 	EXP 	visCueText: text = 'Right'
168.9669 	EXP 	visCueText: autoDraw = True
169.9682 	EXP 	visCueText: autoDraw = False
169.9682 	EXP 	fixDot: autoDraw = True
170.9688 	EXP 	Sound soundStim started
173.7656 	EXP 	Sound soundStim stopped
174.7716 	EXP 	fixDot: autoDraw = False
174.7716 	EXP 	fixDotBlue: autoDraw = True
175.6134 	DATA 	Keypress: num_2
176.3795 	DATA 	Keypress: num_3
177.3798 	DATA 	Keypress: num_1
182.7657 	EXP 	New trial (rep=0, index=10): OrderedDict([('iStimSide', 1), ('iTargSide', 1), ('iSideFirst', 0), ('iStim', 1), ('iGen', 0), ('sylTarg', 213), ('sylDist', 132), ('sylCent', 2233)])
182.7962 	EXP 	visCueText: autoDraw = False
182.7962 	EXP 	fixDot: autoDraw = False
182.7962 	EXP 	fixDotBlue: autoDraw = False
183.7790 	EXP 	visCueText: text = 'Right'
183.7790 	EXP 	visCueText: autoDraw = True
184.7799 	EXP 	visCueText: autoDraw = False
184.7799 	EXP 	fixDot: autoDraw = True
185.7805 	EXP 	Sound soundStim started
188.5758 	EXP 	Sound soundStim stopped
189.5839 	EXP 	fixDot: autoDraw = False
189.5839 	EXP 	fixDotBlue: autoDraw = True
190.3078 	DATA 	Keypress: num_2
191.2921 	DATA 	Keypress: num_1
192.0936 	DATA 	Keypress: num_3
197.5603 	EXP 	New trial (rep=0, index=11): OrderedDict([('iStimSide', 0), ('iTargSide', 0), ('iSideFirst', 0), ('iStim', 0), ('iGen', 1), ('sylTarg', 313), ('sylDist', 131), ('sylCent', 1131)])
197.5914 	EXP 	visCueText: autoDraw = False
197.5914 	EXP 	fixDot: autoDraw = False
197.5914 	EXP 	fixDotBlue: autoDraw = False
198.5743 	EXP 	visCueText: text = 'Left'
198.5743 	EXP 	visCueText: autoDraw = True
199.5746 	EXP 	visCueText: autoDraw = False
199.5746 	EXP 	fixDot: autoDraw = True
200.5757 	EXP 	Sound soundStim started
203.3757 	EXP 	Sound soundStim reached end of file
204.3620 	EXP 	fixDotBlue: autoDraw = True
204.3786 	EXP 	fixDot: autoDraw = False
205.5375 	DATA 	Keypress: num_3
206.4214 	DATA 	Keypress: num_1
207.2560 	DATA 	Keypress: num_3
212.3563 	EXP 	New trial (rep=0, index=12): OrderedDict([('iStimSide', 1), ('iTargSide', 0), ('iSideFirst', 0), ('iStim', 0), ('iGen', 1), ('sylTarg', 231), ('sylDist', 312), ('sylCent', 3122)])
212.3872 	EXP 	visCueText: autoDraw = False
212.3872 	EXP 	fixDot: autoDraw = False
212.3872 	EXP 	fixDotBlue: autoDraw = False
213.3694 	EXP 	visCueText: text = 'Left'
213.3694 	EXP 	visCueText: autoDraw = True
214.3706 	EXP 	visCueText: autoDraw = False
214.3706 	EXP 	fixDot: autoDraw = True
215.3710 	EXP 	Sound soundStim started
218.1711 	EXP 	Sound soundStim reached end of file
219.1739 	EXP 	fixDot: autoDraw = False
219.1739 	EXP 	fixDotBlue: autoDraw = True
219.8314 	DATA 	Keypress: num_2
220.4834 	DATA 	Keypress: num_3
221.1841 	DATA 	Keypress: num_1
227.1685 	EXP 	New trial (rep=0, index=13): OrderedDict([('iStimSide', 0), ('iTargSide', 1), ('iSideFirst', 1), ('iStim', 0), ('iGen', 1), ('sylTarg', 321), ('sylDist', 232), ('sylCent', 1122)])
227.1979 	EXP 	visCueText: autoDraw = False
227.1979 	EXP 	fixDot: autoDraw = False
227.1979 	EXP 	fixDotBlue: autoDraw = False
228.1809 	EXP 	visCueText: text = 'Right'
228.1809 	EXP 	visCueText: autoDraw = True
229.1821 	EXP 	visCueText: autoDraw = False
229.1821 	EXP 	fixDot: autoDraw = True
230.1827 	EXP 	Sound soundStim started
232.9861 	EXP 	Sound soundStim stopped
233.9864 	EXP 	fixDot: autoDraw = False
233.9864 	EXP 	fixDotBlue: autoDraw = True
235.1444 	DATA 	Keypress: num_1
235.8953 	DATA 	Keypress: num_2
236.6453 	DATA 	Keypress: num_1
241.9639 	EXP 	New trial (rep=0, index=14): OrderedDict([('iStimSide', 1), ('iTargSide', 0), ('iSideFirst', 1), ('iStim', 0), ('iGen', 1), ('sylTarg', 231), ('sylDist', 312), ('sylCent', 1312)])
241.9942 	EXP 	visCueText: autoDraw = False
241.9942 	EXP 	fixDot: autoDraw = False
241.9942 	EXP 	fixDotBlue: autoDraw = False
242.9762 	EXP 	visCueText: text = 'Left'
242.9762 	EXP 	visCueText: autoDraw = True
243.9772 	EXP 	visCueText: autoDraw = False
243.9772 	EXP 	fixDot: autoDraw = True
244.9780 	EXP 	Sound soundStim started
247.7750 	EXP 	Sound soundStim stopped
248.7809 	EXP 	fixDot: autoDraw = False
248.7809 	EXP 	fixDotBlue: autoDraw = True
249.4394 	DATA 	Keypress: num_2
250.6065 	DATA 	Keypress: num_3
251.3401 	DATA 	Keypress: num_1
256.7597 	EXP 	New trial (rep=0, index=15): OrderedDict([('iStimSide', 1), ('iTargSide', 1), ('iSideFirst', 0), ('iStim', 1), ('iGen', 1), ('sylTarg', 312), ('sylDist', 233), ('sylCent', 2122)])
256.7889 	EXP 	visCueText: autoDraw = False
256.7889 	EXP 	fixDot: autoDraw = False
256.7889 	EXP 	fixDotBlue: autoDraw = False
257.7889 	EXP 	visCueText: text = 'Right'
257.7889 	EXP 	visCueText: autoDraw = True
258.7725 	EXP 	fixDot: autoDraw = True
258.7891 	EXP 	visCueText: autoDraw = False
259.7733 	EXP 	Sound soundStim started
262.5747 	EXP 	Sound soundStim reached end of file
263.5760 	EXP 	fixDot: autoDraw = False
263.5760 	EXP 	fixDotBlue: autoDraw = True
265.1024 	DATA 	Keypress: num_2
265.6859 	DATA 	Keypress: num_1
266.3197 	DATA 	Keypress: num_2
271.5543 	EXP 	New trial (rep=0, index=16): OrderedDict([('iStimSide', 1), ('iTargSide', 0), ('iSideFirst', 1), ('iStim', 0), ('iGen', 0), ('sylTarg', 233), ('sylDist', 121), ('sylCent', 3231)])
271.5848 	EXP 	visCueText: autoDraw = False
271.5848 	EXP 	fixDot: autoDraw = False
271.5848 	EXP 	fixDotBlue: autoDraw = False
272.5839 	EXP 	visCueText: text = 'Left'
272.5839 	EXP 	visCueText: autoDraw = True
273.5677 	EXP 	fixDot: autoDraw = True
273.5843 	EXP 	visCueText: autoDraw = False
274.5689 	EXP 	Sound soundStim started
277.3691 	EXP 	Sound soundStim reached end of file
278.3713 	EXP 	fixDot: autoDraw = False
278.3713 	EXP 	fixDotBlue: autoDraw = True
279.1793 	DATA 	Keypress: num_2
279.8305 	DATA 	Keypress: num_3
280.4145 	DATA 	Keypress: num_2
286.3669 	EXP 	New trial (rep=0, index=17): OrderedDict([('iStimSide', 0), ('iTargSide', 1), ('iSideFirst', 0), ('iStim', 0), ('iGen', 1), ('sylTarg', 323), ('sylDist', 232), ('sylCent', 3211)])
286.3962 	EXP 	visCueText: autoDraw = False
286.3962 	EXP 	fixDot: autoDraw = False
286.3962 	EXP 	fixDotBlue: autoDraw = False
287.3960 	EXP 	visCueText: text = 'Right'
287.3960 	EXP 	visCueText: autoDraw = True
288.3792 	EXP 	fixDot: autoDraw = True
288.3966 	EXP 	visCueText: autoDraw = False
289.3809 	EXP 	Sound soundStim started
292.1812 	EXP 	Sound soundStim reached end of file
293.1837 	EXP 	fixDot: autoDraw = False
293.1837 	EXP 	fixDotBlue: autoDraw = True
293.7409 	DATA 	Keypress: num_3
294.3086 	DATA 	Keypress: num_2
294.8752 	DATA 	Keypress: num_3
301.1608 	EXP 	New trial (rep=0, index=18): OrderedDict([('iStimSide', 0), ('iTargSide', 0), ('iSideFirst', 1), ('iStim', 1), ('iGen', 0), ('sylTarg', 232), ('sylDist', 313), ('sylCent', 2132)])
301.1918 	EXP 	visCueText: autoDraw = False
301.1918 	EXP 	fixDot: autoDraw = False
301.1918 	EXP 	fixDotBlue: autoDraw = False
302.1912 	EXP 	visCueText: text = 'Left'
302.1912 	EXP 	visCueText: autoDraw = True
303.1748 	EXP 	fixDot: autoDraw = True
303.1915 	EXP 	visCueText: autoDraw = False
304.1753 	EXP 	Sound soundStim started
306.9740 	EXP 	Sound soundStim stopped
307.9620 	EXP 	fixDotBlue: autoDraw = True
307.9787 	EXP 	fixDot: autoDraw = False
309.1708 	DATA 	Keypress: num_2
309.8712 	DATA 	Keypress: num_3
310.5383 	DATA 	Keypress: num_2
315.9569 	EXP 	New trial (rep=0, index=19): OrderedDict([('iStimSide', 0), ('iTargSide', 1), ('iSideFirst', 0), ('iStim', 0), ('iGen', 0), ('sylTarg', 312), ('sylDist', 123), ('sylCent', 1311)])
315.9858 	EXP 	visCueText: autoDraw = False
315.9858 	EXP 	fixDot: autoDraw = False
315.9858 	EXP 	fixDotBlue: autoDraw = False
316.9859 	EXP 	visCueText: text = 'Right'
316.9859 	EXP 	visCueText: autoDraw = True
317.9698 	EXP 	fixDot: autoDraw = True
317.9866 	EXP 	visCueText: autoDraw = False
318.9706 	EXP 	Sound soundStim started
321.7736 	EXP 	Sound soundStim reached end of file
322.7740 	EXP 	fixDot: autoDraw = False
322.7740 	EXP 	fixDotBlue: autoDraw = True
323.7661 	DATA 	Keypress: num_3
324.5333 	DATA 	Keypress: num_1
325.1671 	DATA 	Keypress: num_2
330.7710 	EXP 	New trial (rep=0, index=20): OrderedDict([('iStimSide', 0), ('iTargSide', 1), ('iSideFirst', 0), ('iStim', 1), ('iGen', 1), ('sylTarg', 212), ('sylDist', 123), ('sylCent', 1133)])
330.7988 	EXP 	visCueText: autoDraw = False
330.7988 	EXP 	fixDot: autoDraw = False
330.7988 	EXP 	fixDotBlue: autoDraw = False
331.7811 	EXP 	visCueText: text = 'Right'
331.7811 	EXP 	visCueText: autoDraw = True
332.7818 	EXP 	visCueText: autoDraw = False
332.7818 	EXP 	fixDot: autoDraw = True
333.7826 	EXP 	Sound soundStim started
336.5840 	EXP 	Sound soundStim stopped
337.5857 	EXP 	fixDot: autoDraw = False
337.5857 	EXP 	fixDotBlue: autoDraw = True
338.4606 	DATA 	Keypress: num_2
339.3276 	DATA 	Keypress: num_1
340.1959 	DATA 	Keypress: num_2
345.5654 	EXP 	New trial (rep=0, index=21): OrderedDict([('iStimSide', 0), ('iTargSide', 1), ('iSideFirst', 0), ('iStim', 1), ('iGen', 0), ('sylTarg', 123), ('sylDist', 231), ('sylCent', 2123)])
345.5927 	EXP 	visCueText: autoDraw = False
345.5927 	EXP 	fixDot: autoDraw = False
345.5927 	EXP 	fixDotBlue: autoDraw = False
346.5760 	EXP 	visCueText: text = 'Right'
346.5760 	EXP 	visCueText: autoDraw = True
347.5771 	EXP 	visCueText: autoDraw = False
347.5771 	EXP 	fixDot: autoDraw = True
348.5776 	EXP 	Sound soundStim started
351.3775 	EXP 	Sound soundStim reached end of file
352.3810 	EXP 	fixDot: autoDraw = False
352.3810 	EXP 	fixDotBlue: autoDraw = True
353.6222 	DATA 	Keypress: num_1
354.2736 	DATA 	Keypress: num_2
354.9567 	DATA 	Keypress: num_3
360.3584 	EXP 	New trial (rep=0, index=22): OrderedDict([('iStimSide', 0), ('iTargSide', 0), ('iSideFirst', 0), ('iStim', 1), ('iGen', 0), ('sylTarg', 313), ('sylDist', 232), ('sylCent', 2311)])
360.3885 	EXP 	visCueText: autoDraw = False
360.3885 	EXP 	fixDot: autoDraw = False
360.3885 	EXP 	fixDotBlue: autoDraw = False
361.3880 	EXP 	visCueText: text = 'Left'
361.3880 	EXP 	visCueText: autoDraw = True
362.3725 	EXP 	fixDot: autoDraw = True
362.3889 	EXP 	visCueText: autoDraw = False
363.3728 	EXP 	Sound soundStim started
366.1731 	EXP 	Sound soundStim reached end of file
367.1765 	EXP 	fixDot: autoDraw = False
367.1765 	EXP 	fixDotBlue: autoDraw = True
368.8181 	DATA 	Keypress: num_1
369.2013 	DATA 	Keypress: num_2
369.9346 	DATA 	Keypress: num_3
375.1524 	EXP 	New trial (rep=0, index=23): OrderedDict([('iStimSide', 0), ('iTargSide', 0), ('iSideFirst', 1), ('iStim', 1), ('iGen', 1), ('sylTarg', 232), ('sylDist', 323), ('sylCent', 2122)])
375.1842 	EXP 	visCueText: autoDraw = False
375.1842 	EXP 	fixDot: autoDraw = False
375.1842 	EXP 	fixDotBlue: autoDraw = False
376.1667 	EXP 	visCueText: text = 'Left'
376.1667 	EXP 	visCueText: autoDraw = True
377.1675 	EXP 	visCueText: autoDraw = False
377.1675 	EXP 	fixDot: autoDraw = True
378.1685 	EXP 	Sound soundStim started
380.9687 	EXP 	Sound soundStim reached end of file
381.9547 	EXP 	fixDotBlue: autoDraw = True
381.9710 	EXP 	fixDot: autoDraw = False
382.6617 	DATA 	Keypress: num_2
383.2125 	DATA 	Keypress: num_3
383.8132 	DATA 	Keypress: num_2
389.9506 	EXP 	New trial (rep=0, index=24): OrderedDict([('iStimSide', 0), ('iTargSide', 1), ('iSideFirst', 1), ('iStim', 1), ('iGen', 0), ('sylTarg', 123), ('sylDist', 312), ('sylCent', 3332)])
389.9790 	EXP 	fixDotBlue: autoDraw = False
389.9790 	EXP 	visCueText: autoDraw = False
389.9790 	EXP 	fixDot: autoDraw = False
389.9790 	EXP 	fixDotBlue: autoDraw = False
390.9783 	EXP 	visCueText: text = 'Right'
390.9783 	EXP 	visCueText: autoDraw = True
391.9626 	EXP 	fixDot: autoDraw = True
391.9790 	EXP 	visCueText: autoDraw = False
392.9635 	EXP 	Sound soundStim started
395.7617 	EXP 	Sound soundStim stopped
396.7663 	EXP 	fixDot: autoDraw = False
396.7663 	EXP 	fixDotBlue: autoDraw = True
397.1914 	DATA 	Keypress: num_3
397.8922 	DATA 	Keypress: num_2
398.6597 	DATA 	Keypress: num_3
404.7618 	EXP 	New trial (rep=0, index=25): OrderedDict([('iStimSide', 0), ('iTargSide', 0), ('iSideFirst', 0), ('iStim', 0), ('iGen', 0), ('sylTarg', 232), ('sylDist', 323), ('sylCent', 1133)])
404.7912 	EXP 	visCueText: autoDraw = False
404.7912 	EXP 	fixDot: autoDraw = False
404.7912 	EXP 	fixDotBlue: autoDraw = False
405.7906 	EXP 	visCueText: text = 'Left'
405.7906 	EXP 	visCueText: autoDraw = True
406.7744 	EXP 	fixDot: autoDraw = True
406.7910 	EXP 	visCueText: autoDraw = False
407.7752 	EXP 	Sound soundStim started
410.5725 	EXP 	Sound soundStim stopped
411.5783 	EXP 	fixDot: autoDraw = False
411.5783 	EXP 	fixDotBlue: autoDraw = True
412.5206 	DATA 	Keypress: num_2
413.1716 	DATA 	Keypress: num_3
413.9213 	DATA 	Keypress: num_2
419.5572 	EXP 	New trial (rep=0, index=26): OrderedDict([('iStimSide', 1), ('iTargSide', 1), ('iSideFirst', 0), ('iStim', 0), ('iGen', 1), ('sylTarg', 233), ('sylDist', 311), ('sylCent', 2321)])
419.5862 	EXP 	visCueText: autoDraw = False
419.5862 	EXP 	fixDot: autoDraw = False
419.5862 	EXP 	fixDotBlue: autoDraw = False
420.5687 	EXP 	visCueText: text = 'Right'
420.5687 	EXP 	visCueText: autoDraw = True
421.5697 	EXP 	visCueText: autoDraw = False
421.5697 	EXP 	fixDot: autoDraw = True
422.5704 	EXP 	Sound soundStim started
425.3723 	EXP 	Sound soundStim reached end of file
426.3735 	EXP 	fixDot: autoDraw = False
426.3735 	EXP 	fixDotBlue: autoDraw = True
427.2158 	DATA 	Keypress: num_2
427.9292 	DATA 	Keypress: num_3
428.5662 	DATA 	Keypress: num_3
434.3696 	EXP 	New trial (rep=0, index=27): OrderedDict([('iStimSide', 1), ('iTargSide', 0), ('iSideFirst', 1), ('iStim', 1), ('iGen', 0), ('sylTarg', 131), ('sylDist', 212), ('sylCent', 3311)])
434.3979 	EXP 	visCueText: autoDraw = False
434.3979 	EXP 	fixDot: autoDraw = False
434.3979 	EXP 	fixDotBlue: autoDraw = False
435.3979 	EXP 	visCueText: text = 'Left'
435.3979 	EXP 	visCueText: autoDraw = True
436.3819 	EXP 	fixDot: autoDraw = True
436.3985 	EXP 	visCueText: autoDraw = False
437.3824 	EXP 	Sound soundStim started
440.1824 	EXP 	Sound soundStim reached end of file
441.1855 	EXP 	fixDot: autoDraw = False
441.1855 	EXP 	fixDotBlue: autoDraw = True
441.8604 	DATA 	Keypress: num_1
442.4937 	DATA 	Keypress: num_3
443.0936 	DATA 	Keypress: num_1
449.1631 	EXP 	New trial (rep=0, index=28): OrderedDict([('iStimSide', 1), ('iTargSide', 1), ('iSideFirst', 0), ('iStim', 0), ('iGen', 0), ('sylTarg', 131), ('sylDist', 313), ('sylCent', 1232)])
449.1930 	EXP 	visCueText: autoDraw = False
449.1930 	EXP 	fixDot: autoDraw = False
449.1930 	EXP 	fixDotBlue: autoDraw = False
450.1931 	EXP 	visCueText: text = 'Right'
450.1931 	EXP 	visCueText: autoDraw = True
451.1770 	EXP 	fixDot: autoDraw = True
451.1937 	EXP 	visCueText: autoDraw = False
452.1780 	EXP 	Sound soundStim started
454.9781 	EXP 	Sound soundStim reached end of file
455.9805 	EXP 	fixDot: autoDraw = False
455.9805 	EXP 	fixDotBlue: autoDraw = True
457.5719 	DATA 	Keypress: num_1
458.1895 	DATA 	Keypress: num_3
458.8235 	DATA 	Keypress: num_1
463.9593 	EXP 	New trial (rep=0, index=29): OrderedDict([('iStimSide', 0), ('iTargSide', 0), ('iSideFirst', 1), ('iStim', 0), ('iGen', 0), ('sylTarg', 213), ('sylDist', 332), ('sylCent', 1122)])
463.9712 	EXP 	visCueText: autoDraw = False
463.9712 	EXP 	fixDot: autoDraw = False
463.9712 	EXP 	fixDotBlue: autoDraw = False
464.9713 	EXP 	visCueText: text = 'Left'
464.9713 	EXP 	visCueText: autoDraw = True
465.9553 	EXP 	fixDot: autoDraw = True
465.9720 	EXP 	visCueText: autoDraw = False
466.9564 	EXP 	Sound soundStim started
469.7565 	EXP 	Sound soundStim reached end of file
470.7592 	EXP 	fixDot: autoDraw = False
470.7592 	EXP 	fixDotBlue: autoDraw = True
471.8348 	DATA 	Keypress: num_2
472.4010 	DATA 	Keypress: num_1
472.9840 	DATA 	Keypress: num_3
478.7544 	EXP 	New trial (rep=0, index=30): OrderedDict([('iStimSide', 0), ('iTargSide', 1), ('iSideFirst', 1), ('iStim', 0), ('iGen', 0), ('sylTarg', 323), ('sylDist', 231), ('sylCent', 2322)])
478.7835 	EXP 	visCueText: autoDraw = False
478.7835 	EXP 	fixDot: autoDraw = False
478.7835 	EXP 	fixDotBlue: autoDraw = False
479.7832 	EXP 	visCueText: text = 'Right'
479.7832 	EXP 	visCueText: autoDraw = True
480.7671 	EXP 	fixDot: autoDraw = True
480.7841 	EXP 	visCueText: autoDraw = False
481.7678 	EXP 	Sound soundStim started
484.5713 	EXP 	Sound soundStim reached end of file
485.5712 	EXP 	fixDot: autoDraw = False
485.5712 	EXP 	fixDotBlue: autoDraw = True
487.0625 	DATA 	Keypress: num_2
487.6807 	DATA 	Keypress: num_2
488.2814 	DATA 	Keypress: num_3
493.5666 	EXP 	New trial (rep=0, index=31): OrderedDict([('iStimSide', 1), ('iTargSide', 1), ('iSideFirst', 1), ('iStim', 1), ('iGen', 0), ('sylTarg', 212), ('sylDist', 121), ('sylCent', 1313)])
493.5955 	EXP 	visCueText: autoDraw = False
493.5955 	EXP 	fixDot: autoDraw = False
493.5955 	EXP 	fixDotBlue: autoDraw = False
494.5787 	EXP 	visCueText: text = 'Right'
494.5787 	EXP 	visCueText: autoDraw = True
495.5798 	EXP 	visCueText: autoDraw = False
495.5798 	EXP 	fixDot: autoDraw = True
496.5800 	EXP 	Sound soundStim started
499.3815 	EXP 	Sound soundStim stopped
500.3831 	EXP 	fixDot: autoDraw = False
500.3831 	EXP 	fixDotBlue: autoDraw = True
501.3084 	DATA 	Keypress: num_2
502.3567 	DATA 	Keypress: num_1
503.0261 	DATA 	Keypress: num_2
508.3904 	EXP 	visCueText: autoDraw = False
508.3904 	EXP 	fixDot: autoDraw = False
508.3904 	EXP 	fixDotBlue: autoDraw = False
508.3904 	EXP 	blockEndText: text = 'End of Block 3\nYour accuracy: 81.25\nPress space to begin next block'
508.3904 	EXP 	blockEndText: autoDraw = True
545.1094 	DATA 	Keypress: space
545.1255 	EXP 	New trial (rep=3, index=0): None
545.1405 	EXP 	Imported C:\Users\Lab Admin\Documents\AlexP\stim_v2\trialInfo\2\4.csv as conditions, 32 conditions, 8 params
545.1413 	EXP 	Created sequence: sequential, trialTypes=32, nReps=1, seed=None
545.1532 	EXP 	blockEndText: autoDraw = False
555.1269 	EXP 	blockStartText: text = 'Block 4 of 6\n Press space to continue'
555.1269 	EXP 	blockStartText: autoDraw = True
556.8351 	DATA 	Keypress: space
556.8640 	EXP 	Imported C:\Users\Lab Admin\Documents\AlexP\stim_v2\trialInfo\2\4.csv as conditions, 32 conditions, 8 params
556.8647 	EXP 	Created sequence: sequential, trialTypes=32, nReps=1, seed=None
556.8652 	EXP 	New trial (rep=0, index=0): OrderedDict([('iStimSide', 0), ('iTargSide', 0), ('iSideFirst', 1), ('iStim', 0), ('iGen', 0), ('sylTarg', 132), ('sylDist', 213), ('sylCent', 3331)])
556.8793 	EXP 	blockStartText: autoDraw = False
557.8792 	EXP 	visCueText: text = 'Left'
557.8792 	EXP 	visCueText: autoDraw = True
558.8634 	EXP 	fixDot: autoDraw = True
558.8801 	EXP 	visCueText: autoDraw = False
559.8643 	EXP 	Sound soundStim started
562.6660 	EXP 	Sound soundStim reached end of file
563.6668 	EXP 	fixDot: autoDraw = False
563.6668 	EXP 	fixDotBlue: autoDraw = True
564.3249 	DATA 	Keypress: num_1
564.7752 	DATA 	Keypress: num_3
565.2434 	DATA 	Keypress: num_2
571.6628 	EXP 	New trial (rep=0, index=1): OrderedDict([('iStimSide', 0), ('iTargSide', 0), ('iSideFirst', 0), ('iStim', 0), ('iGen', 0), ('sylTarg', 123), ('sylDist', 232), ('sylCent', 3323)])
571.6913 	EXP 	visCueText: autoDraw = False
571.6913 	EXP 	fixDot: autoDraw = False
571.6913 	EXP 	fixDotBlue: autoDraw = False
572.6748 	EXP 	visCueText: text = 'Left'
572.6748 	EXP 	visCueText: autoDraw = True
573.6753 	EXP 	visCueText: autoDraw = False
573.6753 	EXP 	fixDot: autoDraw = True
574.6755 	EXP 	Sound soundStim started
577.4765 	EXP 	Sound soundStim reached end of file
578.4790 	EXP 	fixDot: autoDraw = False
578.4790 	EXP 	fixDotBlue: autoDraw = True
579.0197 	DATA 	Keypress: num_1
579.4536 	DATA 	Keypress: num_2
579.8367 	DATA 	Keypress: num_3
586.4558 	EXP 	New trial (rep=0, index=2): OrderedDict([('iStimSide', 1), ('iTargSide', 0), ('iSideFirst', 1), ('iStim', 1), ('iGen', 1), ('sylTarg', 321), ('sylDist', 212), ('sylCent', 1311)])
586.4867 	EXP 	visCueText: autoDraw = False
586.4867 	EXP 	fixDot: autoDraw = False
586.4867 	EXP 	fixDotBlue: autoDraw = False
587.4699 	EXP 	visCueText: text = 'Left'
587.4699 	EXP 	visCueText: autoDraw = True
588.4701 	EXP 	visCueText: autoDraw = False
588.4701 	EXP 	fixDot: autoDraw = True
589.4713 	EXP 	Sound soundStim started
592.2714 	EXP 	Sound soundStim reached end of file
593.2740 	EXP 	fixDot: autoDraw = False
593.2740 	EXP 	fixDotBlue: autoDraw = True
594.2165 	DATA 	Keypress: num_3
595.0165 	DATA 	Keypress: num_2
595.5676 	DATA 	Keypress: num_1
601.2700 	EXP 	New trial (rep=0, index=3): OrderedDict([('iStimSide', 1), ('iTargSide', 0), ('iSideFirst', 0), ('iStim', 1), ('iGen', 0), ('sylTarg', 313), ('sylDist', 132), ('sylCent', 3122)])
601.2984 	EXP 	visCueText: autoDraw = False
601.2984 	EXP 	fixDot: autoDraw = False
601.2984 	EXP 	fixDotBlue: autoDraw = False
602.2811 	EXP 	visCueText: text = 'Left'
602.2811 	EXP 	visCueText: autoDraw = True
603.2821 	EXP 	visCueText: autoDraw = False
603.2821 	EXP 	fixDot: autoDraw = True
604.2834 	EXP 	Sound soundStim started
607.0865 	EXP 	Sound soundStim reached end of file
608.0862 	EXP 	fixDot: autoDraw = False
608.0862 	EXP 	fixDotBlue: autoDraw = True
610.5956 	DATA 	Keypress: num_3
611.5134 	DATA 	Keypress: num_1
612.2305 	DATA 	Keypress: num_3
616.0648 	EXP 	New trial (rep=0, index=4): OrderedDict([('iStimSide', 0), ('iTargSide', 1), ('iSideFirst', 0), ('iStim', 0), ('iGen', 0), ('sylTarg', 121), ('sylDist', 213), ('sylCent', 2211)])
616.0942 	EXP 	visCueText: autoDraw = False
616.0942 	EXP 	fixDot: autoDraw = False
616.0942 	EXP 	fixDotBlue: autoDraw = False
617.0940 	EXP 	visCueText: text = 'Right'
617.0940 	EXP 	visCueText: autoDraw = True
618.0775 	EXP 	fixDot: autoDraw = True
618.0942 	EXP 	visCueText: autoDraw = False
619.0783 	EXP 	Sound soundStim started
621.8754 	EXP 	Sound soundStim stopped
622.8812 	EXP 	fixDot: autoDraw = False
622.8812 	EXP 	fixDotBlue: autoDraw = True
623.5389 	DATA 	Keypress: num_1
624.0395 	DATA 	Keypress: num_2
624.5869 	DATA 	Keypress: num_1
630.8587 	EXP 	New trial (rep=0, index=5): OrderedDict([('iStimSide', 0), ('iTargSide', 0), ('iSideFirst', 0), ('iStim', 0), ('iGen', 1), ('sylTarg', 323), ('sylDist', 212), ('sylCent', 3112)])
630.8888 	EXP 	visCueText: autoDraw = False
630.8888 	EXP 	fixDot: autoDraw = False
630.8888 	EXP 	fixDotBlue: autoDraw = False
631.8894 	EXP 	visCueText: text = 'Left'
631.8894 	EXP 	visCueText: autoDraw = True
632.8726 	EXP 	fixDot: autoDraw = True
632.8891 	EXP 	visCueText: autoDraw = False
633.8728 	EXP 	Sound soundStim started
636.6754 	EXP 	Sound soundStim reached end of file
637.6766 	EXP 	fixDot: autoDraw = False
637.6766 	EXP 	fixDotBlue: autoDraw = True
638.4814 	DATA 	Keypress: num_3
639.1677 	DATA 	Keypress: num_2
639.8665 	DATA 	Keypress: num_3
645.6724 	EXP 	New trial (rep=0, index=6): OrderedDict([('iStimSide', 1), ('iTargSide', 0), ('iSideFirst', 0), ('iStim', 0), ('iGen', 0), ('sylTarg', 321), ('sylDist', 132), ('sylCent', 1311)])
645.7010 	EXP 	visCueText: autoDraw = False
645.7010 	EXP 	fixDot: autoDraw = False
645.7010 	EXP 	fixDotBlue: autoDraw = False
646.6839 	EXP 	visCueText: text = 'Left'
646.6839 	EXP 	visCueText: autoDraw = True
647.6844 	EXP 	visCueText: autoDraw = False
647.6844 	EXP 	fixDot: autoDraw = True
648.6854 	EXP 	Sound soundStim started
651.4858 	EXP 	Sound soundStim reached end of file
652.4885 	EXP 	fixDot: autoDraw = False
652.4885 	EXP 	fixDotBlue: autoDraw = True
653.5610 	DATA 	Keypress: num_3
654.2806 	DATA 	Keypress: num_2
654.8982 	DATA 	Keypress: num_1
660.4664 	EXP 	New trial (rep=0, index=7): OrderedDict([('iStimSide', 0), ('iTargSide', 0), ('iSideFirst', 1), ('iStim', 0), ('iGen', 1), ('sylTarg', 221), ('sylDist', 133), ('sylCent', 3221)])
660.4965 	EXP 	visCueText: autoDraw = False
660.4965 	EXP 	fixDot: autoDraw = False
660.4965 	EXP 	fixDotBlue: autoDraw = False
661.4791 	EXP 	visCueText: text = 'Left'
661.4791 	EXP 	visCueText: autoDraw = True
662.4795 	EXP 	visCueText: autoDraw = False
662.4795 	EXP 	fixDot: autoDraw = True
663.4804 	EXP 	Sound soundStim started
666.2805 	EXP 	Sound soundStim reached end of file
667.2674 	EXP 	fixDotBlue: autoDraw = True
667.2834 	EXP 	fixDot: autoDraw = False
668.6226 	DATA 	Keypress: num_2
669.0258 	DATA 	Keypress: num_2
671.8611 	DATA 	Keypress: num_1
675.2621 	EXP 	New trial (rep=0, index=8): OrderedDict([('iStimSide', 1), ('iTargSide', 1), ('iSideFirst', 1), ('iStim', 1), ('iGen', 1), ('sylTarg', 123), ('sylDist', 312), ('sylCent', 1322)])
675.2918 	EXP 	visCueText: autoDraw = False
675.2918 	EXP 	fixDot: autoDraw = False
675.2918 	EXP 	fixDotBlue: autoDraw = False
676.2741 	EXP 	visCueText: text = 'Right'
676.2741 	EXP 	visCueText: autoDraw = True
677.2751 	EXP 	visCueText: autoDraw = False
677.2751 	EXP 	fixDot: autoDraw = True
678.2757 	EXP 	Sound soundStim started
681.0747 	EXP 	Sound soundStim stopped
682.0788 	EXP 	fixDot: autoDraw = False
682.0788 	EXP 	fixDotBlue: autoDraw = True
682.8369 	DATA 	Keypress: num_1
683.2870 	DATA 	Keypress: num_2
683.8373 	DATA 	Keypress: num_3
690.0568 	EXP 	New trial (rep=0, index=9): OrderedDict([('iStimSide', 1), ('iTargSide', 1), ('iSideFirst', 0), ('iStim', 0), ('iGen', 0), ('sylTarg', 331), ('sylDist', 122), ('sylCent', 2111)])
690.0867 	EXP 	visCueText: autoDraw = False
690.0867 	EXP 	fixDot: autoDraw = False
690.0867 	EXP 	fixDotBlue: autoDraw = False
691.0694 	EXP 	visCueText: text = 'Right'
691.0694 	EXP 	visCueText: autoDraw = True
692.0699 	EXP 	visCueText: autoDraw = False
692.0699 	EXP 	fixDot: autoDraw = True
693.0709 	EXP 	Sound soundStim started
695.8745 	EXP 	Sound soundStim reached end of file
696.8744 	EXP 	fixDot: autoDraw = False
696.8744 	EXP 	fixDotBlue: autoDraw = True
697.4477 	DATA 	Keypress: num_3
697.9490 	DATA 	Keypress: num_3
698.6009 	DATA 	Keypress: num_1
704.8703 	EXP 	New trial (rep=0, index=10): OrderedDict([('iStimSide', 0), ('iTargSide', 1), ('iSideFirst', 1), ('iStim', 1), ('iGen', 1), ('sylTarg', 131), ('sylDist', 213), ('sylCent', 3122)])
704.8981 	EXP 	visCueText: autoDraw = False
704.8981 	EXP 	fixDot: autoDraw = False
704.8981 	EXP 	fixDotBlue: autoDraw = False
705.8812 	EXP 	visCueText: text = 'Right'
705.8812 	EXP 	visCueText: autoDraw = True
706.8819 	EXP 	visCueText: autoDraw = False
706.8819 	EXP 	fixDot: autoDraw = True
707.8829 	EXP 	Sound soundStim started
710.6849 	EXP 	Sound soundStim reached end of file
711.6860 	EXP 	fixDot: autoDraw = False
711.6860 	EXP 	fixDotBlue: autoDraw = True
712.8772 	DATA 	Keypress: num_3
713.5781 	DATA 	Keypress: num_1
714.1106 	DATA 	Keypress: num_1
719.6642 	EXP 	New trial (rep=0, index=11): OrderedDict([('iStimSide', 0), ('iTargSide', 1), ('iSideFirst', 0), ('iStim', 0), ('iGen', 1), ('sylTarg', 122), ('sylDist', 231), ('sylCent', 2133)])
719.6938 	EXP 	visCueText: autoDraw = False
719.6938 	EXP 	fixDot: autoDraw = False
719.6938 	EXP 	fixDotBlue: autoDraw = False
720.6765 	EXP 	visCueText: text = 'Right'
720.6765 	EXP 	visCueText: autoDraw = True
721.6774 	EXP 	visCueText: autoDraw = False
721.6774 	EXP 	fixDot: autoDraw = True
722.6786 	EXP 	Sound soundStim started
725.4740 	EXP 	Sound soundStim stopped
726.4805 	EXP 	fixDot: autoDraw = False
726.4805 	EXP 	fixDotBlue: autoDraw = True
728.0055 	DATA 	Keypress: num_1
728.7746 	DATA 	Keypress: num_2
729.5244 	DATA 	Keypress: num_2
734.4589 	EXP 	New trial (rep=0, index=12): OrderedDict([('iStimSide', 0), ('iTargSide', 1), ('iSideFirst', 0), ('iStim', 1), ('iGen', 1), ('sylTarg', 223), ('sylDist', 112), ('sylCent', 1121)])
734.4885 	EXP 	visCueText: autoDraw = False
734.4885 	EXP 	fixDot: autoDraw = False
734.4885 	EXP 	fixDotBlue: autoDraw = False
735.4717 	EXP 	visCueText: text = 'Right'
735.4717 	EXP 	visCueText: autoDraw = True
736.4722 	EXP 	visCueText: autoDraw = False
736.4722 	EXP 	fixDot: autoDraw = True
737.4732 	EXP 	Sound soundStim started
740.2737 	EXP 	Sound soundStim reached end of file
741.2764 	EXP 	fixDot: autoDraw = False
741.2764 	EXP 	fixDotBlue: autoDraw = True
742.1340 	DATA 	Keypress: num_2
742.4864 	DATA 	Keypress: num_2
743.0514 	DATA 	Keypress: num_3
749.2720 	EXP 	New trial (rep=0, index=13): OrderedDict([('iStimSide', 1), ('iTargSide', 0), ('iSideFirst', 0), ('iStim', 0), ('iGen', 1), ('sylTarg', 123), ('sylDist', 212), ('sylCent', 2221)])
749.3014 	EXP 	visCueText: autoDraw = False
749.3014 	EXP 	fixDot: autoDraw = False
749.3014 	EXP 	fixDotBlue: autoDraw = False
750.3004 	EXP 	visCueText: text = 'Left'
750.3004 	EXP 	visCueText: autoDraw = True
751.2845 	EXP 	fixDot: autoDraw = True
751.3009 	EXP 	visCueText: autoDraw = False
752.2852 	EXP 	Sound soundStim started
755.0841 	EXP 	Sound soundStim stopped
756.0882 	EXP 	fixDot: autoDraw = False
756.0882 	EXP 	fixDotBlue: autoDraw = True
756.5115 	DATA 	Keypress: num_1
757.0793 	DATA 	Keypress: num_2
757.7455 	DATA 	Keypress: num_3
764.0669 	EXP 	New trial (rep=0, index=14): OrderedDict([('iStimSide', 0), ('iTargSide', 1), ('iSideFirst', 1), ('iStim', 0), ('iGen', 0), ('sylTarg', 312), ('sylDist', 131), ('sylCent', 2333)])
764.0964 	EXP 	visCueText: autoDraw = False
764.0964 	EXP 	fixDot: autoDraw = False
764.0964 	EXP 	fixDotBlue: autoDraw = False
765.0959 	EXP 	visCueText: text = 'Right'
765.0959 	EXP 	visCueText: autoDraw = True
766.0792 	EXP 	fixDot: autoDraw = True
766.0960 	EXP 	visCueText: autoDraw = False
767.0807 	EXP 	Sound soundStim started
769.8839 	EXP 	Sound soundStim reached end of file
770.8834 	EXP 	fixDot: autoDraw = False
770.8834 	EXP 	fixDotBlue: autoDraw = True
772.1587 	DATA 	Keypress: num_3
772.8092 	DATA 	Keypress: num_1
773.4426 	DATA 	Keypress: num_2
778.8627 	EXP 	New trial (rep=0, index=15): OrderedDict([('iStimSide', 0), ('iTargSide', 1), ('iSideFirst', 1), ('iStim', 1), ('iGen', 0), ('sylTarg', 131), ('sylDist', 323), ('sylCent', 2231)])
778.8905 	EXP 	visCueText: autoDraw = False
778.8905 	EXP 	fixDot: autoDraw = False
778.8905 	EXP 	fixDotBlue: autoDraw = False
779.8743 	EXP 	visCueText: text = 'Right'
779.8743 	EXP 	visCueText: autoDraw = True
780.8750 	EXP 	visCueText: autoDraw = False
780.8750 	EXP 	fixDot: autoDraw = True
781.8754 	EXP 	Sound soundStim started
784.6730 	EXP 	Sound soundStim stopped
785.6785 	EXP 	fixDot: autoDraw = False
785.6785 	EXP 	fixDotBlue: autoDraw = True
786.4707 	DATA 	Keypress: num_1
787.1041 	DATA 	Keypress: num_3
787.7370 	DATA 	Keypress: num_1
793.6579 	EXP 	New trial (rep=0, index=16): OrderedDict([('iStimSide', 1), ('iTargSide', 0), ('iSideFirst', 1), ('iStim', 0), ('iGen', 0), ('sylTarg', 121), ('sylDist', 313), ('sylCent', 2212)])
793.6871 	EXP 	visCueText: autoDraw = False
793.6871 	EXP 	fixDot: autoDraw = False
793.6871 	EXP 	fixDotBlue: autoDraw = False
794.6691 	EXP 	visCueText: text = 'Left'
794.6691 	EXP 	visCueText: autoDraw = True
795.6701 	EXP 	visCueText: autoDraw = False
795.6701 	EXP 	fixDot: autoDraw = True
796.6708 	EXP 	Sound soundStim started
799.4727 	EXP 	Sound soundStim reached end of file
800.4738 	EXP 	fixDot: autoDraw = False
800.4738 	EXP 	fixDotBlue: autoDraw = True
801.3823 	DATA 	Keypress: num_1
802.1830 	DATA 	Keypress: num_2
802.9322 	DATA 	Keypress: num_1
808.4679 	EXP 	New trial (rep=0, index=17): OrderedDict([('iStimSide', 0), ('iTargSide', 0), ('iSideFirst', 1), ('iStim', 1), ('iGen', 1), ('sylTarg', 311), ('sylDist', 233), ('sylCent', 2113)])
808.4990 	EXP 	visCueText: autoDraw = False
808.4990 	EXP 	fixDot: autoDraw = False
808.4990 	EXP 	fixDotBlue: autoDraw = False
809.4811 	EXP 	visCueText: text = 'Left'
809.4811 	EXP 	visCueText: autoDraw = True
810.4820 	EXP 	visCueText: autoDraw = False
810.4820 	EXP 	fixDot: autoDraw = True
811.4830 	EXP 	Sound soundStim started
814.2832 	EXP 	Sound soundStim reached end of file
815.2859 	EXP 	fixDot: autoDraw = False
815.2859 	EXP 	fixDotBlue: autoDraw = True
816.2434 	DATA 	Keypress: num_3
816.8911 	DATA 	Keypress: num_1
817.5137 	DATA 	Keypress: num_1
823.2632 	EXP 	New trial (rep=0, index=18): OrderedDict([('iStimSide', 0), ('iTargSide', 0), ('iSideFirst', 0), ('iStim', 1), ('iGen', 0), ('sylTarg', 313), ('sylDist', 121), ('sylCent', 3213)])
823.2933 	EXP 	visCueText: autoDraw = False
823.2933 	EXP 	fixDot: autoDraw = False
823.2933 	EXP 	fixDotBlue: autoDraw = False
824.2761 	EXP 	visCueText: text = 'Left'
824.2761 	EXP 	visCueText: autoDraw = True
825.2773 	EXP 	visCueText: autoDraw = False
825.2773 	EXP 	fixDot: autoDraw = True
826.2782 	EXP 	Sound soundStim started
829.0784 	EXP 	Sound soundStim reached end of file
830.0811 	EXP 	fixDot: autoDraw = False
830.0811 	EXP 	fixDotBlue: autoDraw = True
831.4057 	DATA 	Keypress: num_3
832.0735 	DATA 	Keypress: num_1
832.6080 	DATA 	Keypress: num_3
838.0595 	EXP 	New trial (rep=0, index=19): OrderedDict([('iStimSide', 1), ('iTargSide', 1), ('iSideFirst', 1), ('iStim', 1), ('iGen', 0), ('sylTarg', 131), ('sylDist', 312), ('sylCent', 2321)])
838.0885 	EXP 	visCueText: autoDraw = False
838.0885 	EXP 	fixDot: autoDraw = False
838.0885 	EXP 	fixDotBlue: autoDraw = False
839.0885 	EXP 	visCueText: text = 'Right'
839.0885 	EXP 	visCueText: autoDraw = True
840.0725 	EXP 	fixDot: autoDraw = True
840.0888 	EXP 	visCueText: autoDraw = False
841.0731 	EXP 	Sound soundStim started
843.8721 	EXP 	Sound soundStim stopped
844.8766 	EXP 	fixDot: autoDraw = False
844.8766 	EXP 	fixDotBlue: autoDraw = True
845.4665 	DATA 	Keypress: num_3
846.2007 	DATA 	Keypress: num_1
846.9488 	DATA 	Keypress: num_1
852.8717 	EXP 	New trial (rep=0, index=20): OrderedDict([('iStimSide', 1), ('iTargSide', 1), ('iSideFirst', 1), ('iStim', 0), ('iGen', 0), ('sylTarg', 132), ('sylDist', 321), ('sylCent', 3121)])
852.9003 	EXP 	visCueText: autoDraw = False
852.9003 	EXP 	fixDot: autoDraw = False
852.9003 	EXP 	fixDotBlue: autoDraw = False
853.8835 	EXP 	visCueText: text = 'Right'
853.8835 	EXP 	visCueText: autoDraw = True
854.8842 	EXP 	visCueText: autoDraw = False
854.8842 	EXP 	fixDot: autoDraw = True
855.8847 	EXP 	Sound soundStim started
858.6824 	EXP 	Sound soundStim stopped
859.6883 	EXP 	fixDot: autoDraw = False
859.6883 	EXP 	fixDotBlue: autoDraw = True
860.3959 	DATA 	Keypress: num_1
860.8461 	DATA 	Keypress: num_3
861.3466 	DATA 	Keypress: num_2
867.6681 	EXP 	New trial (rep=0, index=21): OrderedDict([('iStimSide', 1), ('iTargSide', 1), ('iSideFirst', 0), ('iStim', 0), ('iGen', 1), ('sylTarg', 321), ('sylDist', 213), ('sylCent', 2331)])
867.6955 	EXP 	visCueText: autoDraw = False
867.6955 	EXP 	fixDot: autoDraw = False
867.6955 	EXP 	fixDotBlue: autoDraw = False
868.6783 	EXP 	visCueText: text = 'Right'
868.6783 	EXP 	visCueText: autoDraw = True
869.6794 	EXP 	visCueText: autoDraw = False
869.6794 	EXP 	fixDot: autoDraw = True
870.6802 	EXP 	Sound soundStim started
873.4823 	EXP 	Sound soundStim reached end of file
874.4830 	EXP 	fixDot: autoDraw = False
874.4830 	EXP 	fixDotBlue: autoDraw = True
876.3749 	DATA 	Keypress: num_3
877.1583 	DATA 	Keypress: num_2
877.9428 	DATA 	Keypress: num_1
882.4606 	EXP 	New trial (rep=0, index=22): OrderedDict([('iStimSide', 1), ('iTargSide', 1), ('iSideFirst', 0), ('iStim', 1), ('iGen', 1), ('sylTarg', 113), ('sylDist', 232), ('sylCent', 2121)])
882.4910 	EXP 	visCueText: autoDraw = False
882.4910 	EXP 	fixDot: autoDraw = False
882.4910 	EXP 	fixDotBlue: autoDraw = False
883.4741 	EXP 	visCueText: text = 'Right'
883.4741 	EXP 	visCueText: autoDraw = True
884.4746 	EXP 	visCueText: autoDraw = False
884.4746 	EXP 	fixDot: autoDraw = True
885.4750 	EXP 	Sound soundStim started
888.2709 	EXP 	Sound soundStim stopped
889.2786 	EXP 	fixDot: autoDraw = False
889.2786 	EXP 	fixDotBlue: autoDraw = True
891.1210 	DATA 	Keypress: num_1
891.5877 	DATA 	Keypress: num_1
892.3389 	DATA 	Keypress: num_3
897.2581 	EXP 	New trial (rep=0, index=23): OrderedDict([('iStimSide', 0), ('iTargSide', 0), ('iSideFirst', 1), ('iStim', 1), ('iGen', 0), ('sylTarg', 131), ('sylDist', 313), ('sylCent', 1231)])
897.2859 	EXP 	visCueText: autoDraw = False
897.2859 	EXP 	fixDot: autoDraw = False
897.2859 	EXP 	fixDotBlue: autoDraw = False
898.2859 	EXP 	visCueText: text = 'Left'
898.2859 	EXP 	visCueText: autoDraw = True
899.2697 	EXP 	fixDot: autoDraw = True
899.2868 	EXP 	visCueText: autoDraw = False
900.2705 	EXP 	Sound soundStim started
903.0711 	EXP 	Sound soundStim reached end of file
904.0739 	EXP 	fixDot: autoDraw = False
904.0739 	EXP 	fixDotBlue: autoDraw = True
905.0318 	DATA 	Keypress: num_1
905.9322 	DATA 	Keypress: num_3
906.7169 	DATA 	Keypress: num_1
912.0690 	EXP 	New trial (rep=0, index=24): OrderedDict([('iStimSide', 0), ('iTargSide', 1), ('iSideFirst', 0), ('iStim', 1), ('iGen', 0), ('sylTarg', 121), ('sylDist', 213), ('sylCent', 2221)])
912.0979 	EXP 	visCueText: autoDraw = False
912.0979 	EXP 	fixDot: autoDraw = False
912.0979 	EXP 	fixDotBlue: autoDraw = False
913.0984 	EXP 	visCueText: text = 'Right'
913.0984 	EXP 	visCueText: autoDraw = True
914.0819 	EXP 	fixDot: autoDraw = True
914.0984 	EXP 	visCueText: autoDraw = False
915.0825 	EXP 	Sound soundStim started
917.8813 	EXP 	Sound soundStim stopped
918.8858 	EXP 	fixDot: autoDraw = False
918.8858 	EXP 	fixDotBlue: autoDraw = True
919.5584 	DATA 	Keypress: num_1
920.1602 	DATA 	Keypress: num_2
920.7437 	DATA 	Keypress: num_1
926.8637 	EXP 	New trial (rep=0, index=25): OrderedDict([('iStimSide', 0), ('iTargSide', 0), ('iSideFirst', 0), ('iStim', 1), ('iGen', 1), ('sylTarg', 231), ('sylDist', 112), ('sylCent', 1232)])
926.9106 	EXP 	visCueText: autoDraw = False
926.9106 	EXP 	fixDot: autoDraw = False
926.9106 	EXP 	fixDotBlue: autoDraw = False
927.9097 	EXP 	visCueText: text = 'Left'
927.9097 	EXP 	visCueText: autoDraw = True
928.8935 	EXP 	fixDot: autoDraw = True
928.9105 	EXP 	visCueText: autoDraw = False
929.8946 	EXP 	Sound soundStim started
932.6915 	EXP 	Sound soundStim stopped
933.6807 	EXP 	fixDotBlue: autoDraw = True
933.6976 	EXP 	fixDot: autoDraw = False
934.6530 	DATA 	Keypress: num_1
935.0023 	DATA 	Keypress: num_1
936.0068 	DATA 	Keypress: num_2
941.6593 	EXP 	New trial (rep=0, index=26): OrderedDict([('iStimSide', 1), ('iTargSide', 0), ('iSideFirst', 1), ('iStim', 0), ('iGen', 1), ('sylTarg', 313), ('sylDist', 231), ('sylCent', 1122)])
941.6881 	EXP 	visCueText: autoDraw = False
941.6881 	EXP 	fixDot: autoDraw = False
941.6881 	EXP 	fixDotBlue: autoDraw = False
942.6713 	EXP 	visCueText: text = 'Left'
942.6713 	EXP 	visCueText: autoDraw = True
943.6719 	EXP 	visCueText: autoDraw = False
943.6719 	EXP 	fixDot: autoDraw = True
944.6731 	EXP 	Sound soundStim started
947.4704 	EXP 	Sound soundStim stopped
948.4760 	EXP 	fixDot: autoDraw = False
948.4760 	EXP 	fixDotBlue: autoDraw = True
949.5340 	DATA 	Keypress: num_3
950.1844 	DATA 	Keypress: num_1
950.8176 	DATA 	Keypress: num_3
956.4704 	EXP 	New trial (rep=0, index=27): OrderedDict([('iStimSide', 0), ('iTargSide', 1), ('iSideFirst', 1), ('iStim', 0), ('iGen', 1), ('sylTarg', 121), ('sylDist', 232), ('sylCent', 1131)])
956.5009 	EXP 	visCueText: autoDraw = False
956.5009 	EXP 	fixDot: autoDraw = False
956.5009 	EXP 	fixDotBlue: autoDraw = False
957.5000 	EXP 	visCueText: text = 'Right'
957.5000 	EXP 	visCueText: autoDraw = True
958.4843 	EXP 	fixDot: autoDraw = True
958.5006 	EXP 	visCueText: autoDraw = False
959.4847 	EXP 	Sound soundStim started
962.2806 	EXP 	Sound soundStim stopped
963.2879 	EXP 	fixDot: autoDraw = False
963.2879 	EXP 	fixDotBlue: autoDraw = True
964.0121 	DATA 	Keypress: num_1
964.5621 	DATA 	Keypress: num_2
965.0964 	DATA 	Keypress: num_1
971.2663 	EXP 	New trial (rep=0, index=28): OrderedDict([('iStimSide', 1), ('iTargSide', 1), ('iSideFirst', 1), ('iStim', 0), ('iGen', 1), ('sylTarg', 321), ('sylDist', 213), ('sylCent', 3323)])
971.2959 	EXP 	visCueText: autoDraw = False
971.2959 	EXP 	fixDot: autoDraw = False
971.2959 	EXP 	fixDotBlue: autoDraw = False
972.2783 	EXP 	visCueText: text = 'Right'
972.2783 	EXP 	visCueText: autoDraw = True
973.2793 	EXP 	visCueText: autoDraw = False
973.2793 	EXP 	fixDot: autoDraw = True
974.2799 	EXP 	Sound soundStim started
977.0805 	EXP 	Sound soundStim reached end of file
978.0832 	EXP 	fixDot: autoDraw = False
978.0832 	EXP 	fixDotBlue: autoDraw = True
980.0753 	DATA 	Keypress: num_3
980.6254 	DATA 	Keypress: num_2
981.1423 	DATA 	Keypress: num_3
986.0612 	EXP 	New trial (rep=0, index=29): OrderedDict([('iStimSide', 1), ('iTargSide', 0), ('iSideFirst', 0), ('iStim', 1), ('iGen', 1), ('sylTarg', 123), ('sylDist', 311), ('sylCent', 1212)])
986.0907 	EXP 	visCueText: autoDraw = False
986.0907 	EXP 	fixDot: autoDraw = False
986.0907 	EXP 	fixDotBlue: autoDraw = False
987.0734 	EXP 	visCueText: text = 'Left'
987.0734 	EXP 	visCueText: autoDraw = True
988.0745 	EXP 	visCueText: autoDraw = False
988.0745 	EXP 	fixDot: autoDraw = True
989.0753 	EXP 	Sound soundStim started
991.8755 	EXP 	Sound soundStim reached end of file
992.8781 	EXP 	fixDot: autoDraw = False
992.8781 	EXP 	fixDotBlue: autoDraw = True
993.3527 	DATA 	Keypress: num_1
993.8170 	DATA 	Keypress: num_2
994.3706 	DATA 	Keypress: num_3
1000.8576 	EXP 	New trial (rep=0, index=30): OrderedDict([('iStimSide', 1), ('iTargSide', 0), ('iSideFirst', 1), ('iStim', 1), ('iGen', 0), ('sylTarg', 131), ('sylDist', 312), ('sylCent', 1232)])
1000.8859 	EXP 	visCueText: autoDraw = False
1000.8859 	EXP 	fixDot: autoDraw = False
1000.8859 	EXP 	fixDotBlue: autoDraw = False
1001.8689 	EXP 	visCueText: text = 'Left'
1001.8689 	EXP 	visCueText: autoDraw = True
1002.8698 	EXP 	visCueText: autoDraw = False
1002.8698 	EXP 	fixDot: autoDraw = True
1003.8704 	EXP 	Sound soundStim started
1006.6691 	EXP 	Sound soundStim stopped
1007.6733 	EXP 	fixDot: autoDraw = False
1007.6733 	EXP 	fixDotBlue: autoDraw = True
1008.6309 	DATA 	Keypress: num_1
1009.2824 	DATA 	Keypress: num_3
1009.9656 	DATA 	Keypress: num_1
1015.6688 	EXP 	New trial (rep=0, index=31): OrderedDict([('iStimSide', 1), ('iTargSide', 1), ('iSideFirst', 0), ('iStim', 1), ('iGen', 0), ('sylTarg', 213), ('sylDist', 332), ('sylCent', 2322)])
1015.6976 	EXP 	visCueText: autoDraw = False
1015.6976 	EXP 	fixDot: autoDraw = False
1015.6976 	EXP 	fixDotBlue: autoDraw = False
1016.6977 	EXP 	visCueText: text = 'Right'
1016.6977 	EXP 	visCueText: autoDraw = True
1017.6815 	EXP 	fixDot: autoDraw = True
1017.6979 	EXP 	visCueText: autoDraw = False
1018.6822 	EXP 	Sound soundStim started
1021.4796 	EXP 	Sound soundStim stopped
1022.4855 	EXP 	fixDot: autoDraw = False
1022.4855 	EXP 	fixDotBlue: autoDraw = True
1023.3942 	DATA 	Keypress: num_2
1023.9595 	DATA 	Keypress: num_1
1024.7276 	DATA 	Keypress: num_3
1030.4928 	EXP 	visCueText: autoDraw = False
1030.4928 	EXP 	fixDot: autoDraw = False
1030.4928 	EXP 	fixDotBlue: autoDraw = False
1030.4928 	EXP 	blockEndText: text = 'End of Block 4\nYour accuracy: 87.50\nPress space to begin next block'
1030.4928 	EXP 	blockEndText: autoDraw = True
1232.0099 	EXP 	New trial (rep=4, index=0): None
1232.0246 	EXP 	Imported C:\Users\Lab Admin\Documents\AlexP\stim_v2\trialInfo\2\5.csv as conditions, 32 conditions, 8 params
1232.0252 	EXP 	Created sequence: sequential, trialTypes=32, nReps=1, seed=None
1232.0380 	EXP 	blockEndText: autoDraw = False
1234.5264 	DATA 	Keypress: space
1234.7089 	DATA 	Keypress: space
1234.8591 	DATA 	Keypress: space
1235.0093 	DATA 	Keypress: space
1237.6810 	EXP 	window1: mouseVisible = True
