0.4937 	WARNING 	Speech-to-text recognition module not available (use command `pip install SpeechRecognition` to get it. Transcription will be unavailable.
10.3651 	WARNING 	Requested an unavailable screen number - using first available.
10.8905 	EXP 	Created window1 = Window(allowGUI=False, allowStencil=False, autoLog=True, backendConf=UNKNOWN, bitsMode=UNKNOWN, blendMode='avg', bpc=(8, 8, 8), color=array([-1, -1, -1]), colorSpace='rgb', depthBits=8, fullscr=<method-wrapper '__getattribute__' of attributeSetter object at 0x000001840567A6A0>, gamma=None, gammaErrorPolicy='raise', lms=UNKNOWN, monitor=<psychopy.monitors.calibTools.Monitor object at 0x000001839A5651D0>, multiSample=False, name='window1', numSamples=2, pos=[360.0, 300.0], screen=1, size=array([1200,  600]), stencilBits=0, stereo=False, units='height', useFBO=True, useRetina=False, viewOri=0.0, viewPos=None, viewScale=None, waitBlanking=True, winType='pyglet')
10.8911 	EXP 	window1: mouseVisible = True
10.8912 	EXP 	window1: recordFrameIntervals = False
11.0554 	EXP 	window1: recordFrameIntervals = True
11.2396 	EXP 	window1: recordFrameIntervals = False
11.7137 	EXP 	Created expStartText = TextStim(__class__=<class 'psychopy.visual.text.TextStim'>, alignHoriz=method-wrapper(...), alignText='center', alignVert=method-wrapper(...), anchorHoriz='center', anchorVert='center', antialias=True, autoLog=True, bold=False, color=array([1., 1., 1.]), colorSpace='rgb', contrast=1.0, depth=0.0, flipHoriz=False, flipVert=False, font='Open Sans', fontFiles=[], height=0.025, italic=False, languageStyle='LTR', name='expStartText', opacity=1, ori=0.0, pos=array([0., 0.]), rgb=UNKNOWN, text='Press space to begin', units='height', win=Window(...), wrapWidth=1)
11.7190 	EXP 	Created blockStartText = TextStim(__class__=<class 'psychopy.visual.text.TextStim'>, alignHoriz=method-wrapper(...), alignText='center', alignVert=method-wrapper(...), anchorHoriz='center', anchorVert='center', antialias=True, autoLog=True, bold=False, color=array([1., 1., 1.]), colorSpace='rgb', contrast=1.0, depth=0.0, flipHoriz=False, flipVert=False, font='Open Sans', fontFiles=[], height=0.025, italic=False, languageStyle='LTR', name='blockStartText', opacity=1, ori=0.0, pos=array([0., 0.]), rgb=UNKNOWN, text='Block 1 of 1\nPress space to begin', units='height', win=Window(...), wrapWidth=1)
11.7213 	EXP 	Created visCueText = TextStim(__class__=<class 'psychopy.visual.text.TextStim'>, alignHoriz=method-wrapper(...), alignText='center', alignVert=method-wrapper(...), anchorHoriz='center', anchorVert='center', antialias=True, autoLog=True, bold=False, color=array([1., 1., 1.]), colorSpace='rgb', contrast=1.0, depth=0.0, flipHoriz=False, flipVert=False, font='Open Sans', fontFiles=[], height=0.025, italic=False, languageStyle='LTR', name='visCueText', opacity=1, ori=0.0, pos=array([0., 0.]), rgb=UNKNOWN, text='Test', units='height', win=Window(...), wrapWidth=1)
11.7260 	EXP 	Created fixDot = ShapeStim(__class__=<class 'psychopy.visual.shape.ShapeStim'>, autoDraw=False, autoLog=True, closeShape=True, color=method-wrapper(...), colorSpace='rgb', contrast=None, depth=-1.0, fillColor=array([1, 1, 1]), fillColorSpace='rgb', fillRGB=array([1, 1, 1]), interpolate=True, lineColor=array([1., 1., 1.]), lineColorSpace='rgb', lineRGB=array([1, 1, 1]), lineWidth=1.0, name='fixDot', opacity=1, ori=0.0, pos=array([0., 0.]), size=array([0.015, 0.015]), units='height', vertices=ndarray(...), win=Window(...), windingRule=None)
11.7299 	EXP 	Created fixDotBlue = ShapeStim(__class__=<class 'psychopy.visual.shape.ShapeStim'>, autoDraw=False, autoLog=True, closeShape=True, color=method-wrapper(...), colorSpace='rgb', contrast=None, depth=-2.0, fillColor=array([-1, -1,  1]), fillColorSpace='rgb', fillRGB=array([-1, -1,  1]), interpolate=True, lineColor=array([-1., -1.,  1.]), lineColorSpace='rgb', lineRGB=array([-1, -1,  1]), lineWidth=1.0, name='fixDotBlue', opacity=1, ori=0.0, pos=array([0., 0.]), size=array([0.015, 0.015]), units='height', vertices=ndarray(...), win=Window(...), windingRule=None)
11.8474 	EXP 	Sound soundStim set volume 0.000
11.8522 	EXP 	Created blockEndText = TextStim(__class__=<class 'psychopy.visual.text.TextStim'>, alignHoriz=method-wrapper(...), alignText='center', alignVert=method-wrapper(...), anchorHoriz='center', anchorVert='center', antialias=True, autoLog=True, bold=False, color=array([1., 1., 1.]), colorSpace='rgb', contrast=1.0, depth=0.0, flipHoriz=False, flipVert=False, font='Open Sans', fontFiles=[], height=0.025, italic=False, languageStyle='LTR', name='blockEndText', opacity=1, ori=0.0, pos=array([0., 0.]), rgb=UNKNOWN, text=str(...), units='height', win=Window(...), wrapWidth=1)
11.8571 	EXP 	Created expEndText = TextStim(__class__=<class 'psychopy.visual.text.TextStim'>, alignHoriz=method-wrapper(...), alignText='center', alignVert=method-wrapper(...), anchorHoriz='center', anchorVert='center', antialias=True, autoLog=True, bold=False, color=array([1., 1., 1.]), colorSpace='rgb', contrast=1.0, depth=0.0, flipHoriz=False, flipVert=False, font='Open Sans', fontFiles=[], height=0.025, italic=False, languageStyle='LTR', name='expEndText', opacity=1, ori=0.0, pos=array([0., 0.]), rgb=UNKNOWN, text='End of experiment! \nPlease stay seated.', units='height', win=Window(...), wrapWidth=1)
11.8899 	EXP 	expStartText: autoDraw = True
14.1800 	DATA 	Keypress: escape
14.2834 	EXP 	window1: mouseVisible = True
0.4787 	WARNING 	Speech-to-text recognition module not available (use command `pip install SpeechRecognition` to get it. Transcription will be unavailable.
5.9734 	WARNING 	Requested an unavailable screen number - using first available.
6.4894 	EXP 	Created window1 = Window(allowGUI=False, allowStencil=False, autoLog=True, backendConf=UNKNOWN, bitsMode=UNKNOWN, blendMode='avg', bpc=(8, 8, 8), color=array([-1, -1, -1]), colorSpace='rgb', depthBits=8, fullscr=<method-wrapper '__getattribute__' of attributeSetter object at 0x0000015F85A3A6A0>, gamma=None, gammaErrorPolicy='raise', lms=UNKNOWN, monitor=<psychopy.monitors.calibTools.Monitor object at 0x0000015F7FD54208>, multiSample=False, name='window1', numSamples=2, pos=[360.0, 300.0], screen=1, size=array([1200,  600]), stencilBits=0, stereo=False, units='height', useFBO=True, useRetina=False, viewOri=0.0, viewPos=None, viewScale=None, waitBlanking=True, winType='pyglet')
6.4900 	EXP 	window1: mouseVisible = True
6.4901 	EXP 	window1: recordFrameIntervals = False
6.6545 	EXP 	window1: recordFrameIntervals = True
6.8383 	EXP 	window1: recordFrameIntervals = False
7.3077 	EXP 	Created expStartText = TextStim(__class__=<class 'psychopy.visual.text.TextStim'>, alignHoriz=method-wrapper(...), alignText='center', alignVert=method-wrapper(...), anchorHoriz='center', anchorVert='center', antialias=True, autoLog=True, bold=False, color=array([1., 1., 1.]), colorSpace='rgb', contrast=1.0, depth=0.0, flipHoriz=False, flipVert=False, font='Open Sans', fontFiles=[], height=0.025, italic=False, languageStyle='LTR', name='expStartText', opacity=1, ori=0.0, pos=array([0., 0.]), rgb=UNKNOWN, text='Press space to begin', units='height', win=Window(...), wrapWidth=1)
7.3129 	EXP 	Created blockStartText = TextStim(__class__=<class 'psychopy.visual.text.TextStim'>, alignHoriz=method-wrapper(...), alignText='center', alignVert=method-wrapper(...), anchorHoriz='center', anchorVert='center', antialias=True, autoLog=True, bold=False, color=array([1., 1., 1.]), colorSpace='rgb', contrast=1.0, depth=0.0, flipHoriz=False, flipVert=False, font='Open Sans', fontFiles=[], height=0.025, italic=False, languageStyle='LTR', name='blockStartText', opacity=1, ori=0.0, pos=array([0., 0.]), rgb=UNKNOWN, text='Block 1 of 1\nPress space to begin', units='height', win=Window(...), wrapWidth=1)
7.3152 	EXP 	Created visCueText = TextStim(__class__=<class 'psychopy.visual.text.TextStim'>, alignHoriz=method-wrapper(...), alignText='center', alignVert=method-wrapper(...), anchorHoriz='center', anchorVert='center', antialias=True, autoLog=True, bold=False, color=array([1., 1., 1.]), colorSpace='rgb', contrast=1.0, depth=0.0, flipHoriz=False, flipVert=False, font='Open Sans', fontFiles=[], height=0.025, italic=False, languageStyle='LTR', name='visCueText', opacity=1, ori=0.0, pos=array([0., 0.]), rgb=UNKNOWN, text='Test', units='height', win=Window(...), wrapWidth=1)
7.3201 	EXP 	Created fixDot = ShapeStim(__class__=<class 'psychopy.visual.shape.ShapeStim'>, autoDraw=False, autoLog=True, closeShape=True, color=method-wrapper(...), colorSpace='rgb', contrast=None, depth=-1.0, fillColor=array([1, 1, 1]), fillColorSpace='rgb', fillRGB=array([1, 1, 1]), interpolate=True, lineColor=array([1., 1., 1.]), lineColorSpace='rgb', lineRGB=array([1, 1, 1]), lineWidth=1.0, name='fixDot', opacity=1, ori=0.0, pos=array([0., 0.]), size=array([0.015, 0.015]), units='height', vertices=ndarray(...), win=Window(...), windingRule=None)
7.3238 	EXP 	Created fixDotBlue = ShapeStim(__class__=<class 'psychopy.visual.shape.ShapeStim'>, autoDraw=False, autoLog=True, closeShape=True, color=method-wrapper(...), colorSpace='rgb', contrast=None, depth=-2.0, fillColor=array([-1, -1,  1]), fillColorSpace='rgb', fillRGB=array([-1, -1,  1]), interpolate=True, lineColor=array([-1., -1.,  1.]), lineColorSpace='rgb', lineRGB=array([-1, -1,  1]), lineWidth=1.0, name='fixDotBlue', opacity=1, ori=0.0, pos=array([0., 0.]), size=array([0.015, 0.015]), units='height', vertices=ndarray(...), win=Window(...), windingRule=None)
7.4478 	EXP 	Sound soundStim set volume 0.000
7.4527 	EXP 	Created blockEndText = TextStim(__class__=<class 'psychopy.visual.text.TextStim'>, alignHoriz=method-wrapper(...), alignText='center', alignVert=method-wrapper(...), anchorHoriz='center', anchorVert='center', antialias=True, autoLog=True, bold=False, color=array([1., 1., 1.]), colorSpace='rgb', contrast=1.0, depth=0.0, flipHoriz=False, flipVert=False, font='Open Sans', fontFiles=[], height=0.025, italic=False, languageStyle='LTR', name='blockEndText', opacity=1, ori=0.0, pos=array([0., 0.]), rgb=UNKNOWN, text=str(...), units='height', win=Window(...), wrapWidth=1)
7.4573 	EXP 	Created expEndText = TextStim(__class__=<class 'psychopy.visual.text.TextStim'>, alignHoriz=method-wrapper(...), alignText='center', alignVert=method-wrapper(...), anchorHoriz='center', anchorVert='center', antialias=True, autoLog=True, bold=False, color=array([1., 1., 1.]), colorSpace='rgb', contrast=1.0, depth=0.0, flipHoriz=False, flipVert=False, font='Open Sans', fontFiles=[], height=0.025, italic=False, languageStyle='LTR', name='expEndText', opacity=1, ori=0.0, pos=array([0., 0.]), rgb=UNKNOWN, text='End of experiment! \nPlease stay seated.', units='height', win=Window(...), wrapWidth=1)
7.4893 	EXP 	expStartText: autoDraw = True
8.2786 	DATA 	Keypress: space
9.1472 	EXP 	Created sequence: sequential, trialTypes=1, nReps=6, seed=None
9.1480 	EXP 	New trial (rep=0, index=0): None
9.1605 	EXP 	Imported C:\Users\Lab Admin\Documents\AlexP\stim_v2\trialInfo\2\1.csv as conditions, 32 conditions, 8 params
9.1608 	EXP 	Created sequence: sequential, trialTypes=32, nReps=1, seed=None
9.1627 	DATA 	Keypress: space
9.1719 	EXP 	expStartText: autoDraw = False
19.1630 	EXP 	blockStartText: text = 'Block 1 of 6\n Press space to continue'
19.1630 	EXP 	blockStartText: autoDraw = True
29.3593 	EXP 	Imported C:\Users\Lab Admin\Documents\AlexP\stim_v2\trialInfo\2\1.csv as conditions, 32 conditions, 8 params
29.3599 	EXP 	Created sequence: sequential, trialTypes=32, nReps=1, seed=None
29.3605 	EXP 	New trial (rep=0, index=0): OrderedDict([('iStimSide', 0), ('iTargSide', 1), ('iSideFirst', 0), ('iStim', 0), ('iGen', 0), ('sylTarg', 312), ('sylDist', 121), ('sylCent', 1311)])
29.3722 	DATA 	Keypress: space
29.3889 	EXP 	blockStartText: autoDraw = False
30.3712 	EXP 	visCueText: text = 'Right'
30.3712 	EXP 	visCueText: autoDraw = True
31.3741 	EXP 	visCueText: autoDraw = False
31.3741 	EXP 	fixDot: autoDraw = True
32.3744 	EXP 	Sound soundStim started
35.1770 	EXP 	Sound soundStim reached end of file
36.1783 	EXP 	fixDot: autoDraw = False
36.1783 	EXP 	fixDotBlue: autoDraw = True
37.5991 	DATA 	Keypress: escape
37.7176 	EXP 	window1: mouseVisible = True
