0.4610 	WARNING 	Speech-to-text recognition module not available (use command `pip install SpeechRecognition` to get it. Transcription will be unavailable.
6.6662 	WARNING 	Requested an unavailable screen number - using first available.
7.2560 	EXP 	Created window1 = Window(allowGUI=False, allowStencil=False, autoLog=True, backendConf=UNKNOWN, bitsMode=UNKNOWN, blendMode='avg', bpc=(8, 8, 8), color=array([-1, -1, -1]), colorSpace='rgb', depthBits=8, fullscr=<method-wrapper '__getattribute__' of attributeSetter object at 0x000001938567A710>, gamma=None, gammaErrorPolicy='raise', lms=UNKNOWN, monitor=<psychopy.monitors.calibTools.Monitor object at 0x0000019386DF76A0>, multiSample=False, name='window1', numSamples=2, pos=[360.0, 300.0], screen=1, size=array([1200,  600]), stencilBits=0, stereo=False, units='height', useFBO=True, useRetina=False, viewOri=0.0, viewPos=None, viewScale=None, waitBlanking=True, winType='pyglet')
7.2562 	EXP 	window1: mouseVisible = True
7.2562 	EXP 	window1: recordFrameIntervals = False
7.4219 	EXP 	window1: recordFrameIntervals = True
7.6055 	EXP 	window1: recordFrameIntervals = False
8.1625 	EXP 	Created expStartText = TextStim(__class__=<class 'psychopy.visual.text.TextStim'>, alignHoriz=method-wrapper(...), alignText='center', alignVert=method-wrapper(...), anchorHoriz='center', anchorVert='center', antialias=True, autoLog=True, bold=False, color=array([1., 1., 1.]), colorSpace='rgb', contrast=1.0, depth=0.0, flipHoriz=False, flipVert=False, font='Open Sans', fontFiles=[], height=0.025, italic=False, languageStyle='LTR', name='expStartText', opacity=1, ori=0.0, pos=array([0., 0.]), rgb=UNKNOWN, text='Press space to begin', units='height', win=Window(...), wrapWidth=1)
8.1745 	EXP 	Created blockStartText = TextStim(__class__=<class 'psychopy.visual.text.TextStim'>, alignHoriz=method-wrapper(...), alignText='center', alignVert=method-wrapper(...), anchorHoriz='center', anchorVert='center', antialias=True, autoLog=True, bold=False, color=array([1., 1., 1.]), colorSpace='rgb', contrast=1.0, depth=0.0, flipHoriz=False, flipVert=False, font='Open Sans', fontFiles=[], height=0.025, italic=False, languageStyle='LTR', name='blockStartText', opacity=1, ori=0.0, pos=array([0., 0.]), rgb=UNKNOWN, text='Block 1 of 1\nPress space to begin', units='height', win=Window(...), wrapWidth=1)
8.1776 	EXP 	Created visCueText = TextStim(__class__=<class 'psychopy.visual.text.TextStim'>, alignHoriz=method-wrapper(...), alignText='center', alignVert=method-wrapper(...), anchorHoriz='center', anchorVert='center', antialias=True, autoLog=True, bold=False, color=array([1., 1., 1.]), colorSpace='rgb', contrast=1.0, depth=0.0, flipHoriz=False, flipVert=False, font='Open Sans', fontFiles=[], height=0.025, italic=False, languageStyle='LTR', name='visCueText', opacity=1, ori=0.0, pos=array([0., 0.]), rgb=UNKNOWN, text='Test', units='height', win=Window(...), wrapWidth=1)
8.1832 	EXP 	Created fixDot = ShapeStim(__class__=<class 'psychopy.visual.shape.ShapeStim'>, autoDraw=False, autoLog=True, closeShape=True, color=method-wrapper(...), colorSpace='rgb', contrast=None, depth=-1.0, fillColor=array([1, 1, 1]), fillColorSpace='rgb', fillRGB=array([1, 1, 1]), interpolate=True, lineColor=array([1., 1., 1.]), lineColorSpace='rgb', lineRGB=array([1, 1, 1]), lineWidth=1.0, name='fixDot', opacity=1, ori=0.0, pos=array([0., 0.]), size=array([0.015, 0.015]), units='height', vertices=ndarray(...), win=Window(...), windingRule=None)
8.1870 	EXP 	Created fixDotBlue = ShapeStim(__class__=<class 'psychopy.visual.shape.ShapeStim'>, autoDraw=False, autoLog=True, closeShape=True, color=method-wrapper(...), colorSpace='rgb', contrast=None, depth=-2.0, fillColor=array([-1, -1,  1]), fillColorSpace='rgb', fillRGB=array([-1, -1,  1]), interpolate=True, lineColor=array([-1., -1.,  1.]), lineColorSpace='rgb', lineRGB=array([-1, -1,  1]), lineWidth=1.0, name='fixDotBlue', opacity=1, ori=0.0, pos=array([0., 0.]), size=array([0.015, 0.015]), units='height', vertices=ndarray(...), win=Window(...), windingRule=None)
8.3198 	EXP 	Sound soundStim set volume 0.000
8.3263 	EXP 	Created blockEndText = TextStim(__class__=<class 'psychopy.visual.text.TextStim'>, alignHoriz=method-wrapper(...), alignText='center', alignVert=method-wrapper(...), anchorHoriz='center', anchorVert='center', antialias=True, autoLog=True, bold=False, color=array([1., 1., 1.]), colorSpace='rgb', contrast=1.0, depth=0.0, flipHoriz=False, flipVert=False, font='Open Sans', fontFiles=[], height=0.025, italic=False, languageStyle='LTR', name='blockEndText', opacity=1, ori=0.0, pos=array([0., 0.]), rgb=UNKNOWN, text=str(...), units='height', win=Window(...), wrapWidth=1)
8.3330 	EXP 	Created expEndText = TextStim(__class__=<class 'psychopy.visual.text.TextStim'>, alignHoriz=method-wrapper(...), alignText='center', alignVert=method-wrapper(...), anchorHoriz='center', anchorVert='center', antialias=True, autoLog=True, bold=False, color=array([1., 1., 1.]), colorSpace='rgb', contrast=1.0, depth=0.0, flipHoriz=False, flipVert=False, font='Open Sans', fontFiles=[], height=0.025, italic=False, languageStyle='LTR', name='expEndText', opacity=1, ori=0.0, pos=array([0., 0.]), rgb=UNKNOWN, text='End of experiment! \nPlease stay seated.', units='height', win=Window(...), wrapWidth=1)
8.3720 	EXP 	expStartText: autoDraw = True
9.1773 	DATA 	Keypress: space
10.0119 	DATA 	Keypress: space
10.0333 	EXP 	Created sequence: sequential, trialTypes=1, nReps=1, seed=None
10.0339 	EXP 	New trial (rep=0, index=0): None
10.0559 	EXP 	Imported C:\Users\Lab Admin\Documents\AlexP\stim_v2\trialInfo\StairCase\1.csv as conditions, 32 conditions, 8 params
10.0562 	EXP 	Created sequence: sequential, trialTypes=32, nReps=1, seed=None
10.0747 	EXP 	expStartText: autoDraw = False
20.0323 	EXP 	blockStartText: text = 'Block 1 of 1\n Press space to continue'
20.0323 	EXP 	blockStartText: autoDraw = True
20.9935 	DATA 	Mouse: Left button down, pos=(883,285)
21.0880 	DATA 	Mouse:  Left button up, pos=(882,285)
21.5877 	DATA 	Keypress: space
21.6085 	EXP 	Imported C:\Users\Lab Admin\Documents\AlexP\stim_v2\trialInfo\StairCase\1.csv as conditions, 32 conditions, 8 params
21.6088 	EXP 	Created sequence: sequential, trialTypes=32, nReps=1, seed=None
21.6091 	EXP 	New trial (rep=0, index=0): OrderedDict([('iStimSide', 0), ('iTargSide', 1), ('iSideFirst', 0), ('iStim', 0), ('iGen', 0), ('sylTarg', 221), ('sylDist', 133), ('sylCent', 1123)])
21.6348 	EXP 	blockStartText: autoDraw = False
22.6174 	EXP 	visCueText: text = 'Right'
22.6174 	EXP 	visCueText: autoDraw = True
23.6184 	EXP 	visCueText: autoDraw = False
23.6184 	EXP 	fixDot: autoDraw = True
24.6207 	EXP 	Sound soundStim started
27.4193 	EXP 	Sound soundStim stopped
28.4220 	EXP 	fixDot: autoDraw = False
28.4220 	EXP 	fixDotBlue: autoDraw = True
36.4138 	EXP 	New trial (rep=0, index=1): OrderedDict([('iStimSide', 1), ('iTargSide', 0), ('iSideFirst', 1), ('iStim', 0), ('iGen', 0), ('sylTarg', 313), ('sylDist', 232), ('sylCent', 3322)])
36.4314 	EXP 	visCueText: autoDraw = False
36.4314 	EXP 	fixDot: autoDraw = False
36.4314 	EXP 	fixDotBlue: autoDraw = False
37.4134 	EXP 	visCueText: text = 'Left'
37.4134 	EXP 	visCueText: autoDraw = True
38.4166 	EXP 	visCueText: autoDraw = False
38.4166 	EXP 	fixDot: autoDraw = True
39.4171 	EXP 	Sound soundStim started
42.2191 	EXP 	Sound soundStim reached end of file
43.2180 	EXP 	fixDot: autoDraw = False
43.2180 	EXP 	fixDotBlue: autoDraw = True
47.4943 	DATA 	Mouse: Left button down, pos=(877,137)
47.5936 	DATA 	Mouse:  Left button up, pos=(877,137)
48.4766 	DATA 	Keypress: escape
48.5881 	EXP 	window1: mouseVisible = True
